<?xml version="1.0" encoding="UTF-8"?>
<testsuites name="Блок руководителя под разными учётками" time="1413.408" tests="1" failures="0" errors="0">
   <testsuite name="Блок руководителя под разными учётками" tests="1" failures="0" errors="0" time="1413.408" skipped="0" timestamp="2023-11-15 06:40:51" hostname="liazgina-di - UVV-WS904-D.ot.ru" id="Test Suites/Пн-Ср-Пт/Блок руководителя под разными учётками">
      <properties>
         <property name="deviceName" value=""/>
         <property name="devicePlatform" value=""/>
         <property name="logFolder" value="C:\\Users\\LIAZGINA-DI\\git\\SPORU\\Reports\\20231115_064048\\\u041F\u043D-\u0421\u0440-\u041F\u0442\\\u0411\u043B\u043E\u043A \u0440\u0443\u043A\u043E\u0432\u043E\u0434\u0438\u0442\u0435\u043B\u044F \u043F\u043E\u0434 \u0440\u0430\u0437\u043D\u044B\u043C\u0438 \u0443\u0447\u0451\u0442\u043A\u0430\u043C\u0438\\20231115_064048"/>
         <property name="logFiles" value="C:\\Users\\LIAZGINA-DI\\git\\SPORU\\Reports\\20231115_064048\\\u041F\u043D-\u0421\u0440-\u041F\u0442\\\u0411\u043B\u043E\u043A \u0440\u0443\u043A\u043E\u0432\u043E\u0434\u0438\u0442\u0435\u043B\u044F \u043F\u043E\u0434 \u0440\u0430\u0437\u043D\u044B\u043C\u0438 \u0443\u0447\u0451\u0442\u043A\u0430\u043C\u0438\\20231115_064048\\execution0.log"/>
         <property name="attachments" value=""/>
         <property name="hostName" value="liazgina-di - UVV-WS904-D.ot.ru"/>
         <property name="os" value="Windows 10 64bit"/>
         <property name="katalonVersion" value="8.6.8.208"/>
         <property name="browser" value="Chrome 119.0.0.0"/>
         <property name="hostAddress" value="192.168.0.19"/>
         <property name="sessionId" value="78603cc9b8c90aa757b2f0c4d75563ce"/>
         <property name="seleniumVersion" value="3.141.59"/>
         <property name="proxyInformation" value="ProxyInformation { proxyOption=NO_PROXY, proxyServerType=HTTP, username=, password=********, proxyServerAddress=, proxyServerPort=0, executionList=&quot;&quot;, isApplyToDesiredCapabilities=true }"/>
         <property name="platform" value="Windows 10"/>
      </properties>
      <testcase name="Test Cases/Сверки дашбордов/Блок руководителя сверка дашбордов под разными учётками" time="1413.083" classname="Test Cases/Сверки дашбордов/Блок руководителя сверка дашбордов под разными учётками" status="PASSED">
         <system-out><![CDATA[2023-11-15 06:40:51 - [TEST_CASE][PASSED] - Test Cases/Сверки дашбордов/Блок руководителя сверка дашбордов под разными учётками: Test Cases/Сверки дашбордов/Блок руководителя сверка дашбордов под разными учётками

2023-11-15 06:40:52 - [TEST_STEP][PASSED] - run = 1: null

2023-11-15 06:40:52 - [TEST_STEP][PASSED] - data = findTestData("PlanFact"): null

2023-11-15 06:40:52 - [TEST_STEP][PASSED] - n = <not implemented yet for class: org.codehaus.groovy.ast.expr.EmptyExpression>: null

2023-11-15 06:40:52 - [TEST_STEP][PASSED] - dashboardName = <not implemented yet for class: org.codehaus.groovy.ast.expr.EmptyExpression>: null

2023-11-15 06:40:52 - [TEST_STEP][PASSED] - a1 = <not implemented yet for class: org.codehaus.groovy.ast.expr.EmptyExpression>: null

2023-11-15 06:40:52 - [TEST_STEP][PASSED] - a2 = <not implemented yet for class: org.codehaus.groovy.ast.expr.EmptyExpression>: null

2023-11-15 06:40:52 - [TEST_STEP][PASSED] - a3 = <not implemented yet for class: org.codehaus.groovy.ast.expr.EmptyExpression>: null

2023-11-15 06:40:52 - [TEST_STEP][PASSED] - a4 = <not implemented yet for class: org.codehaus.groovy.ast.expr.EmptyExpression>: null

2023-11-15 06:40:52 - [TEST_STEP][PASSED] - a5 = <not implemented yet for class: org.codehaus.groovy.ast.expr.EmptyExpression>: null

2023-11-15 06:40:52 - [TEST_STEP][PASSED] - a6 = <not implemented yet for class: org.codehaus.groovy.ast.expr.EmptyExpression>: null

2023-11-15 06:40:52 - [TEST_STEP][PASSED] - a7 = <not implemented yet for class: org.codehaus.groovy.ast.expr.EmptyExpression>: null

2023-11-15 06:40:52 - [TEST_STEP][PASSED] - a8 = <not implemented yet for class: org.codehaus.groovy.ast.expr.EmptyExpression>: null

2023-11-15 06:40:52 - [TEST_STEP][PASSED] - a9 = <not implemented yet for class: org.codehaus.groovy.ast.expr.EmptyExpression>: null

2023-11-15 06:40:52 - [TEST_STEP][PASSED] - user = <not implemented yet for class: org.codehaus.groovy.ast.expr.EmptyExpression>: null

2023-11-15 06:40:52 - [TEST_STEP][PASSED] - for ([run = 1, run < 4, (run++)]): null

2023-11-15 06:40:52 - [TEST_STEP][PASSED] - VipolnenieBiznesPlana(user, dashboardName, n, data, run, a1, a2, a3, a4, a5, a6, a7, a8, a9): null

2023-11-15 06:40:52 - [TEST_STEP][PASSED] - n = data.getRowNumbers() + 1: null

2023-11-15 06:40:52 - [TEST_STEP][PASSED] - println(n): null

2023-11-15 06:40:52 - [TEST_STEP][PASSED] - dashboardName = "Выполнение бизнес-плана": null

2023-11-15 06:40:52 - [TEST_STEP][PASSED] - openBrowser(""): Browser is opened with url: ''

2023-11-15 06:40:53 - [MESSAGE][INFO] - Starting 'Chrome' driver

2023-11-15 06:40:53 - [MESSAGE][INFO] - Action delay is set to 0 milliseconds

2023-11-15 06:40:55 - [MESSAGE][PASSED] - Browser is opened with url: ''

2023-11-15 06:40:55 - [TEST_STEP][PASSED] - navigateToUrl(findTestData("PlanFact").getValue(10, 1)): Navigate to 'https://bi.rosseti.digital/viewer?dashboardGuid=d154a8eaf6824e2b9de1bb04dd061c18&sheetGuid=1305e8ce744049e1abdacea1ea397a26&fit=true' successfully

2023-11-15 06:40:58 - [MESSAGE][PASSED] - Navigate to 'https://bi.rosseti.digital/viewer?dashboardGuid=d154a8eaf6824e2b9de1bb04dd061c18&sheetGuid=1305e8ce744049e1abdacea1ea397a26&fit=true' successfully

2023-11-15 06:40:58 - [TEST_STEP][PASSED] - setText(findTestObject("Страница авторизации/input__username"), findTestData("PlanFact").getValue(8, run)): Text 'liazgina-di' is set on object 'Object Repository/Страница авторизации/input__username'

2023-11-15 06:41:00 - [MESSAGE][PASSED] - Text 'liazgina-di' is set on object 'Object Repository/Страница авторизации/input__username'

2023-11-15 06:41:00 - [TEST_STEP][PASSED] - setText(findTestObject("Страница авторизации/input__password"), findTestData("PlanFact").getValue(9, run)): Text 'Vn9AmwC88opu7pTtOO' is set on object 'Object Repository/Страница авторизации/input__password'

2023-11-15 06:41:01 - [MESSAGE][PASSED] - Text 'Vn9AmwC88opu7pTtOO' is set on object 'Object Repository/Страница авторизации/input__password'

2023-11-15 06:41:01 - [TEST_STEP][PASSED] - click(findTestObject("Страница авторизации/button_")): Object: 'Object Repository/Страница авторизации/button_' is clicked on

2023-11-15 06:41:02 - [MESSAGE][PASSED] - Object: 'Object Repository/Страница авторизации/button_' is clicked on

2023-11-15 06:41:02 - [TEST_STEP][PASSED] - delay(40): Delayed 40 second(s)

2023-11-15 06:41:42 - [MESSAGE][PASSED] - Delayed 40 second(s)

2023-11-15 06:41:42 - [TEST_STEP][PASSED] - Script1686231490255.ZakrytOpoveshenie(): null

2023-11-15 06:41:42 - [TEST_STEP][PASSED] - opoveshenie = getText(findTestObject("Выполнение бизнес-плана/Просьба обратить внимание")): Text of object 'Object Repository/Выполнение бизнес-плана/Просьба обратить внимание' is: 'Просьба обратить внимание'

2023-11-15 06:41:52 - [MESSAGE][PASSED] - Text of object 'Object Repository/Выполнение бизнес-плана/Просьба обратить внимание' is: 'Просьба обратить внимание'

2023-11-15 06:41:52 - [TEST_STEP][PASSED] - println(opoveshenie): null

2023-11-15 06:41:52 - [TEST_STEP][PASSED] - if (opoveshenie == "Просьба обратить внимание"): Object: 'Object Repository/Выполнение бизнес-плана/Закрыть оповещение' is clicked on

2023-11-15 06:41:52 - [TEST_STEP][PASSED] - click(findTestObject("Выполнение бизнес-плана/Закрыть оповещение")): Object: 'Object Repository/Выполнение бизнес-плана/Закрыть оповещение' is clicked on

2023-11-15 06:41:52 - [MESSAGE][PASSED] - Object: 'Object Repository/Выполнение бизнес-плана/Закрыть оповещение' is clicked on

2023-11-15 06:41:52 - [TEST_STEP][PASSED] - click(findTestObject("Object Repository/Выполнение бизнес-плана/Фильтр Дата")): Object: 'Object Repository/Выполнение бизнес-плана/Фильтр Дата' is clicked on

2023-11-15 06:41:53 - [MESSAGE][PASSED] - Object: 'Object Repository/Выполнение бизнес-плана/Фильтр Дата' is clicked on

2023-11-15 06:41:53 - [TEST_STEP][PASSED] - click(findTestObject("Выполнение бизнес-плана/Снять выделение в фильтре Дата")): Object: 'Object Repository/Выполнение бизнес-плана/Снять выделение в фильтре Дата' is clicked on

2023-11-15 06:41:53 - [MESSAGE][PASSED] - Object: 'Object Repository/Выполнение бизнес-плана/Снять выделение в фильтре Дата' is clicked on

2023-11-15 06:41:53 - [TEST_STEP][PASSED] - click(findTestObject("Object Repository/Выполнение бизнес-плана/Применить в фильтре Дата")): Object: 'Object Repository/Выполнение бизнес-плана/Применить в фильтре Дата' is clicked on

2023-11-15 06:41:54 - [MESSAGE][PASSED] - Object: 'Object Repository/Выполнение бизнес-плана/Применить в фильтре Дата' is clicked on

2023-11-15 06:41:54 - [TEST_STEP][PASSED] - delay(20): Delayed 20 second(s)

2023-11-15 06:42:14 - [MESSAGE][PASSED] - Delayed 20 second(s)

2023-11-15 06:42:14 - [TEST_STEP][PASSED] - Script1686231490255.ZakrytOpoveshenie(): null

2023-11-15 06:42:14 - [TEST_STEP][PASSED] - opoveshenie = getText(findTestObject("Выполнение бизнес-плана/Просьба обратить внимание")): Text of object 'Object Repository/Выполнение бизнес-плана/Просьба обратить внимание' is: 'Просьба обратить внимание'

2023-11-15 06:42:27 - [MESSAGE][PASSED] - Text of object 'Object Repository/Выполнение бизнес-плана/Просьба обратить внимание' is: 'Просьба обратить внимание'

2023-11-15 06:42:27 - [TEST_STEP][PASSED] - println(opoveshenie): null

2023-11-15 06:42:27 - [TEST_STEP][PASSED] - if (opoveshenie == "Просьба обратить внимание"): Object: 'Object Repository/Выполнение бизнес-плана/Закрыть оповещение' is clicked on

2023-11-15 06:42:27 - [TEST_STEP][PASSED] - click(findTestObject("Выполнение бизнес-плана/Закрыть оповещение")): Object: 'Object Repository/Выполнение бизнес-плана/Закрыть оповещение' is clicked on

2023-11-15 06:42:28 - [MESSAGE][PASSED] - Object: 'Object Repository/Выполнение бизнес-плана/Закрыть оповещение' is clicked on

2023-11-15 06:42:28 - [TEST_STEP][PASSED] - click(findTestObject("Object Repository/Выполнение бизнес-плана/Фильтр Дата")): Object: 'Object Repository/Выполнение бизнес-плана/Фильтр Дата' is clicked on

2023-11-15 06:42:28 - [MESSAGE][PASSED] - Object: 'Object Repository/Выполнение бизнес-плана/Фильтр Дата' is clicked on

2023-11-15 06:42:28 - [TEST_STEP][PASSED] - click(findTestObject("Выполнение бизнес-плана/Снять выделение в фильтре Дата")): Object: 'Object Repository/Выполнение бизнес-плана/Снять выделение в фильтре Дата' is clicked on

2023-11-15 06:42:29 - [MESSAGE][PASSED] - Object: 'Object Repository/Выполнение бизнес-плана/Снять выделение в фильтре Дата' is clicked on

2023-11-15 06:42:29 - [TEST_STEP][PASSED] - scrollToElement(findTestObject("Выполнение бизнес-плана/2023 список"), 30): Scroll to object 'Object Repository/Выполнение бизнес-плана/2023 список' successfully

2023-11-15 06:42:29 - [MESSAGE][PASSED] - Scroll to object 'Object Repository/Выполнение бизнес-плана/2023 список' successfully

2023-11-15 06:42:29 - [TEST_STEP][PASSED] - click(findTestObject("Выполнение бизнес-плана/2023 список")): Object: 'Object Repository/Выполнение бизнес-плана/2023 список' is clicked on

2023-11-15 06:42:29 - [MESSAGE][PASSED] - Object: 'Object Repository/Выполнение бизнес-плана/2023 список' is clicked on

2023-11-15 06:42:29 - [TEST_STEP][PASSED] - scrollToElement(findTestObject("Выполнение бизнес-плана/1 квартал 2023"), 30): Scroll to object 'Object Repository/Выполнение бизнес-плана/1 квартал 2023' successfully

2023-11-15 06:42:30 - [MESSAGE][PASSED] - Scroll to object 'Object Repository/Выполнение бизнес-плана/1 квартал 2023' successfully

2023-11-15 06:42:30 - [TEST_STEP][PASSED] - click(findTestObject("Выполнение бизнес-плана/1 квартал 2023")): Object: 'Object Repository/Выполнение бизнес-плана/1 квартал 2023' is clicked on

2023-11-15 06:42:30 - [MESSAGE][PASSED] - Object: 'Object Repository/Выполнение бизнес-плана/1 квартал 2023' is clicked on

2023-11-15 06:42:30 - [TEST_STEP][PASSED] - click(findTestObject("Выполнение бизнес-плана/2 квартал 2023")): Object: 'Object Repository/Выполнение бизнес-плана/2 квартал 2023' is clicked on

2023-11-15 06:42:31 - [MESSAGE][PASSED] - Object: 'Object Repository/Выполнение бизнес-плана/2 квартал 2023' is clicked on

2023-11-15 06:42:31 - [TEST_STEP][PASSED] - click(findTestObject("Выполнение бизнес-плана/3 квартал 2023")): Object: 'Object Repository/Выполнение бизнес-плана/3 квартал 2023' is clicked on

2023-11-15 06:42:31 - [MESSAGE][PASSED] - Object: 'Object Repository/Выполнение бизнес-плана/3 квартал 2023' is clicked on

2023-11-15 06:42:31 - [TEST_STEP][PASSED] - Script1686231490255.ZakrytOpoveshenie(): null

2023-11-15 06:42:31 - [TEST_STEP][PASSED] - opoveshenie = getText(findTestObject("Выполнение бизнес-плана/Просьба обратить внимание")): Text of object 'Object Repository/Выполнение бизнес-плана/Просьба обратить внимание' is: ''

2023-11-15 06:42:32 - [MESSAGE][PASSED] - Text of object 'Object Repository/Выполнение бизнес-плана/Просьба обратить внимание' is: ''

2023-11-15 06:42:32 - [TEST_STEP][PASSED] - println(opoveshenie): null

2023-11-15 06:42:32 - [TEST_STEP][PASSED] - if (opoveshenie == "Просьба обратить внимание"): null

2023-11-15 06:42:32 - [TEST_STEP][PASSED] - scrollToElement(findTestObject("Выполнение бизнес-плана/Заголовок фильтра ДЗО"), 30): Scroll to object 'Object Repository/Выполнение бизнес-плана/Заголовок фильтра ДЗО' successfully

2023-11-15 06:42:32 - [MESSAGE][PASSED] - Scroll to object 'Object Repository/Выполнение бизнес-плана/Заголовок фильтра ДЗО' successfully

2023-11-15 06:42:32 - [TEST_STEP][PASSED] - click(findTestObject("Object Repository/Выполнение бизнес-плана/Применить в фильтре Дата")): Object: 'Object Repository/Выполнение бизнес-плана/Применить в фильтре Дата' is clicked on

2023-11-15 06:42:33 - [MESSAGE][PASSED] - Object: 'Object Repository/Выполнение бизнес-плана/Применить в фильтре Дата' is clicked on

2023-11-15 06:42:33 - [TEST_STEP][PASSED] - delay(20): Delayed 20 second(s)

2023-11-15 06:42:53 - [MESSAGE][PASSED] - Delayed 20 second(s)

2023-11-15 06:42:53 - [TEST_STEP][PASSED] - Script1686231490255.ZakrytOpoveshenie(): null

2023-11-15 06:42:53 - [TEST_STEP][PASSED] - opoveshenie = getText(findTestObject("Выполнение бизнес-плана/Просьба обратить внимание")): Text of object 'Object Repository/Выполнение бизнес-плана/Просьба обратить внимание' is: 'Просьба обратить внимание'

2023-11-15 06:43:02 - [MESSAGE][PASSED] - Text of object 'Object Repository/Выполнение бизнес-плана/Просьба обратить внимание' is: 'Просьба обратить внимание'

2023-11-15 06:43:02 - [TEST_STEP][PASSED] - println(opoveshenie): null

2023-11-15 06:43:02 - [TEST_STEP][PASSED] - if (opoveshenie == "Просьба обратить внимание"): Object: 'Object Repository/Выполнение бизнес-плана/Закрыть оповещение' is clicked on

2023-11-15 06:43:02 - [TEST_STEP][PASSED] - click(findTestObject("Выполнение бизнес-плана/Закрыть оповещение")): Object: 'Object Repository/Выполнение бизнес-плана/Закрыть оповещение' is clicked on

2023-11-15 06:43:02 - [MESSAGE][PASSED] - Object: 'Object Repository/Выполнение бизнес-плана/Закрыть оповещение' is clicked on

2023-11-15 06:43:02 - [TEST_STEP][PASSED] - click(findTestObject("Object Repository/Выполнение бизнес-плана/Фильтр ДЗО")): Object: 'Object Repository/Выполнение бизнес-плана/Фильтр ДЗО' is clicked on

2023-11-15 06:43:02 - [MESSAGE][PASSED] - Object: 'Object Repository/Выполнение бизнес-плана/Фильтр ДЗО' is clicked on

2023-11-15 06:43:02 - [TEST_STEP][PASSED] - click(findTestObject("Выполнение бизнес-плана/Снять выделение в фильтре ДЗО")): Object: 'Object Repository/Выполнение бизнес-плана/Снять выделение в фильтре ДЗО' is clicked on

2023-11-15 06:43:03 - [MESSAGE][PASSED] - Object: 'Object Repository/Выполнение бизнес-плана/Снять выделение в фильтре ДЗО' is clicked on

2023-11-15 06:43:03 - [TEST_STEP][PASSED] - click(findTestObject("Выполнение бизнес-плана/ПАО Россети")): Object: 'Object Repository/Выполнение бизнес-плана/ПАО Россети' is clicked on

2023-11-15 06:43:03 - [MESSAGE][PASSED] - Object: 'Object Repository/Выполнение бизнес-плана/ПАО Россети' is clicked on

2023-11-15 06:43:03 - [TEST_STEP][PASSED] - click(findTestObject("Object Repository/Выполнение бизнес-плана/Применить в фильтре ДЗО")): Object: 'Object Repository/Выполнение бизнес-плана/Применить в фильтре ДЗО' is clicked on

2023-11-15 06:43:04 - [MESSAGE][PASSED] - Object: 'Object Repository/Выполнение бизнес-плана/Применить в фильтре ДЗО' is clicked on

2023-11-15 06:43:04 - [TEST_STEP][PASSED] - delay(20): Delayed 20 second(s)

2023-11-15 06:43:24 - [MESSAGE][PASSED] - Delayed 20 second(s)

2023-11-15 06:43:24 - [TEST_STEP][PASSED] - if (run == 1): null

2023-11-15 06:43:24 - [TEST_STEP][PASSED] - user = "админ": null

2023-11-15 06:43:24 - [TEST_STEP][PASSED] - a1 = getText(findTestObject("Выполнение бизнес-плана/Проценты")): Text of object 'Object Repository/Выполнение бизнес-плана/Проценты' is: '%
8.33 8.33
8.26 8.26
План
Факт
1
100'

2023-11-15 06:43:25 - [MESSAGE][PASSED] - Text of object 'Object Repository/Выполнение бизнес-плана/Проценты' is: '%
8.33 8.33
8.26 8.26
План
Факт
1
100'

2023-11-15 06:43:25 - [TEST_STEP][PASSED] - a2 = getText(findTestObject("Выполнение бизнес-плана/vidget 2")): Text of object 'Object Repository/Выполнение бизнес-плана/vidget 2' is: 'Россети ФСКЕЭС
АО«Тываэнерго»
АО«Чеченэнерго»
Россети Волга
РоссетиКубань
РоссетиЛенэнерго(ГК)
РоссетиМосковскийрегион
РоссетиСеверныйКавказ
РоссетиСеверо-Запад
РоссетиСибирь
РоссетиТомск
РоссетиТюмень
Россети Урал(ГК)
РоссетиЦентр (ГК)
РоссетиЦентр иПриволжье(ГК)
Россети Юг(ГК)
РоссетиЯнтарь
0
20
40
60
80'

2023-11-15 06:43:25 - [MESSAGE][PASSED] - Text of object 'Object Repository/Выполнение бизнес-плана/vidget 2' is: 'Россети ФСКЕЭС
АО«Тываэнерго»
АО«Чеченэнерго»
Россети Волга
РоссетиКубань
РоссетиЛенэнерго(ГК)
РоссетиМосковскийрегион
РоссетиСеверныйКавказ
РоссетиСеверо-Запад
РоссетиСибирь
РоссетиТомск
РоссетиТюмень
Россети Урал(ГК)
РоссетиЦентр (ГК)
РоссетиЦентр иПриволжье(ГК)
Россети Юг(ГК)
РоссетиЯнтарь
0
20
40
60
80'

2023-11-15 06:43:25 - [TEST_STEP][PASSED] - a3 = getText(findTestObject("Выполнение бизнес-плана/table")): Text of object 'Object Repository/Выполнение бизнес-плана/table' is: '442 350 150 541 311 2 460 390 38 232 669 20 264 958 26 601 374 71 405 768 16 144 860 23 925 356 44 278 965 3 727 444 40 431 972 53 194 255 43 153 715 39 435 524 21 582 149 3 179 146
424 091 035 437 757 1 619 528 36 304 251 18 482 556 23 881 750 66 311 348 11 964 319 22 675 468 41 263 475 3 430 288 39 427 939 50 245 412 38 964 583 36 800 739 19 690 805 2 911 380
18 259 115 103 553 840 862 1 928 418 1 782 402 2 719 623 5 094 301 4 180 541 1 249 889 3 015 490 297 156 1 004 033 2 948 842 4 189 133 2 634 786 1 884 804 267 766'

2023-11-15 06:43:25 - [MESSAGE][PASSED] - Text of object 'Object Repository/Выполнение бизнес-плана/table' is: '442 350 150 541 311 2 460 390 38 232 669 20 264 958 26 601 374 71 405 768 16 144 860 23 925 356 44 278 965 3 727 444 40 431 972 53 194 255 43 153 715 39 435 524 21 582 149 3 179 146
424 091 035 437 757 1 619 528 36 304 251 18 482 556 23 881 750 66 311 348 11 964 319 22 675 468 41 263 475 3 430 288 39 427 939 50 245 412 38 964 583 36 800 739 19 690 805 2 911 380
18 259 115 103 553 840 862 1 928 418 1 782 402 2 719 623 5 094 301 4 180 541 1 249 889 3 015 490 297 156 1 004 033 2 948 842 4 189 133 2 634 786 1 884 804 267 766'

2023-11-15 06:43:25 - [TEST_STEP][PASSED] - a4 = getText(findTestObject("Выполнение бизнес-плана/otkloneniya")): Text of object 'Object Repository/Выполнение бизнес-плана/otkloneniya' is: '0.01
-0.04
4.39
-0.56
-0.52
-0.31
-0.02
2.88
-0.21
-0.05
-0.04
-0.10
-0.32
-0.30
-0.29
-0.36
-0.18
Россети ФСКЕЭС
АО«Тываэнерго»
АО«Чеченэнерго»
Россети Волга
РоссетиКубань
РоссетиЛенэнерго(ГК)
РоссетиМосковскийрегион
РоссетиСеверныйКавказ
РоссетиСеверо-Запад
РоссетиСибирь
РоссетиТомск
РоссетиТюмень
Россети Урал(ГК)
РоссетиЦентр (ГК)
РоссетиЦентр иПриволжье(ГК)
Россети Юг(ГК)
РоссетиЯнтарь
0
2
4
6
-2
8'

2023-11-15 06:43:26 - [MESSAGE][PASSED] - Text of object 'Object Repository/Выполнение бизнес-плана/otkloneniya' is: '0.01
-0.04
4.39
-0.56
-0.52
-0.31
-0.02
2.88
-0.21
-0.05
-0.04
-0.10
-0.32
-0.30
-0.29
-0.36
-0.18
Россети ФСКЕЭС
АО«Тываэнерго»
АО«Чеченэнерго»
Россети Волга
РоссетиКубань
РоссетиЛенэнерго(ГК)
РоссетиМосковскийрегион
РоссетиСеверныйКавказ
РоссетиСеверо-Запад
РоссетиСибирь
РоссетиТомск
РоссетиТюмень
Россети Урал(ГК)
РоссетиЦентр (ГК)
РоссетиЦентр иПриволжье(ГК)
Россети Юг(ГК)
РоссетиЯнтарь
0
2
4
6
-2
8'

2023-11-15 06:43:26 - [TEST_STEP][PASSED] - a5 = getText(findTestObject("Выполнение бизнес-плана/svg1")): Text of object 'Object Repository/Выполнение бизнес-плана/svg1' is: '%
8.33 8.33
8.26 8.26
План
Факт
1
100'

2023-11-15 06:43:26 - [MESSAGE][PASSED] - Text of object 'Object Repository/Выполнение бизнес-плана/svg1' is: '%
8.33 8.33
8.26 8.26
План
Факт
1
100'

2023-11-15 06:43:26 - [TEST_STEP][PASSED] - a6 = getText(findTestObject("Выполнение бизнес-плана/svg2")): Text of object 'Object Repository/Выполнение бизнес-плана/svg2' is: 'п.п.
-0.07
Итого
-0.075
-0.05
-0.025
0'

2023-11-15 06:43:27 - [MESSAGE][PASSED] - Text of object 'Object Repository/Выполнение бизнес-плана/svg2' is: 'п.п.
-0.07
Итого
-0.075
-0.05
-0.025
0'

2023-11-15 06:43:27 - [TEST_STEP][PASSED] - a7 = getText(findTestObject("Выполнение бизнес-плана/Значения со страницы Выполнение бизнес-плана/Факт Отпуск в сеть за отчётный период ПАО Россети")): Text of object 'Object Repository/Выполнение бизнес-плана/Значения со страницы Выполнение бизнес-плана/Факт Отпуск в сеть за отчётный период ПАО Россети' is: '634 576 275'

2023-11-15 06:43:27 - [MESSAGE][PASSED] - Text of object 'Object Repository/Выполнение бизнес-плана/Значения со страницы Выполнение бизнес-плана/Факт Отпуск в сеть за отчётный период ПАО Россети' is: '634 576 275'

2023-11-15 06:43:27 - [TEST_STEP][PASSED] - a8 = getText(findTestObject("Выполнение бизнес-плана/Значения со страницы Выполнение бизнес-плана/Факт Отпуск из сети за отчётный период ПАО Россети")): Text of object 'Object Repository/Выполнение бизнес-плана/Значения со страницы Выполнение бизнес-плана/Факт Отпуск из сети за отчётный период ПАО Россети' is: '582 175 559'

2023-11-15 06:43:27 - [MESSAGE][PASSED] - Text of object 'Object Repository/Выполнение бизнес-плана/Значения со страницы Выполнение бизнес-плана/Факт Отпуск из сети за отчётный период ПАО Россети' is: '582 175 559'

2023-11-15 06:43:27 - [TEST_STEP][PASSED] - a9 = getText(findTestObject("Выполнение бизнес-плана/Значения со страницы Выполнение бизнес-плана/Факт Потери за отчётный период ПАО Россети")): Text of object 'Object Repository/Выполнение бизнес-плана/Значения со страницы Выполнение бизнес-плана/Факт Потери за отчётный период ПАО Россети' is: '52 400 716'

2023-11-15 06:43:28 - [MESSAGE][PASSED] - Text of object 'Object Repository/Выполнение бизнес-плана/Значения со страницы Выполнение бизнес-плана/Факт Потери за отчётный период ПАО Россети' is: '52 400 716'

2023-11-15 06:43:28 - [TEST_STEP][PASSED] - Script1686231490255.WriteToExcel(user, dashboardName, n, data, run, a1, a2, a3, a4, a5, a6, a7, a8, a9): null

2023-11-15 06:43:28 - [TEST_STEP][PASSED] - sheetName = "Sheet1": null

2023-11-15 06:43:28 - [TEST_STEP][PASSED] - workbook01 = getWorkbook(excelFilePath): null

2023-11-15 06:43:28 - [TEST_STEP][PASSED] - sheet01 = getExcelSheet(workbook01, sheetName): null

2023-11-15 06:43:28 - [TEST_STEP][PASSED] - setValueToCellByIndex(sheet01, n, 0, dashboardName): null

2023-11-15 06:43:28 - [TEST_STEP][PASSED] - setValueToCellByIndex(sheet01, n, 10, user): null

2023-11-15 06:43:28 - [TEST_STEP][PASSED] - setValueToCellByIndex(sheet01, n, 1, a1): null

2023-11-15 06:43:28 - [TEST_STEP][PASSED] - setValueToCellByIndex(sheet01, n, 2, a2): null

2023-11-15 06:43:28 - [TEST_STEP][PASSED] - setValueToCellByIndex(sheet01, n, 3, a3): null

2023-11-15 06:43:28 - [TEST_STEP][PASSED] - setValueToCellByIndex(sheet01, n, 4, a4): null

2023-11-15 06:43:28 - [TEST_STEP][PASSED] - setValueToCellByIndex(sheet01, n, 5, a5): null

2023-11-15 06:43:28 - [TEST_STEP][PASSED] - setValueToCellByIndex(sheet01, n, 6, a6): null

2023-11-15 06:43:28 - [TEST_STEP][PASSED] - setValueToCellByIndex(sheet01, n, 7, a7): null

2023-11-15 06:43:28 - [TEST_STEP][PASSED] - setValueToCellByIndex(sheet01, n, 8, a8): null

2023-11-15 06:43:28 - [TEST_STEP][PASSED] - setValueToCellByIndex(sheet01, n, 9, a9): null

2023-11-15 06:43:28 - [TEST_STEP][PASSED] - n = n + 1: null

2023-11-15 06:43:28 - [TEST_STEP][PASSED] - saveWorkbook(excelFilePath, workbook01): null

2023-11-15 06:43:28 - [TEST_STEP][PASSED] - if (run == 2): null

2023-11-15 06:43:28 - [TEST_STEP][PASSED] - if (run == 3): null

2023-11-15 06:43:28 - [TEST_STEP][PASSED] - closeBrowser(): null

2023-11-15 06:43:29 - [MESSAGE][PASSED] - Browser is closed

2023-11-15 06:43:29 - [TEST_STEP][PASSED] - VipolnenieBiznesPlana(user, dashboardName, n, data, run, a1, a2, a3, a4, a5, a6, a7, a8, a9): null

2023-11-15 06:43:29 - [TEST_STEP][PASSED] - n = data.getRowNumbers() + 1: null

2023-11-15 06:43:29 - [TEST_STEP][PASSED] - println(n): null

2023-11-15 06:43:29 - [TEST_STEP][PASSED] - dashboardName = "Выполнение бизнес-плана": null

2023-11-15 06:43:29 - [TEST_STEP][PASSED] - openBrowser(""): Browser is opened with url: ''

2023-11-15 06:43:29 - [MESSAGE][INFO] - Starting 'Chrome' driver

2023-11-15 06:43:29 - [MESSAGE][INFO] - Action delay is set to 0 milliseconds

2023-11-15 06:43:30 - [MESSAGE][PASSED] - Browser is opened with url: ''

2023-11-15 06:43:30 - [TEST_STEP][PASSED] - navigateToUrl(findTestData("PlanFact").getValue(10, 1)): Navigate to 'https://bi.rosseti.digital/viewer?dashboardGuid=d154a8eaf6824e2b9de1bb04dd061c18&sheetGuid=1305e8ce744049e1abdacea1ea397a26&fit=true' successfully

2023-11-15 06:43:34 - [MESSAGE][PASSED] - Navigate to 'https://bi.rosseti.digital/viewer?dashboardGuid=d154a8eaf6824e2b9de1bb04dd061c18&sheetGuid=1305e8ce744049e1abdacea1ea397a26&fit=true' successfully

2023-11-15 06:43:34 - [TEST_STEP][PASSED] - setText(findTestObject("Страница авторизации/input__username"), findTestData("PlanFact").getValue(8, run)): Text 'Andreeva-EV' is set on object 'Object Repository/Страница авторизации/input__username'

2023-11-15 06:43:36 - [MESSAGE][PASSED] - Text 'Andreeva-EV' is set on object 'Object Repository/Страница авторизации/input__username'

2023-11-15 06:43:36 - [TEST_STEP][PASSED] - setText(findTestObject("Страница авторизации/input__password"), findTestData("PlanFact").getValue(9, run)): Text '2nPePKDwCPH3ul7xMZ' is set on object 'Object Repository/Страница авторизации/input__password'

2023-11-15 06:43:36 - [MESSAGE][PASSED] - Text '2nPePKDwCPH3ul7xMZ' is set on object 'Object Repository/Страница авторизации/input__password'

2023-11-15 06:43:36 - [TEST_STEP][PASSED] - click(findTestObject("Страница авторизации/button_")): Object: 'Object Repository/Страница авторизации/button_' is clicked on

2023-11-15 06:43:38 - [MESSAGE][PASSED] - Object: 'Object Repository/Страница авторизации/button_' is clicked on

2023-11-15 06:43:38 - [TEST_STEP][PASSED] - delay(40): Delayed 40 second(s)

2023-11-15 06:44:18 - [MESSAGE][PASSED] - Delayed 40 second(s)

2023-11-15 06:44:18 - [TEST_STEP][PASSED] - Script1686231490255.ZakrytOpoveshenie(): null

2023-11-15 06:44:18 - [TEST_STEP][PASSED] - opoveshenie = getText(findTestObject("Выполнение бизнес-плана/Просьба обратить внимание")): Text of object 'Object Repository/Выполнение бизнес-плана/Просьба обратить внимание' is: 'Просьба обратить внимание'

2023-11-15 06:44:18 - [MESSAGE][PASSED] - Text of object 'Object Repository/Выполнение бизнес-плана/Просьба обратить внимание' is: 'Просьба обратить внимание'

2023-11-15 06:44:18 - [TEST_STEP][PASSED] - println(opoveshenie): null

2023-11-15 06:44:18 - [TEST_STEP][PASSED] - if (opoveshenie == "Просьба обратить внимание"): Object: 'Object Repository/Выполнение бизнес-плана/Закрыть оповещение' is clicked on

2023-11-15 06:44:18 - [TEST_STEP][PASSED] - click(findTestObject("Выполнение бизнес-плана/Закрыть оповещение")): Object: 'Object Repository/Выполнение бизнес-плана/Закрыть оповещение' is clicked on

2023-11-15 06:44:19 - [MESSAGE][PASSED] - Object: 'Object Repository/Выполнение бизнес-плана/Закрыть оповещение' is clicked on

2023-11-15 06:44:19 - [TEST_STEP][PASSED] - click(findTestObject("Object Repository/Выполнение бизнес-плана/Фильтр Дата")): Object: 'Object Repository/Выполнение бизнес-плана/Фильтр Дата' is clicked on

2023-11-15 06:44:19 - [MESSAGE][PASSED] - Object: 'Object Repository/Выполнение бизнес-плана/Фильтр Дата' is clicked on

2023-11-15 06:44:19 - [TEST_STEP][PASSED] - click(findTestObject("Выполнение бизнес-плана/Снять выделение в фильтре Дата")): Object: 'Object Repository/Выполнение бизнес-плана/Снять выделение в фильтре Дата' is clicked on

2023-11-15 06:44:19 - [MESSAGE][PASSED] - Object: 'Object Repository/Выполнение бизнес-плана/Снять выделение в фильтре Дата' is clicked on

2023-11-15 06:44:19 - [TEST_STEP][PASSED] - click(findTestObject("Object Repository/Выполнение бизнес-плана/Применить в фильтре Дата")): Object: 'Object Repository/Выполнение бизнес-плана/Применить в фильтре Дата' is clicked on

2023-11-15 06:44:20 - [MESSAGE][PASSED] - Object: 'Object Repository/Выполнение бизнес-плана/Применить в фильтре Дата' is clicked on

2023-11-15 06:44:20 - [TEST_STEP][PASSED] - delay(20): Delayed 20 second(s)

2023-11-15 06:44:40 - [MESSAGE][PASSED] - Delayed 20 second(s)

2023-11-15 06:44:40 - [TEST_STEP][PASSED] - Script1686231490255.ZakrytOpoveshenie(): null

2023-11-15 06:44:40 - [TEST_STEP][PASSED] - opoveshenie = getText(findTestObject("Выполнение бизнес-плана/Просьба обратить внимание")): Text of object 'Object Repository/Выполнение бизнес-плана/Просьба обратить внимание' is: 'Просьба обратить внимание'

2023-11-15 06:44:41 - [MESSAGE][PASSED] - Text of object 'Object Repository/Выполнение бизнес-плана/Просьба обратить внимание' is: 'Просьба обратить внимание'

2023-11-15 06:44:41 - [TEST_STEP][PASSED] - println(opoveshenie): null

2023-11-15 06:44:41 - [TEST_STEP][PASSED] - if (opoveshenie == "Просьба обратить внимание"): Object: 'Object Repository/Выполнение бизнес-плана/Закрыть оповещение' is clicked on

2023-11-15 06:44:41 - [TEST_STEP][PASSED] - click(findTestObject("Выполнение бизнес-плана/Закрыть оповещение")): Object: 'Object Repository/Выполнение бизнес-плана/Закрыть оповещение' is clicked on

2023-11-15 06:44:41 - [MESSAGE][PASSED] - Object: 'Object Repository/Выполнение бизнес-плана/Закрыть оповещение' is clicked on

2023-11-15 06:44:41 - [TEST_STEP][PASSED] - click(findTestObject("Object Repository/Выполнение бизнес-плана/Фильтр Дата")): Object: 'Object Repository/Выполнение бизнес-плана/Фильтр Дата' is clicked on

2023-11-15 06:44:42 - [MESSAGE][PASSED] - Object: 'Object Repository/Выполнение бизнес-плана/Фильтр Дата' is clicked on

2023-11-15 06:44:42 - [TEST_STEP][PASSED] - click(findTestObject("Выполнение бизнес-плана/Снять выделение в фильтре Дата")): Object: 'Object Repository/Выполнение бизнес-плана/Снять выделение в фильтре Дата' is clicked on

2023-11-15 06:44:42 - [MESSAGE][PASSED] - Object: 'Object Repository/Выполнение бизнес-плана/Снять выделение в фильтре Дата' is clicked on

2023-11-15 06:44:42 - [TEST_STEP][PASSED] - scrollToElement(findTestObject("Выполнение бизнес-плана/2023 список"), 30): Scroll to object 'Object Repository/Выполнение бизнес-плана/2023 список' successfully

2023-11-15 06:44:43 - [MESSAGE][PASSED] - Scroll to object 'Object Repository/Выполнение бизнес-плана/2023 список' successfully

2023-11-15 06:44:43 - [TEST_STEP][PASSED] - click(findTestObject("Выполнение бизнес-плана/2023 список")): Object: 'Object Repository/Выполнение бизнес-плана/2023 список' is clicked on

2023-11-15 06:44:43 - [MESSAGE][PASSED] - Object: 'Object Repository/Выполнение бизнес-плана/2023 список' is clicked on

2023-11-15 06:44:43 - [TEST_STEP][PASSED] - scrollToElement(findTestObject("Выполнение бизнес-плана/1 квартал 2023"), 30): Scroll to object 'Object Repository/Выполнение бизнес-плана/1 квартал 2023' successfully

2023-11-15 06:44:43 - [MESSAGE][PASSED] - Scroll to object 'Object Repository/Выполнение бизнес-плана/1 квартал 2023' successfully

2023-11-15 06:44:43 - [TEST_STEP][PASSED] - click(findTestObject("Выполнение бизнес-плана/1 квартал 2023")): Object: 'Object Repository/Выполнение бизнес-плана/1 квартал 2023' is clicked on

2023-11-15 06:44:44 - [MESSAGE][PASSED] - Object: 'Object Repository/Выполнение бизнес-плана/1 квартал 2023' is clicked on

2023-11-15 06:44:44 - [TEST_STEP][PASSED] - click(findTestObject("Выполнение бизнес-плана/2 квартал 2023")): Object: 'Object Repository/Выполнение бизнес-плана/2 квартал 2023' is clicked on

2023-11-15 06:44:44 - [MESSAGE][PASSED] - Object: 'Object Repository/Выполнение бизнес-плана/2 квартал 2023' is clicked on

2023-11-15 06:44:44 - [TEST_STEP][PASSED] - click(findTestObject("Выполнение бизнес-плана/3 квартал 2023")): Object: 'Object Repository/Выполнение бизнес-плана/3 квартал 2023' is clicked on

2023-11-15 06:44:45 - [MESSAGE][PASSED] - Object: 'Object Repository/Выполнение бизнес-плана/3 квартал 2023' is clicked on

2023-11-15 06:44:45 - [TEST_STEP][PASSED] - Script1686231490255.ZakrytOpoveshenie(): null

2023-11-15 06:44:45 - [TEST_STEP][PASSED] - opoveshenie = getText(findTestObject("Выполнение бизнес-плана/Просьба обратить внимание")): Text of object 'Object Repository/Выполнение бизнес-плана/Просьба обратить внимание' is: ''

2023-11-15 06:44:45 - [MESSAGE][PASSED] - Text of object 'Object Repository/Выполнение бизнес-плана/Просьба обратить внимание' is: ''

2023-11-15 06:44:45 - [TEST_STEP][PASSED] - println(opoveshenie): null

2023-11-15 06:44:45 - [TEST_STEP][PASSED] - if (opoveshenie == "Просьба обратить внимание"): null

2023-11-15 06:44:45 - [TEST_STEP][PASSED] - scrollToElement(findTestObject("Выполнение бизнес-плана/Заголовок фильтра ДЗО"), 30): Scroll to object 'Object Repository/Выполнение бизнес-плана/Заголовок фильтра ДЗО' successfully

2023-11-15 06:44:46 - [MESSAGE][PASSED] - Scroll to object 'Object Repository/Выполнение бизнес-плана/Заголовок фильтра ДЗО' successfully

2023-11-15 06:44:46 - [TEST_STEP][PASSED] - click(findTestObject("Object Repository/Выполнение бизнес-плана/Применить в фильтре Дата")): Object: 'Object Repository/Выполнение бизнес-плана/Применить в фильтре Дата' is clicked on

2023-11-15 06:44:46 - [MESSAGE][PASSED] - Object: 'Object Repository/Выполнение бизнес-плана/Применить в фильтре Дата' is clicked on

2023-11-15 06:44:46 - [TEST_STEP][PASSED] - delay(20): Delayed 20 second(s)

2023-11-15 06:45:06 - [MESSAGE][PASSED] - Delayed 20 second(s)

2023-11-15 06:45:06 - [TEST_STEP][PASSED] - Script1686231490255.ZakrytOpoveshenie(): null

2023-11-15 06:45:06 - [TEST_STEP][PASSED] - opoveshenie = getText(findTestObject("Выполнение бизнес-плана/Просьба обратить внимание")): Text of object 'Object Repository/Выполнение бизнес-плана/Просьба обратить внимание' is: 'Просьба обратить внимание'

2023-11-15 06:45:07 - [MESSAGE][PASSED] - Text of object 'Object Repository/Выполнение бизнес-плана/Просьба обратить внимание' is: 'Просьба обратить внимание'

2023-11-15 06:45:07 - [TEST_STEP][PASSED] - println(opoveshenie): null

2023-11-15 06:45:07 - [TEST_STEP][PASSED] - if (opoveshenie == "Просьба обратить внимание"): Object: 'Object Repository/Выполнение бизнес-плана/Закрыть оповещение' is clicked on

2023-11-15 06:45:07 - [TEST_STEP][PASSED] - click(findTestObject("Выполнение бизнес-плана/Закрыть оповещение")): Object: 'Object Repository/Выполнение бизнес-плана/Закрыть оповещение' is clicked on

2023-11-15 06:45:07 - [MESSAGE][PASSED] - Object: 'Object Repository/Выполнение бизнес-плана/Закрыть оповещение' is clicked on

2023-11-15 06:45:07 - [TEST_STEP][PASSED] - click(findTestObject("Object Repository/Выполнение бизнес-плана/Фильтр ДЗО")): Object: 'Object Repository/Выполнение бизнес-плана/Фильтр ДЗО' is clicked on

2023-11-15 06:45:08 - [MESSAGE][PASSED] - Object: 'Object Repository/Выполнение бизнес-плана/Фильтр ДЗО' is clicked on

2023-11-15 06:45:08 - [TEST_STEP][PASSED] - click(findTestObject("Выполнение бизнес-плана/Снять выделение в фильтре ДЗО")): Object: 'Object Repository/Выполнение бизнес-плана/Снять выделение в фильтре ДЗО' is clicked on

2023-11-15 06:45:08 - [MESSAGE][PASSED] - Object: 'Object Repository/Выполнение бизнес-плана/Снять выделение в фильтре ДЗО' is clicked on

2023-11-15 06:45:08 - [TEST_STEP][PASSED] - click(findTestObject("Выполнение бизнес-плана/ПАО Россети")): Object: 'Object Repository/Выполнение бизнес-плана/ПАО Россети' is clicked on

2023-11-15 06:45:09 - [MESSAGE][PASSED] - Object: 'Object Repository/Выполнение бизнес-плана/ПАО Россети' is clicked on

2023-11-15 06:45:09 - [TEST_STEP][PASSED] - click(findTestObject("Object Repository/Выполнение бизнес-плана/Применить в фильтре ДЗО")): Object: 'Object Repository/Выполнение бизнес-плана/Применить в фильтре ДЗО' is clicked on

2023-11-15 06:45:10 - [MESSAGE][PASSED] - Object: 'Object Repository/Выполнение бизнес-плана/Применить в фильтре ДЗО' is clicked on

2023-11-15 06:45:10 - [TEST_STEP][PASSED] - delay(20): Delayed 20 second(s)

2023-11-15 06:45:30 - [MESSAGE][PASSED] - Delayed 20 second(s)

2023-11-15 06:45:30 - [TEST_STEP][PASSED] - if (run == 1): null

2023-11-15 06:45:30 - [TEST_STEP][PASSED] - if (run == 2): null

2023-11-15 06:45:30 - [TEST_STEP][PASSED] - user = "Андреева": null

2023-11-15 06:45:30 - [TEST_STEP][PASSED] - a1 = getText(findTestObject("Выполнение бизнес-плана/Проценты")): Text of object 'Object Repository/Выполнение бизнес-плана/Проценты' is: '%
8.33 8.33
8.26 8.26
План
Факт
1
100'

2023-11-15 06:45:30 - [MESSAGE][PASSED] - Text of object 'Object Repository/Выполнение бизнес-плана/Проценты' is: '%
8.33 8.33
8.26 8.26
План
Факт
1
100'

2023-11-15 06:45:30 - [TEST_STEP][PASSED] - a2 = getText(findTestObject("Выполнение бизнес-плана/vidget 2")): Text of object 'Object Repository/Выполнение бизнес-плана/vidget 2' is: 'Россети ФСКЕЭС
АО«Тываэнерго»
АО«Чеченэнерго»
Россети Волга
РоссетиКубань
РоссетиЛенэнерго(ГК)
РоссетиМосковскийрегион
РоссетиСеверныйКавказ
РоссетиСеверо-Запад
РоссетиСибирь
РоссетиТомск
РоссетиТюмень
Россети Урал(ГК)
РоссетиЦентр (ГК)
РоссетиЦентр иПриволжье(ГК)
Россети Юг(ГК)
РоссетиЯнтарь
0
20
40
60
80'

2023-11-15 06:45:30 - [MESSAGE][PASSED] - Text of object 'Object Repository/Выполнение бизнес-плана/vidget 2' is: 'Россети ФСКЕЭС
АО«Тываэнерго»
АО«Чеченэнерго»
Россети Волга
РоссетиКубань
РоссетиЛенэнерго(ГК)
РоссетиМосковскийрегион
РоссетиСеверныйКавказ
РоссетиСеверо-Запад
РоссетиСибирь
РоссетиТомск
РоссетиТюмень
Россети Урал(ГК)
РоссетиЦентр (ГК)
РоссетиЦентр иПриволжье(ГК)
Россети Юг(ГК)
РоссетиЯнтарь
0
20
40
60
80'

2023-11-15 06:45:30 - [TEST_STEP][PASSED] - a3 = getText(findTestObject("Выполнение бизнес-плана/table")): Text of object 'Object Repository/Выполнение бизнес-плана/table' is: '442 350 150 541 311 2 460 390 38 232 669 20 264 958 26 601 374 71 405 768 16 144 860 23 925 356 44 278 965 3 727 444 40 431 972 53 194 255 43 153 715 39 435 524 21 582 149 3 179 146
424 091 035 437 757 1 619 528 36 304 251 18 482 556 23 881 750 66 311 348 11 964 319 22 675 468 41 263 475 3 430 288 39 427 939 50 245 412 38 964 583 36 800 739 19 690 805 2 911 380
18 259 115 103 553 840 862 1 928 418 1 782 402 2 719 623 5 094 301 4 180 541 1 249 889 3 015 490 297 156 1 004 033 2 948 842 4 189 133 2 634 786 1 884 804 267 766'

2023-11-15 06:45:31 - [MESSAGE][PASSED] - Text of object 'Object Repository/Выполнение бизнес-плана/table' is: '442 350 150 541 311 2 460 390 38 232 669 20 264 958 26 601 374 71 405 768 16 144 860 23 925 356 44 278 965 3 727 444 40 431 972 53 194 255 43 153 715 39 435 524 21 582 149 3 179 146
424 091 035 437 757 1 619 528 36 304 251 18 482 556 23 881 750 66 311 348 11 964 319 22 675 468 41 263 475 3 430 288 39 427 939 50 245 412 38 964 583 36 800 739 19 690 805 2 911 380
18 259 115 103 553 840 862 1 928 418 1 782 402 2 719 623 5 094 301 4 180 541 1 249 889 3 015 490 297 156 1 004 033 2 948 842 4 189 133 2 634 786 1 884 804 267 766'

2023-11-15 06:45:31 - [TEST_STEP][PASSED] - a4 = getText(findTestObject("Выполнение бизнес-плана/otkloneniya")): Text of object 'Object Repository/Выполнение бизнес-плана/otkloneniya' is: '0.01
-0.04
4.39
-0.56
-0.52
-0.31
-0.02
2.88
-0.21
-0.05
-0.04
-0.10
-0.32
-0.30
-0.29
-0.36
-0.18
Россети ФСКЕЭС
АО«Тываэнерго»
АО«Чеченэнерго»
Россети Волга
РоссетиКубань
РоссетиЛенэнерго(ГК)
РоссетиМосковскийрегион
РоссетиСеверныйКавказ
РоссетиСеверо-Запад
РоссетиСибирь
РоссетиТомск
РоссетиТюмень
Россети Урал(ГК)
РоссетиЦентр (ГК)
РоссетиЦентр иПриволжье(ГК)
Россети Юг(ГК)
РоссетиЯнтарь
0
2
4
6
-2
8'

2023-11-15 06:45:31 - [MESSAGE][PASSED] - Text of object 'Object Repository/Выполнение бизнес-плана/otkloneniya' is: '0.01
-0.04
4.39
-0.56
-0.52
-0.31
-0.02
2.88
-0.21
-0.05
-0.04
-0.10
-0.32
-0.30
-0.29
-0.36
-0.18
Россети ФСКЕЭС
АО«Тываэнерго»
АО«Чеченэнерго»
Россети Волга
РоссетиКубань
РоссетиЛенэнерго(ГК)
РоссетиМосковскийрегион
РоссетиСеверныйКавказ
РоссетиСеверо-Запад
РоссетиСибирь
РоссетиТомск
РоссетиТюмень
Россети Урал(ГК)
РоссетиЦентр (ГК)
РоссетиЦентр иПриволжье(ГК)
Россети Юг(ГК)
РоссетиЯнтарь
0
2
4
6
-2
8'

2023-11-15 06:45:31 - [TEST_STEP][PASSED] - a5 = getText(findTestObject("Выполнение бизнес-плана/svg1")): Text of object 'Object Repository/Выполнение бизнес-плана/svg1' is: '%
8.33 8.33
8.26 8.26
План
Факт
1
100'

2023-11-15 06:45:32 - [MESSAGE][PASSED] - Text of object 'Object Repository/Выполнение бизнес-плана/svg1' is: '%
8.33 8.33
8.26 8.26
План
Факт
1
100'

2023-11-15 06:45:32 - [TEST_STEP][PASSED] - a6 = getText(findTestObject("Выполнение бизнес-плана/svg2")): Text of object 'Object Repository/Выполнение бизнес-плана/svg2' is: 'п.п.
-0.07
Итого
-0.075
-0.05
-0.025
0'

2023-11-15 06:45:32 - [MESSAGE][PASSED] - Text of object 'Object Repository/Выполнение бизнес-плана/svg2' is: 'п.п.
-0.07
Итого
-0.075
-0.05
-0.025
0'

2023-11-15 06:45:32 - [TEST_STEP][PASSED] - a7 = getText(findTestObject("Выполнение бизнес-плана/Значения со страницы Выполнение бизнес-плана/Факт Отпуск в сеть за отчётный период ПАО Россети")): Text of object 'Object Repository/Выполнение бизнес-плана/Значения со страницы Выполнение бизнес-плана/Факт Отпуск в сеть за отчётный период ПАО Россети' is: '634 576 275'

2023-11-15 06:45:32 - [MESSAGE][PASSED] - Text of object 'Object Repository/Выполнение бизнес-плана/Значения со страницы Выполнение бизнес-плана/Факт Отпуск в сеть за отчётный период ПАО Россети' is: '634 576 275'

2023-11-15 06:45:32 - [TEST_STEP][PASSED] - a8 = getText(findTestObject("Выполнение бизнес-плана/Значения со страницы Выполнение бизнес-плана/Факт Отпуск из сети за отчётный период ПАО Россети")): Text of object 'Object Repository/Выполнение бизнес-плана/Значения со страницы Выполнение бизнес-плана/Факт Отпуск из сети за отчётный период ПАО Россети' is: '582 175 559'

2023-11-15 06:45:33 - [MESSAGE][PASSED] - Text of object 'Object Repository/Выполнение бизнес-плана/Значения со страницы Выполнение бизнес-плана/Факт Отпуск из сети за отчётный период ПАО Россети' is: '582 175 559'

2023-11-15 06:45:33 - [TEST_STEP][PASSED] - a9 = getText(findTestObject("Выполнение бизнес-плана/Значения со страницы Выполнение бизнес-плана/Факт Потери за отчётный период ПАО Россети")): Text of object 'Object Repository/Выполнение бизнес-плана/Значения со страницы Выполнение бизнес-плана/Факт Потери за отчётный период ПАО Россети' is: '52 400 716'

2023-11-15 06:45:33 - [MESSAGE][PASSED] - Text of object 'Object Repository/Выполнение бизнес-плана/Значения со страницы Выполнение бизнес-плана/Факт Потери за отчётный период ПАО Россети' is: '52 400 716'

2023-11-15 06:45:33 - [TEST_STEP][PASSED] - n = n + 1: null

2023-11-15 06:45:33 - [TEST_STEP][PASSED] - b = data.getRowNumbers() + 1: null

2023-11-15 06:45:33 - [TEST_STEP][PASSED] - verifyEqual(findTestData("PlanFact").getValue(2, b), a1): Actual object '%
8.33 8.33
8.26 8.26
План
Факт
1
100' and expected object '%
8.33 8.33
8.26 8.26
План
Факт
1
100' are equal

2023-11-15 06:45:33 - [MESSAGE][PASSED] - Actual object '%
8.33 8.33
8.26 8.26
План
Факт
1
100' and expected object '%
8.33 8.33
8.26 8.26
План
Факт
1
100' are equal

2023-11-15 06:45:33 - [TEST_STEP][PASSED] - verifyEqual(findTestData("PlanFact").getValue(3, b), a2): Actual object 'Россети ФСКЕЭС
АО«Тываэнерго»
АО«Чеченэнерго»
Россети Волга
РоссетиКубань
РоссетиЛенэнерго(ГК)
РоссетиМосковскийрегион
РоссетиСеверныйКавказ
РоссетиСеверо-Запад
РоссетиСибирь
РоссетиТомск
РоссетиТюмень
Россети Урал(ГК)
РоссетиЦентр (ГК)
РоссетиЦентр иПриволжье(ГК)
Россети Юг(ГК)
РоссетиЯнтарь
0
20
40
60
80' and expected object 'Россети ФСКЕЭС
АО«Тываэнерго»
АО«Чеченэнерго»
Россети Волга
РоссетиКубань
РоссетиЛенэнерго(ГК)
РоссетиМосковскийрегион
РоссетиСеверныйКавказ
РоссетиСеверо-Запад
РоссетиСибирь
РоссетиТомск
РоссетиТюмень
Россети Урал(ГК)
РоссетиЦентр (ГК)
РоссетиЦентр иПриволжье(ГК)
Россети Юг(ГК)
РоссетиЯнтарь
0
20
40
60
80' are equal

2023-11-15 06:45:33 - [MESSAGE][PASSED] - Actual object 'Россети ФСКЕЭС
АО«Тываэнерго»
АО«Чеченэнерго»
Россети Волга
РоссетиКубань
РоссетиЛенэнерго(ГК)
РоссетиМосковскийрегион
РоссетиСеверныйКавказ
РоссетиСеверо-Запад
РоссетиСибирь
РоссетиТомск
РоссетиТюмень
Россети Урал(ГК)
РоссетиЦентр (ГК)
РоссетиЦентр иПриволжье(ГК)
Россети Юг(ГК)
РоссетиЯнтарь
0
20
40
60
80' and expected object 'Россети ФСКЕЭС
АО«Тываэнерго»
АО«Чеченэнерго»
Россети Волга
РоссетиКубань
РоссетиЛенэнерго(ГК)
РоссетиМосковскийрегион
РоссетиСеверныйКавказ
РоссетиСеверо-Запад
РоссетиСибирь
РоссетиТомск
РоссетиТюмень
Россети Урал(ГК)
РоссетиЦентр (ГК)
РоссетиЦентр иПриволжье(ГК)
Россети Юг(ГК)
РоссетиЯнтарь
0
20
40
60
80' are equal

2023-11-15 06:45:33 - [TEST_STEP][PASSED] - verifyEqual(findTestData("PlanFact").getValue(4, b), a3): Actual object '442 350 150 541 311 2 460 390 38 232 669 20 264 958 26 601 374 71 405 768 16 144 860 23 925 356 44 278 965 3 727 444 40 431 972 53 194 255 43 153 715 39 435 524 21 582 149 3 179 146
424 091 035 437 757 1 619 528 36 304 251 18 482 556 23 881 750 66 311 348 11 964 319 22 675 468 41 263 475 3 430 288 39 427 939 50 245 412 38 964 583 36 800 739 19 690 805 2 911 380
18 259 115 103 553 840 862 1 928 418 1 782 402 2 719 623 5 094 301 4 180 541 1 249 889 3 015 490 297 156 1 004 033 2 948 842 4 189 133 2 634 786 1 884 804 267 766' and expected object '442 350 150 541 311 2 460 390 38 232 669 20 264 958 26 601 374 71 405 768 16 144 860 23 925 356 44 278 965 3 727 444 40 431 972 53 194 255 43 153 715 39 435 524 21 582 149 3 179 146
424 091 035 437 757 1 619 528 36 304 251 18 482 556 23 881 750 66 311 348 11 964 319 22 675 468 41 263 475 3 430 288 39 427 939 50 245 412 38 964 583 36 800 739 19 690 805 2 911 380
18 259 115 103 553 840 862 1 928 418 1 782 402 2 719 623 5 094 301 4 180 541 1 249 889 3 015 490 297 156 1 004 033 2 948 842 4 189 133 2 634 786 1 884 804 267 766' are equal

2023-11-15 06:45:33 - [MESSAGE][PASSED] - Actual object '442 350 150 541 311 2 460 390 38 232 669 20 264 958 26 601 374 71 405 768 16 144 860 23 925 356 44 278 965 3 727 444 40 431 972 53 194 255 43 153 715 39 435 524 21 582 149 3 179 146
424 091 035 437 757 1 619 528 36 304 251 18 482 556 23 881 750 66 311 348 11 964 319 22 675 468 41 263 475 3 430 288 39 427 939 50 245 412 38 964 583 36 800 739 19 690 805 2 911 380
18 259 115 103 553 840 862 1 928 418 1 782 402 2 719 623 5 094 301 4 180 541 1 249 889 3 015 490 297 156 1 004 033 2 948 842 4 189 133 2 634 786 1 884 804 267 766' and expected object '442 350 150 541 311 2 460 390 38 232 669 20 264 958 26 601 374 71 405 768 16 144 860 23 925 356 44 278 965 3 727 444 40 431 972 53 194 255 43 153 715 39 435 524 21 582 149 3 179 146
424 091 035 437 757 1 619 528 36 304 251 18 482 556 23 881 750 66 311 348 11 964 319 22 675 468 41 263 475 3 430 288 39 427 939 50 245 412 38 964 583 36 800 739 19 690 805 2 911 380
18 259 115 103 553 840 862 1 928 418 1 782 402 2 719 623 5 094 301 4 180 541 1 249 889 3 015 490 297 156 1 004 033 2 948 842 4 189 133 2 634 786 1 884 804 267 766' are equal

2023-11-15 06:45:33 - [TEST_STEP][PASSED] - verifyEqual(findTestData("PlanFact").getValue(5, b), a4): Actual object '0.01
-0.04
4.39
-0.56
-0.52
-0.31
-0.02
2.88
-0.21
-0.05
-0.04
-0.10
-0.32
-0.30
-0.29
-0.36
-0.18
Россети ФСКЕЭС
АО«Тываэнерго»
АО«Чеченэнерго»
Россети Волга
РоссетиКубань
РоссетиЛенэнерго(ГК)
РоссетиМосковскийрегион
РоссетиСеверныйКавказ
РоссетиСеверо-Запад
РоссетиСибирь
РоссетиТомск
РоссетиТюмень
Россети Урал(ГК)
РоссетиЦентр (ГК)
РоссетиЦентр иПриволжье(ГК)
Россети Юг(ГК)
РоссетиЯнтарь
0
2
4
6
-2
8' and expected object '0.01
-0.04
4.39
-0.56
-0.52
-0.31
-0.02
2.88
-0.21
-0.05
-0.04
-0.10
-0.32
-0.30
-0.29
-0.36
-0.18
Россети ФСКЕЭС
АО«Тываэнерго»
АО«Чеченэнерго»
Россети Волга
РоссетиКубань
РоссетиЛенэнерго(ГК)
РоссетиМосковскийрегион
РоссетиСеверныйКавказ
РоссетиСеверо-Запад
РоссетиСибирь
РоссетиТомск
РоссетиТюмень
Россети Урал(ГК)
РоссетиЦентр (ГК)
РоссетиЦентр иПриволжье(ГК)
Россети Юг(ГК)
РоссетиЯнтарь
0
2
4
6
-2
8' are equal

2023-11-15 06:45:33 - [MESSAGE][PASSED] - Actual object '0.01
-0.04
4.39
-0.56
-0.52
-0.31
-0.02
2.88
-0.21
-0.05
-0.04
-0.10
-0.32
-0.30
-0.29
-0.36
-0.18
Россети ФСКЕЭС
АО«Тываэнерго»
АО«Чеченэнерго»
Россети Волга
РоссетиКубань
РоссетиЛенэнерго(ГК)
РоссетиМосковскийрегион
РоссетиСеверныйКавказ
РоссетиСеверо-Запад
РоссетиСибирь
РоссетиТомск
РоссетиТюмень
Россети Урал(ГК)
РоссетиЦентр (ГК)
РоссетиЦентр иПриволжье(ГК)
Россети Юг(ГК)
РоссетиЯнтарь
0
2
4
6
-2
8' and expected object '0.01
-0.04
4.39
-0.56
-0.52
-0.31
-0.02
2.88
-0.21
-0.05
-0.04
-0.10
-0.32
-0.30
-0.29
-0.36
-0.18
Россети ФСКЕЭС
АО«Тываэнерго»
АО«Чеченэнерго»
Россети Волга
РоссетиКубань
РоссетиЛенэнерго(ГК)
РоссетиМосковскийрегион
РоссетиСеверныйКавказ
РоссетиСеверо-Запад
РоссетиСибирь
РоссетиТомск
РоссетиТюмень
Россети Урал(ГК)
РоссетиЦентр (ГК)
РоссетиЦентр иПриволжье(ГК)
Россети Юг(ГК)
РоссетиЯнтарь
0
2
4
6
-2
8' are equal

2023-11-15 06:45:33 - [TEST_STEP][PASSED] - verifyEqual(findTestData("PlanFact").getValue(6, b), a5): Actual object '%
8.33 8.33
8.26 8.26
План
Факт
1
100' and expected object '%
8.33 8.33
8.26 8.26
План
Факт
1
100' are equal

2023-11-15 06:45:33 - [MESSAGE][PASSED] - Actual object '%
8.33 8.33
8.26 8.26
План
Факт
1
100' and expected object '%
8.33 8.33
8.26 8.26
План
Факт
1
100' are equal

2023-11-15 06:45:33 - [TEST_STEP][PASSED] - verifyEqual(findTestData("PlanFact").getValue(7, b), a6): Actual object 'п.п.
-0.07
Итого
-0.075
-0.05
-0.025
0' and expected object 'п.п.
-0.07
Итого
-0.075
-0.05
-0.025
0' are equal

2023-11-15 06:45:33 - [MESSAGE][PASSED] - Actual object 'п.п.
-0.07
Итого
-0.075
-0.05
-0.025
0' and expected object 'п.п.
-0.07
Итого
-0.075
-0.05
-0.025
0' are equal

2023-11-15 06:45:33 - [TEST_STEP][PASSED] - verifyEqual(findTestData("PlanFact").getValue(8, b), a7): Actual object '634 576 275' and expected object '634 576 275' are equal

2023-11-15 06:45:33 - [MESSAGE][PASSED] - Actual object '634 576 275' and expected object '634 576 275' are equal

2023-11-15 06:45:33 - [TEST_STEP][PASSED] - verifyEqual(findTestData("PlanFact").getValue(9, b), a8): Actual object '582 175 559' and expected object '582 175 559' are equal

2023-11-15 06:45:33 - [MESSAGE][PASSED] - Actual object '582 175 559' and expected object '582 175 559' are equal

2023-11-15 06:45:33 - [TEST_STEP][PASSED] - verifyEqual(findTestData("PlanFact").getValue(10, b), a9): Actual object '52 400 716' and expected object '52 400 716' are equal

2023-11-15 06:45:33 - [MESSAGE][PASSED] - Actual object '52 400 716' and expected object '52 400 716' are equal

2023-11-15 06:45:33 - [TEST_STEP][PASSED] - Script1686231490255.WriteToExcel(user, dashboardName, n, data, run, a1, a2, a3, a4, a5, a6, a7, a8, a9): null

2023-11-15 06:45:33 - [TEST_STEP][PASSED] - sheetName = "Sheet1": null

2023-11-15 06:45:33 - [TEST_STEP][PASSED] - workbook01 = getWorkbook(excelFilePath): null

2023-11-15 06:45:33 - [TEST_STEP][PASSED] - sheet01 = getExcelSheet(workbook01, sheetName): null

2023-11-15 06:45:33 - [TEST_STEP][PASSED] - setValueToCellByIndex(sheet01, n, 0, dashboardName): null

2023-11-15 06:45:33 - [TEST_STEP][PASSED] - setValueToCellByIndex(sheet01, n, 10, user): null

2023-11-15 06:45:33 - [TEST_STEP][PASSED] - setValueToCellByIndex(sheet01, n, 1, a1): null

2023-11-15 06:45:33 - [TEST_STEP][PASSED] - setValueToCellByIndex(sheet01, n, 2, a2): null

2023-11-15 06:45:33 - [TEST_STEP][PASSED] - setValueToCellByIndex(sheet01, n, 3, a3): null

2023-11-15 06:45:33 - [TEST_STEP][PASSED] - setValueToCellByIndex(sheet01, n, 4, a4): null

2023-11-15 06:45:33 - [TEST_STEP][PASSED] - setValueToCellByIndex(sheet01, n, 5, a5): null

2023-11-15 06:45:33 - [TEST_STEP][PASSED] - setValueToCellByIndex(sheet01, n, 6, a6): null

2023-11-15 06:45:33 - [TEST_STEP][PASSED] - setValueToCellByIndex(sheet01, n, 7, a7): null

2023-11-15 06:45:33 - [TEST_STEP][PASSED] - setValueToCellByIndex(sheet01, n, 8, a8): null

2023-11-15 06:45:33 - [TEST_STEP][PASSED] - setValueToCellByIndex(sheet01, n, 9, a9): null

2023-11-15 06:45:33 - [TEST_STEP][PASSED] - n = n + 1: null

2023-11-15 06:45:33 - [TEST_STEP][PASSED] - saveWorkbook(excelFilePath, workbook01): null

2023-11-15 06:45:34 - [TEST_STEP][PASSED] - if (run == 3): null

2023-11-15 06:45:34 - [TEST_STEP][PASSED] - closeBrowser(): null

2023-11-15 06:45:34 - [MESSAGE][PASSED] - Browser is closed

2023-11-15 06:45:34 - [TEST_STEP][PASSED] - VipolnenieBiznesPlana(user, dashboardName, n, data, run, a1, a2, a3, a4, a5, a6, a7, a8, a9): null

2023-11-15 06:45:34 - [TEST_STEP][PASSED] - n = data.getRowNumbers() + 1: null

2023-11-15 06:45:34 - [TEST_STEP][PASSED] - println(n): null

2023-11-15 06:45:34 - [TEST_STEP][PASSED] - dashboardName = "Выполнение бизнес-плана": null

2023-11-15 06:45:34 - [TEST_STEP][PASSED] - openBrowser(""): Browser is opened with url: ''

2023-11-15 06:45:34 - [MESSAGE][INFO] - Starting 'Chrome' driver

2023-11-15 06:45:34 - [MESSAGE][INFO] - Action delay is set to 0 milliseconds

2023-11-15 06:45:35 - [MESSAGE][PASSED] - Browser is opened with url: ''

2023-11-15 06:45:35 - [TEST_STEP][PASSED] - navigateToUrl(findTestData("PlanFact").getValue(10, 1)): Navigate to 'https://bi.rosseti.digital/viewer?dashboardGuid=d154a8eaf6824e2b9de1bb04dd061c18&sheetGuid=1305e8ce744049e1abdacea1ea397a26&fit=true' successfully

2023-11-15 06:45:39 - [MESSAGE][PASSED] - Navigate to 'https://bi.rosseti.digital/viewer?dashboardGuid=d154a8eaf6824e2b9de1bb04dd061c18&sheetGuid=1305e8ce744049e1abdacea1ea397a26&fit=true' successfully

2023-11-15 06:45:39 - [TEST_STEP][PASSED] - setText(findTestObject("Страница авторизации/input__username"), findTestData("PlanFact").getValue(8, run)): Text 'Petrova-OV' is set on object 'Object Repository/Страница авторизации/input__username'

2023-11-15 06:45:41 - [MESSAGE][PASSED] - Text 'Petrova-OV' is set on object 'Object Repository/Страница авторизации/input__username'

2023-11-15 06:45:41 - [TEST_STEP][PASSED] - setText(findTestObject("Страница авторизации/input__password"), findTestData("PlanFact").getValue(9, run)): Text '4Ex@~R53r&3x&BVe7' is set on object 'Object Repository/Страница авторизации/input__password'

2023-11-15 06:45:41 - [MESSAGE][PASSED] - Text '4Ex@~R53r&3x&BVe7' is set on object 'Object Repository/Страница авторизации/input__password'

2023-11-15 06:45:41 - [TEST_STEP][PASSED] - click(findTestObject("Страница авторизации/button_")): Object: 'Object Repository/Страница авторизации/button_' is clicked on

2023-11-15 06:45:43 - [MESSAGE][PASSED] - Object: 'Object Repository/Страница авторизации/button_' is clicked on

2023-11-15 06:45:43 - [TEST_STEP][PASSED] - delay(40): Delayed 40 second(s)

2023-11-15 06:46:23 - [MESSAGE][PASSED] - Delayed 40 second(s)

2023-11-15 06:46:23 - [TEST_STEP][PASSED] - Script1686231490255.ZakrytOpoveshenie(): null

2023-11-15 06:46:23 - [TEST_STEP][PASSED] - opoveshenie = getText(findTestObject("Выполнение бизнес-плана/Просьба обратить внимание")): Text of object 'Object Repository/Выполнение бизнес-плана/Просьба обратить внимание' is: 'Просьба обратить внимание'

2023-11-15 06:46:23 - [MESSAGE][PASSED] - Text of object 'Object Repository/Выполнение бизнес-плана/Просьба обратить внимание' is: 'Просьба обратить внимание'

2023-11-15 06:46:23 - [TEST_STEP][PASSED] - println(opoveshenie): null

2023-11-15 06:46:23 - [TEST_STEP][PASSED] - if (opoveshenie == "Просьба обратить внимание"): Object: 'Object Repository/Выполнение бизнес-плана/Закрыть оповещение' is clicked on

2023-11-15 06:46:23 - [TEST_STEP][PASSED] - click(findTestObject("Выполнение бизнес-плана/Закрыть оповещение")): Object: 'Object Repository/Выполнение бизнес-плана/Закрыть оповещение' is clicked on

2023-11-15 06:46:23 - [MESSAGE][PASSED] - Object: 'Object Repository/Выполнение бизнес-плана/Закрыть оповещение' is clicked on

2023-11-15 06:46:23 - [TEST_STEP][PASSED] - click(findTestObject("Object Repository/Выполнение бизнес-плана/Фильтр Дата")): Object: 'Object Repository/Выполнение бизнес-плана/Фильтр Дата' is clicked on

2023-11-15 06:46:24 - [MESSAGE][PASSED] - Object: 'Object Repository/Выполнение бизнес-плана/Фильтр Дата' is clicked on

2023-11-15 06:46:24 - [TEST_STEP][PASSED] - click(findTestObject("Выполнение бизнес-плана/Снять выделение в фильтре Дата")): Object: 'Object Repository/Выполнение бизнес-плана/Снять выделение в фильтре Дата' is clicked on

2023-11-15 06:46:24 - [MESSAGE][PASSED] - Object: 'Object Repository/Выполнение бизнес-плана/Снять выделение в фильтре Дата' is clicked on

2023-11-15 06:46:24 - [TEST_STEP][PASSED] - click(findTestObject("Object Repository/Выполнение бизнес-плана/Применить в фильтре Дата")): Object: 'Object Repository/Выполнение бизнес-плана/Применить в фильтре Дата' is clicked on

2023-11-15 06:46:25 - [MESSAGE][PASSED] - Object: 'Object Repository/Выполнение бизнес-плана/Применить в фильтре Дата' is clicked on

2023-11-15 06:46:25 - [TEST_STEP][PASSED] - delay(20): Delayed 20 second(s)

2023-11-15 06:46:45 - [MESSAGE][PASSED] - Delayed 20 second(s)

2023-11-15 06:46:45 - [TEST_STEP][PASSED] - Script1686231490255.ZakrytOpoveshenie(): null

2023-11-15 06:46:45 - [TEST_STEP][PASSED] - opoveshenie = getText(findTestObject("Выполнение бизнес-плана/Просьба обратить внимание")): Text of object 'Object Repository/Выполнение бизнес-плана/Просьба обратить внимание' is: 'Просьба обратить внимание'

2023-11-15 06:46:46 - [MESSAGE][PASSED] - Text of object 'Object Repository/Выполнение бизнес-плана/Просьба обратить внимание' is: 'Просьба обратить внимание'

2023-11-15 06:46:46 - [TEST_STEP][PASSED] - println(opoveshenie): null

2023-11-15 06:46:46 - [TEST_STEP][PASSED] - if (opoveshenie == "Просьба обратить внимание"): Object: 'Object Repository/Выполнение бизнес-плана/Закрыть оповещение' is clicked on

2023-11-15 06:46:46 - [TEST_STEP][PASSED] - click(findTestObject("Выполнение бизнес-плана/Закрыть оповещение")): Object: 'Object Repository/Выполнение бизнес-плана/Закрыть оповещение' is clicked on

2023-11-15 06:46:46 - [MESSAGE][PASSED] - Object: 'Object Repository/Выполнение бизнес-плана/Закрыть оповещение' is clicked on

2023-11-15 06:46:46 - [TEST_STEP][PASSED] - click(findTestObject("Object Repository/Выполнение бизнес-плана/Фильтр Дата")): Object: 'Object Repository/Выполнение бизнес-плана/Фильтр Дата' is clicked on

2023-11-15 06:46:46 - [MESSAGE][PASSED] - Object: 'Object Repository/Выполнение бизнес-плана/Фильтр Дата' is clicked on

2023-11-15 06:46:46 - [TEST_STEP][PASSED] - click(findTestObject("Выполнение бизнес-плана/Снять выделение в фильтре Дата")): Object: 'Object Repository/Выполнение бизнес-плана/Снять выделение в фильтре Дата' is clicked on

2023-11-15 06:46:47 - [MESSAGE][PASSED] - Object: 'Object Repository/Выполнение бизнес-плана/Снять выделение в фильтре Дата' is clicked on

2023-11-15 06:46:47 - [TEST_STEP][PASSED] - scrollToElement(findTestObject("Выполнение бизнес-плана/2023 список"), 30): Scroll to object 'Object Repository/Выполнение бизнес-плана/2023 список' successfully

2023-11-15 06:46:47 - [MESSAGE][PASSED] - Scroll to object 'Object Repository/Выполнение бизнес-плана/2023 список' successfully

2023-11-15 06:46:47 - [TEST_STEP][PASSED] - click(findTestObject("Выполнение бизнес-плана/2023 список")): Object: 'Object Repository/Выполнение бизнес-плана/2023 список' is clicked on

2023-11-15 06:46:48 - [MESSAGE][PASSED] - Object: 'Object Repository/Выполнение бизнес-плана/2023 список' is clicked on

2023-11-15 06:46:48 - [TEST_STEP][PASSED] - scrollToElement(findTestObject("Выполнение бизнес-плана/1 квартал 2023"), 30): Scroll to object 'Object Repository/Выполнение бизнес-плана/1 квартал 2023' successfully

2023-11-15 06:46:48 - [MESSAGE][PASSED] - Scroll to object 'Object Repository/Выполнение бизнес-плана/1 квартал 2023' successfully

2023-11-15 06:46:48 - [TEST_STEP][PASSED] - click(findTestObject("Выполнение бизнес-плана/1 квартал 2023")): Object: 'Object Repository/Выполнение бизнес-плана/1 квартал 2023' is clicked on

2023-11-15 06:46:49 - [MESSAGE][PASSED] - Object: 'Object Repository/Выполнение бизнес-плана/1 квартал 2023' is clicked on

2023-11-15 06:46:49 - [TEST_STEP][PASSED] - click(findTestObject("Выполнение бизнес-плана/2 квартал 2023")): Object: 'Object Repository/Выполнение бизнес-плана/2 квартал 2023' is clicked on

2023-11-15 06:46:49 - [MESSAGE][PASSED] - Object: 'Object Repository/Выполнение бизнес-плана/2 квартал 2023' is clicked on

2023-11-15 06:46:49 - [TEST_STEP][PASSED] - click(findTestObject("Выполнение бизнес-плана/3 квартал 2023")): Object: 'Object Repository/Выполнение бизнес-плана/3 квартал 2023' is clicked on

2023-11-15 06:46:49 - [MESSAGE][PASSED] - Object: 'Object Repository/Выполнение бизнес-плана/3 квартал 2023' is clicked on

2023-11-15 06:46:49 - [TEST_STEP][PASSED] - Script1686231490255.ZakrytOpoveshenie(): null

2023-11-15 06:46:49 - [TEST_STEP][PASSED] - opoveshenie = getText(findTestObject("Выполнение бизнес-плана/Просьба обратить внимание")): Text of object 'Object Repository/Выполнение бизнес-плана/Просьба обратить внимание' is: ''

2023-11-15 06:46:50 - [MESSAGE][PASSED] - Text of object 'Object Repository/Выполнение бизнес-плана/Просьба обратить внимание' is: ''

2023-11-15 06:46:50 - [TEST_STEP][PASSED] - println(opoveshenie): null

2023-11-15 06:46:50 - [TEST_STEP][PASSED] - if (opoveshenie == "Просьба обратить внимание"): null

2023-11-15 06:46:50 - [TEST_STEP][PASSED] - scrollToElement(findTestObject("Выполнение бизнес-плана/Заголовок фильтра ДЗО"), 30): Scroll to object 'Object Repository/Выполнение бизнес-плана/Заголовок фильтра ДЗО' successfully

2023-11-15 06:46:50 - [MESSAGE][PASSED] - Scroll to object 'Object Repository/Выполнение бизнес-плана/Заголовок фильтра ДЗО' successfully

2023-11-15 06:46:50 - [TEST_STEP][PASSED] - click(findTestObject("Object Repository/Выполнение бизнес-плана/Применить в фильтре Дата")): Object: 'Object Repository/Выполнение бизнес-плана/Применить в фильтре Дата' is clicked on

2023-11-15 06:46:51 - [MESSAGE][PASSED] - Object: 'Object Repository/Выполнение бизнес-плана/Применить в фильтре Дата' is clicked on

2023-11-15 06:46:51 - [TEST_STEP][PASSED] - delay(20): Delayed 20 second(s)

2023-11-15 06:47:11 - [MESSAGE][PASSED] - Delayed 20 second(s)

2023-11-15 06:47:11 - [TEST_STEP][PASSED] - Script1686231490255.ZakrytOpoveshenie(): null

2023-11-15 06:47:11 - [TEST_STEP][PASSED] - opoveshenie = getText(findTestObject("Выполнение бизнес-плана/Просьба обратить внимание")): Text of object 'Object Repository/Выполнение бизнес-плана/Просьба обратить внимание' is: 'Просьба обратить внимание'

2023-11-15 06:47:11 - [MESSAGE][PASSED] - Text of object 'Object Repository/Выполнение бизнес-плана/Просьба обратить внимание' is: 'Просьба обратить внимание'

2023-11-15 06:47:11 - [TEST_STEP][PASSED] - println(opoveshenie): null

2023-11-15 06:47:11 - [TEST_STEP][PASSED] - if (opoveshenie == "Просьба обратить внимание"): Object: 'Object Repository/Выполнение бизнес-плана/Закрыть оповещение' is clicked on

2023-11-15 06:47:11 - [TEST_STEP][PASSED] - click(findTestObject("Выполнение бизнес-плана/Закрыть оповещение")): Object: 'Object Repository/Выполнение бизнес-плана/Закрыть оповещение' is clicked on

2023-11-15 06:47:12 - [MESSAGE][PASSED] - Object: 'Object Repository/Выполнение бизнес-плана/Закрыть оповещение' is clicked on

2023-11-15 06:47:12 - [TEST_STEP][PASSED] - click(findTestObject("Object Repository/Выполнение бизнес-плана/Фильтр ДЗО")): Object: 'Object Repository/Выполнение бизнес-плана/Фильтр ДЗО' is clicked on

2023-11-15 06:47:12 - [MESSAGE][PASSED] - Object: 'Object Repository/Выполнение бизнес-плана/Фильтр ДЗО' is clicked on

2023-11-15 06:47:12 - [TEST_STEP][PASSED] - click(findTestObject("Выполнение бизнес-плана/Снять выделение в фильтре ДЗО")): Object: 'Object Repository/Выполнение бизнес-плана/Снять выделение в фильтре ДЗО' is clicked on

2023-11-15 06:47:13 - [MESSAGE][PASSED] - Object: 'Object Repository/Выполнение бизнес-плана/Снять выделение в фильтре ДЗО' is clicked on

2023-11-15 06:47:13 - [TEST_STEP][PASSED] - click(findTestObject("Выполнение бизнес-плана/ПАО Россети")): Object: 'Object Repository/Выполнение бизнес-плана/ПАО Россети' is clicked on

2023-11-15 06:47:13 - [MESSAGE][PASSED] - Object: 'Object Repository/Выполнение бизнес-плана/ПАО Россети' is clicked on

2023-11-15 06:47:13 - [TEST_STEP][PASSED] - click(findTestObject("Object Repository/Выполнение бизнес-плана/Применить в фильтре ДЗО")): Object: 'Object Repository/Выполнение бизнес-плана/Применить в фильтре ДЗО' is clicked on

2023-11-15 06:47:14 - [MESSAGE][PASSED] - Object: 'Object Repository/Выполнение бизнес-плана/Применить в фильтре ДЗО' is clicked on

2023-11-15 06:47:14 - [TEST_STEP][PASSED] - delay(20): Delayed 20 second(s)

2023-11-15 06:47:34 - [MESSAGE][PASSED] - Delayed 20 second(s)

2023-11-15 06:47:34 - [TEST_STEP][PASSED] - if (run == 1): null

2023-11-15 06:47:34 - [TEST_STEP][PASSED] - if (run == 2): null

2023-11-15 06:47:34 - [TEST_STEP][PASSED] - if (run == 3): null

2023-11-15 06:47:34 - [TEST_STEP][PASSED] - user = "Попова": null

2023-11-15 06:47:34 - [TEST_STEP][PASSED] - a1 = getText(findTestObject("Выполнение бизнес-плана/Проценты")): Text of object 'Object Repository/Выполнение бизнес-плана/Проценты' is: '%
8.33 8.33
8.26 8.26
План
Факт
1
100'

2023-11-15 06:47:35 - [MESSAGE][PASSED] - Text of object 'Object Repository/Выполнение бизнес-плана/Проценты' is: '%
8.33 8.33
8.26 8.26
План
Факт
1
100'

2023-11-15 06:47:35 - [TEST_STEP][PASSED] - a2 = getText(findTestObject("Выполнение бизнес-плана/vidget 2")): Text of object 'Object Repository/Выполнение бизнес-плана/vidget 2' is: 'Россети ФСКЕЭС
АО«Тываэнерго»
АО«Чеченэнерго»
Россети Волга
РоссетиКубань
РоссетиЛенэнерго(ГК)
РоссетиМосковскийрегион
РоссетиСеверныйКавказ
РоссетиСеверо-Запад
РоссетиСибирь
РоссетиТомск
РоссетиТюмень
Россети Урал(ГК)
РоссетиЦентр (ГК)
РоссетиЦентр иПриволжье(ГК)
Россети Юг(ГК)
РоссетиЯнтарь
0
20
40
60
80'

2023-11-15 06:47:35 - [MESSAGE][PASSED] - Text of object 'Object Repository/Выполнение бизнес-плана/vidget 2' is: 'Россети ФСКЕЭС
АО«Тываэнерго»
АО«Чеченэнерго»
Россети Волга
РоссетиКубань
РоссетиЛенэнерго(ГК)
РоссетиМосковскийрегион
РоссетиСеверныйКавказ
РоссетиСеверо-Запад
РоссетиСибирь
РоссетиТомск
РоссетиТюмень
Россети Урал(ГК)
РоссетиЦентр (ГК)
РоссетиЦентр иПриволжье(ГК)
Россети Юг(ГК)
РоссетиЯнтарь
0
20
40
60
80'

2023-11-15 06:47:35 - [TEST_STEP][PASSED] - a3 = getText(findTestObject("Выполнение бизнес-плана/table")): Text of object 'Object Repository/Выполнение бизнес-плана/table' is: '442 350 150 541 311 2 460 390 38 232 669 20 264 958 26 601 374 71 405 768 16 144 860 23 925 356 44 278 965 3 727 444 40 431 972 53 194 255 43 153 715 39 435 524 21 582 149 3 179 146
424 091 035 437 757 1 619 528 36 304 251 18 482 556 23 881 750 66 311 348 11 964 319 22 675 468 41 263 475 3 430 288 39 427 939 50 245 412 38 964 583 36 800 739 19 690 805 2 911 380
18 259 115 103 553 840 862 1 928 418 1 782 402 2 719 623 5 094 301 4 180 541 1 249 889 3 015 490 297 156 1 004 033 2 948 842 4 189 133 2 634 786 1 884 804 267 766'

2023-11-15 06:47:35 - [MESSAGE][PASSED] - Text of object 'Object Repository/Выполнение бизнес-плана/table' is: '442 350 150 541 311 2 460 390 38 232 669 20 264 958 26 601 374 71 405 768 16 144 860 23 925 356 44 278 965 3 727 444 40 431 972 53 194 255 43 153 715 39 435 524 21 582 149 3 179 146
424 091 035 437 757 1 619 528 36 304 251 18 482 556 23 881 750 66 311 348 11 964 319 22 675 468 41 263 475 3 430 288 39 427 939 50 245 412 38 964 583 36 800 739 19 690 805 2 911 380
18 259 115 103 553 840 862 1 928 418 1 782 402 2 719 623 5 094 301 4 180 541 1 249 889 3 015 490 297 156 1 004 033 2 948 842 4 189 133 2 634 786 1 884 804 267 766'

2023-11-15 06:47:35 - [TEST_STEP][PASSED] - a4 = getText(findTestObject("Выполнение бизнес-плана/otkloneniya")): Text of object 'Object Repository/Выполнение бизнес-плана/otkloneniya' is: '0.01
-0.04
4.39
-0.56
-0.52
-0.31
-0.02
2.88
-0.21
-0.05
-0.04
-0.10
-0.32
-0.30
-0.29
-0.36
-0.18
Россети ФСКЕЭС
АО«Тываэнерго»
АО«Чеченэнерго»
Россети Волга
РоссетиКубань
РоссетиЛенэнерго(ГК)
РоссетиМосковскийрегион
РоссетиСеверныйКавказ
РоссетиСеверо-Запад
РоссетиСибирь
РоссетиТомск
РоссетиТюмень
Россети Урал(ГК)
РоссетиЦентр (ГК)
РоссетиЦентр иПриволжье(ГК)
Россети Юг(ГК)
РоссетиЯнтарь
0
2
4
6
-2
8'

2023-11-15 06:47:36 - [MESSAGE][PASSED] - Text of object 'Object Repository/Выполнение бизнес-плана/otkloneniya' is: '0.01
-0.04
4.39
-0.56
-0.52
-0.31
-0.02
2.88
-0.21
-0.05
-0.04
-0.10
-0.32
-0.30
-0.29
-0.36
-0.18
Россети ФСКЕЭС
АО«Тываэнерго»
АО«Чеченэнерго»
Россети Волга
РоссетиКубань
РоссетиЛенэнерго(ГК)
РоссетиМосковскийрегион
РоссетиСеверныйКавказ
РоссетиСеверо-Запад
РоссетиСибирь
РоссетиТомск
РоссетиТюмень
Россети Урал(ГК)
РоссетиЦентр (ГК)
РоссетиЦентр иПриволжье(ГК)
Россети Юг(ГК)
РоссетиЯнтарь
0
2
4
6
-2
8'

2023-11-15 06:47:36 - [TEST_STEP][PASSED] - a5 = getText(findTestObject("Выполнение бизнес-плана/svg1")): Text of object 'Object Repository/Выполнение бизнес-плана/svg1' is: '%
8.33 8.33
8.26 8.26
План
Факт
1
100'

2023-11-15 06:47:36 - [MESSAGE][PASSED] - Text of object 'Object Repository/Выполнение бизнес-плана/svg1' is: '%
8.33 8.33
8.26 8.26
План
Факт
1
100'

2023-11-15 06:47:36 - [TEST_STEP][PASSED] - a6 = getText(findTestObject("Выполнение бизнес-плана/svg2")): Text of object 'Object Repository/Выполнение бизнес-плана/svg2' is: 'п.п.
-0.07
Итого
-0.075
-0.05
-0.025
0'

2023-11-15 06:47:36 - [MESSAGE][PASSED] - Text of object 'Object Repository/Выполнение бизнес-плана/svg2' is: 'п.п.
-0.07
Итого
-0.075
-0.05
-0.025
0'

2023-11-15 06:47:36 - [TEST_STEP][PASSED] - a7 = getText(findTestObject("Выполнение бизнес-плана/Значения со страницы Выполнение бизнес-плана/Факт Отпуск в сеть за отчётный период ПАО Россети")): Text of object 'Object Repository/Выполнение бизнес-плана/Значения со страницы Выполнение бизнес-плана/Факт Отпуск в сеть за отчётный период ПАО Россети' is: '634 576 275'

2023-11-15 06:47:37 - [MESSAGE][PASSED] - Text of object 'Object Repository/Выполнение бизнес-плана/Значения со страницы Выполнение бизнес-плана/Факт Отпуск в сеть за отчётный период ПАО Россети' is: '634 576 275'

2023-11-15 06:47:37 - [TEST_STEP][PASSED] - a8 = getText(findTestObject("Выполнение бизнес-плана/Значения со страницы Выполнение бизнес-плана/Факт Отпуск из сети за отчётный период ПАО Россети")): Text of object 'Object Repository/Выполнение бизнес-плана/Значения со страницы Выполнение бизнес-плана/Факт Отпуск из сети за отчётный период ПАО Россети' is: '582 175 559'

2023-11-15 06:47:37 - [MESSAGE][PASSED] - Text of object 'Object Repository/Выполнение бизнес-плана/Значения со страницы Выполнение бизнес-плана/Факт Отпуск из сети за отчётный период ПАО Россети' is: '582 175 559'

2023-11-15 06:47:37 - [TEST_STEP][PASSED] - a9 = getText(findTestObject("Выполнение бизнес-плана/Значения со страницы Выполнение бизнес-плана/Факт Потери за отчётный период ПАО Россети")): Text of object 'Object Repository/Выполнение бизнес-плана/Значения со страницы Выполнение бизнес-плана/Факт Потери за отчётный период ПАО Россети' is: '52 400 716'

2023-11-15 06:47:37 - [MESSAGE][PASSED] - Text of object 'Object Repository/Выполнение бизнес-плана/Значения со страницы Выполнение бизнес-плана/Факт Потери за отчётный период ПАО Россети' is: '52 400 716'

2023-11-15 06:47:37 - [TEST_STEP][PASSED] - n = n + 2: null

2023-11-15 06:47:37 - [TEST_STEP][PASSED] - b = data.getRowNumbers() + 1: null

2023-11-15 06:47:37 - [TEST_STEP][PASSED] - verifyEqual(findTestData("PlanFact").getValue(2, b), a1): Actual object '%
8.33 8.33
8.26 8.26
План
Факт
1
100' and expected object '%
8.33 8.33
8.26 8.26
План
Факт
1
100' are equal

2023-11-15 06:47:38 - [MESSAGE][PASSED] - Actual object '%
8.33 8.33
8.26 8.26
План
Факт
1
100' and expected object '%
8.33 8.33
8.26 8.26
План
Факт
1
100' are equal

2023-11-15 06:47:38 - [TEST_STEP][PASSED] - verifyEqual(findTestData("PlanFact").getValue(3, b), a2): Actual object 'Россети ФСКЕЭС
АО«Тываэнерго»
АО«Чеченэнерго»
Россети Волга
РоссетиКубань
РоссетиЛенэнерго(ГК)
РоссетиМосковскийрегион
РоссетиСеверныйКавказ
РоссетиСеверо-Запад
РоссетиСибирь
РоссетиТомск
РоссетиТюмень
Россети Урал(ГК)
РоссетиЦентр (ГК)
РоссетиЦентр иПриволжье(ГК)
Россети Юг(ГК)
РоссетиЯнтарь
0
20
40
60
80' and expected object 'Россети ФСКЕЭС
АО«Тываэнерго»
АО«Чеченэнерго»
Россети Волга
РоссетиКубань
РоссетиЛенэнерго(ГК)
РоссетиМосковскийрегион
РоссетиСеверныйКавказ
РоссетиСеверо-Запад
РоссетиСибирь
РоссетиТомск
РоссетиТюмень
Россети Урал(ГК)
РоссетиЦентр (ГК)
РоссетиЦентр иПриволжье(ГК)
Россети Юг(ГК)
РоссетиЯнтарь
0
20
40
60
80' are equal

2023-11-15 06:47:38 - [MESSAGE][PASSED] - Actual object 'Россети ФСКЕЭС
АО«Тываэнерго»
АО«Чеченэнерго»
Россети Волга
РоссетиКубань
РоссетиЛенэнерго(ГК)
РоссетиМосковскийрегион
РоссетиСеверныйКавказ
РоссетиСеверо-Запад
РоссетиСибирь
РоссетиТомск
РоссетиТюмень
Россети Урал(ГК)
РоссетиЦентр (ГК)
РоссетиЦентр иПриволжье(ГК)
Россети Юг(ГК)
РоссетиЯнтарь
0
20
40
60
80' and expected object 'Россети ФСКЕЭС
АО«Тываэнерго»
АО«Чеченэнерго»
Россети Волга
РоссетиКубань
РоссетиЛенэнерго(ГК)
РоссетиМосковскийрегион
РоссетиСеверныйКавказ
РоссетиСеверо-Запад
РоссетиСибирь
РоссетиТомск
РоссетиТюмень
Россети Урал(ГК)
РоссетиЦентр (ГК)
РоссетиЦентр иПриволжье(ГК)
Россети Юг(ГК)
РоссетиЯнтарь
0
20
40
60
80' are equal

2023-11-15 06:47:38 - [TEST_STEP][PASSED] - verifyEqual(findTestData("PlanFact").getValue(4, b), a3): Actual object '442 350 150 541 311 2 460 390 38 232 669 20 264 958 26 601 374 71 405 768 16 144 860 23 925 356 44 278 965 3 727 444 40 431 972 53 194 255 43 153 715 39 435 524 21 582 149 3 179 146
424 091 035 437 757 1 619 528 36 304 251 18 482 556 23 881 750 66 311 348 11 964 319 22 675 468 41 263 475 3 430 288 39 427 939 50 245 412 38 964 583 36 800 739 19 690 805 2 911 380
18 259 115 103 553 840 862 1 928 418 1 782 402 2 719 623 5 094 301 4 180 541 1 249 889 3 015 490 297 156 1 004 033 2 948 842 4 189 133 2 634 786 1 884 804 267 766' and expected object '442 350 150 541 311 2 460 390 38 232 669 20 264 958 26 601 374 71 405 768 16 144 860 23 925 356 44 278 965 3 727 444 40 431 972 53 194 255 43 153 715 39 435 524 21 582 149 3 179 146
424 091 035 437 757 1 619 528 36 304 251 18 482 556 23 881 750 66 311 348 11 964 319 22 675 468 41 263 475 3 430 288 39 427 939 50 245 412 38 964 583 36 800 739 19 690 805 2 911 380
18 259 115 103 553 840 862 1 928 418 1 782 402 2 719 623 5 094 301 4 180 541 1 249 889 3 015 490 297 156 1 004 033 2 948 842 4 189 133 2 634 786 1 884 804 267 766' are equal

2023-11-15 06:47:38 - [MESSAGE][PASSED] - Actual object '442 350 150 541 311 2 460 390 38 232 669 20 264 958 26 601 374 71 405 768 16 144 860 23 925 356 44 278 965 3 727 444 40 431 972 53 194 255 43 153 715 39 435 524 21 582 149 3 179 146
424 091 035 437 757 1 619 528 36 304 251 18 482 556 23 881 750 66 311 348 11 964 319 22 675 468 41 263 475 3 430 288 39 427 939 50 245 412 38 964 583 36 800 739 19 690 805 2 911 380
18 259 115 103 553 840 862 1 928 418 1 782 402 2 719 623 5 094 301 4 180 541 1 249 889 3 015 490 297 156 1 004 033 2 948 842 4 189 133 2 634 786 1 884 804 267 766' and expected object '442 350 150 541 311 2 460 390 38 232 669 20 264 958 26 601 374 71 405 768 16 144 860 23 925 356 44 278 965 3 727 444 40 431 972 53 194 255 43 153 715 39 435 524 21 582 149 3 179 146
424 091 035 437 757 1 619 528 36 304 251 18 482 556 23 881 750 66 311 348 11 964 319 22 675 468 41 263 475 3 430 288 39 427 939 50 245 412 38 964 583 36 800 739 19 690 805 2 911 380
18 259 115 103 553 840 862 1 928 418 1 782 402 2 719 623 5 094 301 4 180 541 1 249 889 3 015 490 297 156 1 004 033 2 948 842 4 189 133 2 634 786 1 884 804 267 766' are equal

2023-11-15 06:47:38 - [TEST_STEP][PASSED] - verifyEqual(findTestData("PlanFact").getValue(5, b), a4): Actual object '0.01
-0.04
4.39
-0.56
-0.52
-0.31
-0.02
2.88
-0.21
-0.05
-0.04
-0.10
-0.32
-0.30
-0.29
-0.36
-0.18
Россети ФСКЕЭС
АО«Тываэнерго»
АО«Чеченэнерго»
Россети Волга
РоссетиКубань
РоссетиЛенэнерго(ГК)
РоссетиМосковскийрегион
РоссетиСеверныйКавказ
РоссетиСеверо-Запад
РоссетиСибирь
РоссетиТомск
РоссетиТюмень
Россети Урал(ГК)
РоссетиЦентр (ГК)
РоссетиЦентр иПриволжье(ГК)
Россети Юг(ГК)
РоссетиЯнтарь
0
2
4
6
-2
8' and expected object '0.01
-0.04
4.39
-0.56
-0.52
-0.31
-0.02
2.88
-0.21
-0.05
-0.04
-0.10
-0.32
-0.30
-0.29
-0.36
-0.18
Россети ФСКЕЭС
АО«Тываэнерго»
АО«Чеченэнерго»
Россети Волга
РоссетиКубань
РоссетиЛенэнерго(ГК)
РоссетиМосковскийрегион
РоссетиСеверныйКавказ
РоссетиСеверо-Запад
РоссетиСибирь
РоссетиТомск
РоссетиТюмень
Россети Урал(ГК)
РоссетиЦентр (ГК)
РоссетиЦентр иПриволжье(ГК)
Россети Юг(ГК)
РоссетиЯнтарь
0
2
4
6
-2
8' are equal

2023-11-15 06:47:38 - [MESSAGE][PASSED] - Actual object '0.01
-0.04
4.39
-0.56
-0.52
-0.31
-0.02
2.88
-0.21
-0.05
-0.04
-0.10
-0.32
-0.30
-0.29
-0.36
-0.18
Россети ФСКЕЭС
АО«Тываэнерго»
АО«Чеченэнерго»
Россети Волга
РоссетиКубань
РоссетиЛенэнерго(ГК)
РоссетиМосковскийрегион
РоссетиСеверныйКавказ
РоссетиСеверо-Запад
РоссетиСибирь
РоссетиТомск
РоссетиТюмень
Россети Урал(ГК)
РоссетиЦентр (ГК)
РоссетиЦентр иПриволжье(ГК)
Россети Юг(ГК)
РоссетиЯнтарь
0
2
4
6
-2
8' and expected object '0.01
-0.04
4.39
-0.56
-0.52
-0.31
-0.02
2.88
-0.21
-0.05
-0.04
-0.10
-0.32
-0.30
-0.29
-0.36
-0.18
Россети ФСКЕЭС
АО«Тываэнерго»
АО«Чеченэнерго»
Россети Волга
РоссетиКубань
РоссетиЛенэнерго(ГК)
РоссетиМосковскийрегион
РоссетиСеверныйКавказ
РоссетиСеверо-Запад
РоссетиСибирь
РоссетиТомск
РоссетиТюмень
Россети Урал(ГК)
РоссетиЦентр (ГК)
РоссетиЦентр иПриволжье(ГК)
Россети Юг(ГК)
РоссетиЯнтарь
0
2
4
6
-2
8' are equal

2023-11-15 06:47:38 - [TEST_STEP][PASSED] - verifyEqual(findTestData("PlanFact").getValue(6, b), a5): Actual object '%
8.33 8.33
8.26 8.26
План
Факт
1
100' and expected object '%
8.33 8.33
8.26 8.26
План
Факт
1
100' are equal

2023-11-15 06:47:38 - [MESSAGE][PASSED] - Actual object '%
8.33 8.33
8.26 8.26
План
Факт
1
100' and expected object '%
8.33 8.33
8.26 8.26
План
Факт
1
100' are equal

[...]
Нефтедобыча
Нефтепереработка
Нефтепроводы
Газопроводы
Сельскоехозяйство ипищеваяпромышленность
Непромышленныепотребители
Государственные(муниципальные)организации ипрочиебюджетныепотребители
Население иприравненныегруппыпотребителей
Территориальныесетевыеорганизации
5 5
319 319
82 82
82 82
17 17
22 22
2 2
56 56
219 219
67 67
219 219
246 246
5 5
324 324
82 82
81 81
20 20
21 21
3 3
56 56
221 221
67 67
217 217
256 256
План
Ожидаемое (прогноз по конца года)
Интер РАО (дляФСК)
Промышленныепотребители
Транспорт
Нефтедобыча
Нефтепереработка
Нефтепроводы
Газопроводы
Сельскоехозяйство ипищеваяпромышленность
Непромышленныепотребители
Государственные(муниципальные)организации ипрочиебюджетныепотребители
Население иприравненныегруппыпотребителей
Территориальныесетевыеорганизации
-13.6% -13.6%
-0.4% -0.4%
-0.0% -0.0%
0.3% 0.3%
0.9% 0.9%
2.1% 2.1%
7.4% 7.4%
1.1% 1.1%
0.3% 0.3%
0.8% 0.8%
-1.2% -1.2%
0.5% 0.5%
⬤ Отклонение, %
Интер РАО (для ФСК)
Промышленные потребители
Транспорт
Нефтедобыча
Нефтепереработка
Нефтепроводы
Газопроводы
Сельское хозяйство и пищевая пр…
Непромышленные потребители
Государственные (муниципальные…
Население и приравненные групп…
Территориальные сетевые органи…
Выручка отклонения по ПАО Россети на 2023 год
-6.6% -6.6%
1.7% 1.7%
-0.0% -0.0%
-1.2% -1.2%
12.8% 12.8%
-3.7% -3.7%
19.0% 19.0%
-0.2% -0.2%
0.6% 0.6%
0.6% 0.6%
-0.7% -0.7%
4.4% 4.4%
⬤ Отклонение, %
Интер РАО (для ФСК)
Промышленные потребители
Транспорт
Нефтедобыча
Нефтепереработка
Нефтепроводы
Газопроводы
Сельское хозяйство и пищевая пр…
Непромышленные потребители
Государственные (муниципальные…
Население и приравненные групп…
Территориальные сетевые органи…
абс.
%
Прогноз на месяц 
Июнь
КПО/Отпуск из сети 
Отпуск из сети, млн. кВт.ч
Организация 
Все
Прогноз электропотребления и выручки за услуги по передаче в разрезе отраслей' and expected object 'Год 
2023 год
Сравнение с 
План
Динамика электропотребления,  10 10
190 190
37 37
49 49
10 10
15 15
4 4
17 17
83 83
19 19
83 83
602 602
9 9
189 189
37 37
49 49
10 10
15 15
4 4
17 17
83 83
19 19
82 82
605 605
План
Ожидаемое (прогноз по конца года)
Интер РАО (дляФСК)
Промышленныепотребители
Транспорт
Нефтедобыча
Нефтепереработка
Нефтепроводы
Газопроводы
Сельскоехозяйство ипищеваяпромышленность
Непромышленныепотребители
Государственные(муниципальные)организации ипрочиебюджетныепотребители
Население иприравненныегруппыпотребителей
Территориальныесетевыеорганизации
5 5
319 319
82 82
82 82
17 17
22 22
2 2
56 56
219 219
67 67
219 219
246 246
5 5
324 324
82 82
81 81
20 20
21 21
3 3
56 56
221 221
67 67
217 217
256 256
План
Ожидаемое (прогноз по конца года)
Интер РАО (дляФСК)
Промышленныепотребители
Транспорт
Нефтедобыча
Нефтепереработка
Нефтепроводы
Газопроводы
Сельскоехозяйство ипищеваяпромышленность
Непромышленныепотребители
Государственные(муниципальные)организации ипрочиебюджетныепотребители
Население иприравненныегруппыпотребителей
Территориальныесетевыеорганизации
-13.6% -13.6%
-0.4% -0.4%
-0.0% -0.0%
0.3% 0.3%
0.9% 0.9%
2.1% 2.1%
7.4% 7.4%
1.1% 1.1%
0.3% 0.3%
0.8% 0.8%
-1.2% -1.2%
0.5% 0.5%
⬤ Отклонение, %
Интер РАО (для ФСК)
Промышленные потребители
Транспорт
Нефтедобыча
Нефтепереработка
Нефтепроводы
Газопроводы
Сельское хозяйство и пищевая пр…
Непромышленные потребители
Государственные (муниципальные…
Население и приравненные групп…
Территориальные сетевые органи…
Выручка отклонения по ПАО Россети на 2023 год
-6.6% -6.6%
1.7% 1.7%
-0.0% -0.0%
-1.2% -1.2%
12.8% 12.8%
-3.7% -3.7%
19.0% 19.0%
-0.2% -0.2%
0.6% 0.6%
0.6% 0.6%
-0.7% -0.7%
4.4% 4.4%
⬤ Отклонение, %
Интер РАО (для ФСК)
Промышленные потребители
Транспорт
Нефтедобыча
Нефтепереработка
Нефтепроводы
Газопроводы
Сельское хозяйство и пищевая пр…
Непромышленные потребители
Государственные (муниципальные…
Население и приравненные групп…
Территориальные сетевые органи…
абс.
%
Прогноз на месяц 
Июнь
КПО/Отпуск из сети 
Отпуск из сети, млн. кВт.ч
Организация 
Все
Прогноз электропотребления и выручки за услуги по передаче в разрезе отраслей' are equal

2023-11-15 07:04:23 - [MESSAGE][PASSED] - Actual object 'Год 
2023 год
Сравнение с 
План
Динамика электропотребления,  10 10
190 190
37 37
49 49
10 10
15 15
4 4
17 17
83 83
19 19
83 83
602 602
9 9
189 189
37 37
49 49
10 10
15 15
4 4
17 17
83 83
19 19
82 82
605 605
План
Ожидаемое (прогноз по конца года)
Интер РАО (дляФСК)
Промышленныепотребители
Транспорт
Нефтедобыча
Нефтепереработка
Нефтепроводы
Газопроводы
Сельскоехозяйство ипищеваяпромышленность
Непромышленныепотребители
Государственные(муниципальные)организации ипрочиебюджетныепотребители
Население иприравненныегруппыпотребителей
Территориальныесетевыеорганизации
5 5
319 319
82 82
82 82
17 17
22 22
2 2
56 56
219 219
67 67
219 219
246 246
5 5
324 324
82 82
81 81
20 20
21 21
3 3
56 56
221 221
67 67
217 217
256 256
План
Ожидаемое (прогноз по конца года)
Интер РАО (дляФСК)
Промышленныепотребители
Транспорт
Нефтедобыча
Нефтепереработка
Нефтепроводы
Газопроводы
Сельскоехозяйство ипищеваяпромышленность
Непромышленныепотребители
Государственные(муниципальные)организации ипрочиебюджетныепотребители
Население иприравненныегруппыпотребителей
Территориальныесетевыеорганизации
-13.6% -13.6%
-0.4% -0.4%
-0.0% -0.0%
0.3% 0.3%
0.9% 0.9%
2.1% 2.1%
7.4% 7.4%
1.1% 1.1%
0.3% 0.3%
0.8% 0.8%
-1.2% -1.2%
0.5% 0.5%
⬤ Отклонение, %
Интер РАО (для ФСК)
Промышленные потребители
Транспорт
Нефтедобыча
Нефтепереработка
Нефтепроводы
Газопроводы
Сельское хозяйство и пищевая пр…
Непромышленные потребители
Государственные (муниципальные…
Население и приравненные групп…
Территориальные сетевые органи…
Выручка отклонения по ПАО Россети на 2023 год
-6.6% -6.6%
1.7% 1.7%
-0.0% -0.0%
-1.2% -1.2%
12.8% 12.8%
-3.7% -3.7%
19.0% 19.0%
-0.2% -0.2%
0.6% 0.6%
0.6% 0.6%
-0.7% -0.7%
4.4% 4.4%
⬤ Отклонение, %
Интер РАО (для ФСК)
Промышленные потребители
Транспорт
Нефтедобыча
Нефтепереработка
Нефтепроводы
Газопроводы
Сельское хозяйство и пищевая пр…
Непромышленные потребители
Государственные (муниципальные…
Население и приравненные групп…
Территориальные сетевые органи…
абс.
%
Прогноз на месяц 
Июнь
КПО/Отпуск из сети 
Отпуск из сети, млн. кВт.ч
Организация 
Все
Прогноз электропотребления и выручки за услуги по передаче в разрезе отраслей' and expected object 'Год 
2023 год
Сравнение с 
План
Динамика электропотребления,  10 10
190 190
37 37
49 49
10 10
15 15
4 4
17 17
83 83
19 19
83 83
602 602
9 9
189 189
37 37
49 49
10 10
15 15
4 4
17 17
83 83
19 19
82 82
605 605
План
Ожидаемое (прогноз по конца года)
Интер РАО (дляФСК)
Промышленныепотребители
Транспорт
Нефтедобыча
Нефтепереработка
Нефтепроводы
Газопроводы
Сельскоехозяйство ипищеваяпромышленность
Непромышленныепотребители
Государственные(муниципальные)организации ипрочиебюджетныепотребители
Население иприравненныегруппыпотребителей
Территориальныесетевыеорганизации
5 5
319 319
82 82
82 82
17 17
22 22
2 2
56 56
219 219
67 67
219 219
246 246
5 5
324 324
82 82
81 81
20 20
21 21
3 3
56 56
221 221
67 67
217 217
256 256
План
Ожидаемое (прогноз по конца года)
Интер РАО (дляФСК)
Промышленныепотребители
Транспорт
Нефтедобыча
Нефтепереработка
Нефтепроводы
Газопроводы
Сельскоехозяйство ипищеваяпромышленность
Непромышленныепотребители
Государственные(муниципальные)организации ипрочиебюджетныепотребители
Население иприравненныегруппыпотребителей
Территориальныесетевыеорганизации
-13.6% -13.6%
-0.4% -0.4%
-0.0% -0.0%
0.3% 0.3%
0.9% 0.9%
2.1% 2.1%
7.4% 7.4%
1.1% 1.1%
0.3% 0.3%
0.8% 0.8%
-1.2% -1.2%
0.5% 0.5%
⬤ Отклонение, %
Интер РАО (для ФСК)
Промышленные потребители
Транспорт
Нефтедобыча
Нефтепереработка
Нефтепроводы
Газопроводы
Сельское хозяйство и пищевая пр…
Непромышленные потребители
Государственные (муниципальные…
Население и приравненные групп…
Территориальные сетевые органи…
Выручка отклонения по ПАО Россети на 2023 год
-6.6% -6.6%
1.7% 1.7%
-0.0% -0.0%
-1.2% -1.2%
12.8% 12.8%
-3.7% -3.7%
19.0% 19.0%
-0.2% -0.2%
0.6% 0.6%
0.6% 0.6%
-0.7% -0.7%
4.4% 4.4%
⬤ Отклонение, %
Интер РАО (для ФСК)
Промышленные потребители
Транспорт
Нефтедобыча
Нефтепереработка
Нефтепроводы
Газопроводы
Сельское хозяйство и пищевая пр…
Непромышленные потребители
Государственные (муниципальные…
Население и приравненные групп…
Территориальные сетевые органи…
абс.
%
Прогноз на месяц 
Июнь
КПО/Отпуск из сети 
Отпуск из сети, млн. кВт.ч
Организация 
Все
Прогноз электропотребления и выручки за услуги по передаче в разрезе отраслей' are equal

2023-11-15 07:04:23 - [TEST_STEP][PASSED] - verifyEqual(findTestData("PlanFact").getValue(3, b), a2): Actual object 'Год 
2023 год
Сравнение с 
План
Отклонения по ПАО Россети на 2023 год
-1 419.0 -1 419.0
-710.9 -710.9
-13.2 -13.2
133.1 133.1
89.9 89.9
312.7 312.7
259.6 259.6
187.8 187.8
153.1 153.1
147.5 147.5
-1 123.3 -1 123.3
2 934.5 2 934.5
⬤ Отклонение, млн. кВт.ч
Интер РАО (для ФСК)
Промышленные потребители
Транспорт
Нефтедобыча
Нефтепереработка
Нефтепроводы
Газопроводы
Сельское хозяйство и пищевая пр…
Непромышленные потребители
Государственные (муниципальные…
Население и приравненные групп…
Территориальные сетевые органи…
Выручка отклонения по ПАО Россети на 2023 год
-338.7 -338.7
5 320.6 5 320.6
-5.0 -5.0
-991.2 -991.2
2 214.2 2 214.2
-814.7 -814.7
470.5 470.5
-98.3 -98.3
1 268.9 1 268.9
410.1 410.1
-1 534.1 -1 534.1
10 218.3 10 218.3
⬤ Отклонение, млн. руб.
Интер РАО (для ФСК)
Промышленные потребители
Транспорт
Нефтедобыча
Нефтепереработка
Нефтепроводы
Газопроводы
Сельское хозяйство и пищевая пр…
Непромышленные потребители
Государственные (муниципальные…
Население и приравненные групп…
Территориальные сетевые органи…
Динамика электропотребления, млрд. кВт.ч. по ПАО Россети на 2023 год
10 10
190 190
37 37
49 49
10 10
15 15
4 4
17 17
83 83
19 19
83 83
602 602
9 9
189 189
37 37
49 49
10 10
15 15
4 4
17 17
83 83
19 19
82 82
605 605
План
Ожидаемое (прогноз по конца года)
Интер РАО (дляФСК)
Промышленныепотребители
Транспорт
Нефтедобыча
Нефтепереработка
Нефтепроводы
Газопроводы
Сельскоехозяйство ипищеваяпромышленность
Непромышленныепотребители
Государственные(муниципальные)организации ипрочиебюджетныепотребители
Население иприравненныегруппыпотребителей
Территориальныесетевыеорганизации
Выручка по ПАО Россети на 2023 год
5 5
319 319
82 82
82 82
17 17
22 22
2 2
56 56
219 219
67 67
219 219
246 246
5 5
324 324
82 82
81 81
20 20
21 21
3 3
56 56
221 221
67 67
217 217
256 256
План
Ожидаемое (прогноз по конца года)
Интер РАО (дляФСК)
Промышленныепотребители
Транспорт
Нефтедобыча
Нефтепереработка
Нефтепроводы
Газопроводы
Сельскоехозяйство ипищеваяпромышленность
Непромышленныепотребители
Государственные(муниципальные)организации ипрочиебюджетныепотребители
Население иприравненныегруппыпотребителей
Территориальныесетевыеорганизации
абс.
%
Прогноз на месяц 
Июнь
КПО/Отпуск из сети 
Отпуск из сети, млн. кВт.ч
Организация 
Все
Прогноз электропотребления и выручки за услуги по передаче в разрезе отраслей' and expected object 'Год 
2023 год
Сравнение с 
План
Отклонения по ПАО Россети на 2023 год
-1 419.0 -1 419.0
-710.9 -710.9
-13.2 -13.2
133.1 133.1
89.9 89.9
312.7 312.7
259.6 259.6
187.8 187.8
153.1 153.1
147.5 147.5
-1 123.3 -1 123.3
2 934.5 2 934.5
⬤ Отклонение, млн. кВт.ч
Интер РАО (для ФСК)
Промышленные потребители
Транспорт
Нефтедобыча
Нефтепереработка
Нефтепроводы
Газопроводы
Сельское хозяйство и пищевая пр…
Непромышленные потребители
Государственные (муниципальные…
Население и приравненные групп…
Территориальные сетевые органи…
Выручка отклонения по ПАО Россети на 2023 год
-338.7 -338.7
5 320.6 5 320.6
-5.0 -5.0
-991.2 -991.2
2 214.2 2 214.2
-814.7 -814.7
470.5 470.5
-98.3 -98.3
1 268.9 1 268.9
410.1 410.1
-1 534.1 -1 534.1
10 218.3 10 218.3
⬤ Отклонение, млн. руб.
Интер РАО (для ФСК)
Промышленные потребители
Транспорт
Нефтедобыча
Нефтепереработка
Нефтепроводы
Газопроводы
Сельское хозяйство и пищевая пр…
Непромышленные потребители
Государственные (муниципальные…
Население и приравненные групп…
Территориальные сетевые органи…
Динамика электропотребления, млрд. кВт.ч. по ПАО Россети на 2023 год
10 10
190 190
37 37
49 49
10 10
15 15
4 4
17 17
83 83
19 19
83 83
602 602
9 9
189 189
37 37
49 49
10 10
15 15
4 4
17 17
83 83
19 19
82 82
605 605
План
Ожидаемое (прогноз по конца года)
Интер РАО (дляФСК)
Промышленныепотребители
Транспорт
Нефтедобыча
Нефтепереработка
Нефтепроводы
Газопроводы
Сельскоехозяйство ипищеваяпромышленность
Непромышленныепотребители
Государственные(муниципальные)организации ипрочиебюджетныепотребители
Население иприравненныегруппыпотребителей
Территориальныесетевыеорганизации
Выручка по ПАО Россети на 2023 год
5 5
319 319
82 82
82 82
17 17
22 22
2 2
56 56
219 219
67 67
219 219
246 246
5 5
324 324
82 82
81 81
20 20
21 21
3 3
56 56
221 221
67 67
217 217
256 256
План
Ожидаемое (прогноз по конца года)
Интер РАО (дляФСК)
Промышленныепотребители
Транспорт
Нефтедобыча
Нефтепереработка
Нефтепроводы
Газопроводы
Сельскоехозяйство ипищеваяпромышленность
Непромышленныепотребители
Государственные(муниципальные)организации ипрочиебюджетныепотребители
Население иприравненныегруппыпотребителей
Территориальныесетевыеорганизации
абс.
%
Прогноз на месяц 
Июнь
КПО/Отпуск из сети 
Отпуск из сети, млн. кВт.ч
Организация 
Все
Прогноз электропотребления и выручки за услуги по передаче в разрезе отраслей' are equal

2023-11-15 07:04:23 - [MESSAGE][PASSED] - Actual object 'Год 
2023 год
Сравнение с 
План
Отклонения по ПАО Россети на 2023 год
-1 419.0 -1 419.0
-710.9 -710.9
-13.2 -13.2
133.1 133.1
89.9 89.9
312.7 312.7
259.6 259.6
187.8 187.8
153.1 153.1
147.5 147.5
-1 123.3 -1 123.3
2 934.5 2 934.5
⬤ Отклонение, млн. кВт.ч
Интер РАО (для ФСК)
Промышленные потребители
Транспорт
Нефтедобыча
Нефтепереработка
Нефтепроводы
Газопроводы
Сельское хозяйство и пищевая пр…
Непромышленные потребители
Государственные (муниципальные…
Население и приравненные групп…
Территориальные сетевые органи…
Выручка отклонения по ПАО Россети на 2023 год
-338.7 -338.7
5 320.6 5 320.6
-5.0 -5.0
-991.2 -991.2
2 214.2 2 214.2
-814.7 -814.7
470.5 470.5
-98.3 -98.3
1 268.9 1 268.9
410.1 410.1
-1 534.1 -1 534.1
10 218.3 10 218.3
⬤ Отклонение, млн. руб.
Интер РАО (для ФСК)
Промышленные потребители
Транспорт
Нефтедобыча
Нефтепереработка
Нефтепроводы
Газопроводы
Сельское хозяйство и пищевая пр…
Непромышленные потребители
Государственные (муниципальные…
Население и приравненные групп…
Территориальные сетевые органи…
Динамика электропотребления, млрд. кВт.ч. по ПАО Россети на 2023 год
10 10
190 190
37 37
49 49
10 10
15 15
4 4
17 17
83 83
19 19
83 83
602 602
9 9
189 189
37 37
49 49
10 10
15 15
4 4
17 17
83 83
19 19
82 82
605 605
План
Ожидаемое (прогноз по конца года)
Интер РАО (дляФСК)
Промышленныепотребители
Транспорт
Нефтедобыча
Нефтепереработка
Нефтепроводы
Газопроводы
Сельскоехозяйство ипищеваяпромышленность
Непромышленныепотребители
Государственные(муниципальные)организации ипрочиебюджетныепотребители
Население иприравненныегруппыпотребителей
Территориальныесетевыеорганизации
Выручка по ПАО Россети на 2023 год
5 5
319 319
82 82
82 82
17 17
22 22
2 2
56 56
219 219
67 67
219 219
246 246
5 5
324 324
82 82
81 81
20 20
21 21
3 3
56 56
221 221
67 67
217 217
256 256
План
Ожидаемое (прогноз по конца года)
Интер РАО (дляФСК)
Промышленныепотребители
Транспорт
Нефтедобыча
Нефтепереработка
Нефтепроводы
Газопроводы
Сельскоехозяйство ипищеваяпромышленность
Непромышленныепотребители
Государственные(муниципальные)организации ипрочиебюджетныепотребители
Население иприравненныегруппыпотребителей
Территориальныесетевыеорганизации
абс.
%
Прогноз на месяц 
Июнь
КПО/Отпуск из сети 
Отпуск из сети, млн. кВт.ч
Организация 
Все
Прогноз электропотребления и выручки за услуги по передаче в разрезе отраслей' and expected object 'Год 
2023 год
Сравнение с 
План
Отклонения по ПАО Россети на 2023 год
-1 419.0 -1 419.0
-710.9 -710.9
-13.2 -13.2
133.1 133.1
89.9 89.9
312.7 312.7
259.6 259.6
187.8 187.8
153.1 153.1
147.5 147.5
-1 123.3 -1 123.3
2 934.5 2 934.5
⬤ Отклонение, млн. кВт.ч
Интер РАО (для ФСК)
Промышленные потребители
Транспорт
Нефтедобыча
Нефтепереработка
Нефтепроводы
Газопроводы
Сельское хозяйство и пищевая пр…
Непромышленные потребители
Государственные (муниципальные…
Население и приравненные групп…
Территориальные сетевые органи…
Выручка отклонения по ПАО Россети на 2023 год
-338.7 -338.7
5 320.6 5 320.6
-5.0 -5.0
-991.2 -991.2
2 214.2 2 214.2
-814.7 -814.7
470.5 470.5
-98.3 -98.3
1 268.9 1 268.9
410.1 410.1
-1 534.1 -1 534.1
10 218.3 10 218.3
⬤ Отклонение, млн. руб.
Интер РАО (для ФСК)
Промышленные потребители
Транспорт
Нефтедобыча
Нефтепереработка
Нефтепроводы
Газопроводы
Сельское хозяйство и пищевая пр…
Непромышленные потребители
Государственные (муниципальные…
Население и приравненные групп…
Территориальные сетевые органи…
Динамика электропотребления, млрд. кВт.ч. по ПАО Россети на 2023 год
10 10
190 190
37 37
49 49
10 10
15 15
4 4
17 17
83 83
19 19
83 83
602 602
9 9
189 189
37 37
49 49
10 10
15 15
4 4
17 17
83 83
19 19
82 82
605 605
План
Ожидаемое (прогноз по конца года)
Интер РАО (дляФСК)
Промышленныепотребители
Транспорт
Нефтедобыча
Нефтепереработка
Нефтепроводы
Газопроводы
Сельскоехозяйство ипищеваяпромышленность
Непромышленныепотребители
Государственные(муниципальные)организации ипрочиебюджетныепотребители
Население иприравненныегруппыпотребителей
Территориальныесетевыеорганизации
Выручка по ПАО Россети на 2023 год
5 5
319 319
82 82
82 82
17 17
22 22
2 2
56 56
219 219
67 67
219 219
246 246
5 5
324 324
82 82
81 81
20 20
21 21
3 3
56 56
221 221
67 67
217 217
256 256
План
Ожидаемое (прогноз по конца года)
Интер РАО (дляФСК)
Промышленныепотребители
Транспорт
Нефтедобыча
Нефтепереработка
Нефтепроводы
Газопроводы
Сельскоехозяйство ипищеваяпромышленность
Непромышленныепотребители
Государственные(муниципальные)организации ипрочиебюджетныепотребители
Население иприравненныегруппыпотребителей
Территориальныесетевыеорганизации
абс.
%
Прогноз на месяц 
Июнь
КПО/Отпуск из сети 
Отпуск из сети, млн. кВт.ч
Организация 
Все
Прогноз электропотребления и выручки за услуги по передаче в разрезе отраслей' are equal

2023-11-15 07:04:23 - [TEST_STEP][PASSED] - Script1686231490255.WriteToExcel(user, dashboardName, n, data, run, a1, a2, a3, a4, a5, a6, a7, a8, a9): null

2023-11-15 07:04:23 - [TEST_STEP][PASSED] - sheetName = "Sheet1": null

2023-11-15 07:04:23 - [TEST_STEP][PASSED] - workbook01 = getWorkbook(excelFilePath): null

2023-11-15 07:04:23 - [TEST_STEP][PASSED] - sheet01 = getExcelSheet(workbook01, sheetName): null

2023-11-15 07:04:23 - [TEST_STEP][PASSED] - setValueToCellByIndex(sheet01, n, 0, dashboardName): null

2023-11-15 07:04:23 - [TEST_STEP][PASSED] - setValueToCellByIndex(sheet01, n, 10, user): null

2023-11-15 07:04:23 - [TEST_STEP][PASSED] - setValueToCellByIndex(sheet01, n, 1, a1): null

2023-11-15 07:04:23 - [TEST_STEP][PASSED] - setValueToCellByIndex(sheet01, n, 2, a2): null

2023-11-15 07:04:23 - [TEST_STEP][PASSED] - setValueToCellByIndex(sheet01, n, 3, a3): null

2023-11-15 07:04:23 - [TEST_STEP][PASSED] - setValueToCellByIndex(sheet01, n, 4, a4): null

2023-11-15 07:04:23 - [TEST_STEP][PASSED] - setValueToCellByIndex(sheet01, n, 5, a5): null

2023-11-15 07:04:23 - [TEST_STEP][PASSED] - setValueToCellByIndex(sheet01, n, 6, a6): null

2023-11-15 07:04:23 - [TEST_STEP][PASSED] - setValueToCellByIndex(sheet01, n, 7, a7): null

2023-11-15 07:04:23 - [TEST_STEP][PASSED] - setValueToCellByIndex(sheet01, n, 8, a8): null

2023-11-15 07:04:23 - [TEST_STEP][PASSED] - setValueToCellByIndex(sheet01, n, 9, a9): null

2023-11-15 07:04:23 - [TEST_STEP][PASSED] - n = n + 1: null

2023-11-15 07:04:23 - [TEST_STEP][PASSED] - saveWorkbook(excelFilePath, workbook01): null

2023-11-15 07:04:23 - [TEST_STEP][PASSED] - closeBrowser(): Browser is closed

2023-11-15 07:04:24 - [MESSAGE][PASSED] - Browser is closed]]></system-out>
         <system-err><![CDATA[]]></system-err>
      </testcase>
      <system-out><![CDATA[2023-11-15 06:40:51 - [TEST_SUITE][PASSED] - Блок руководителя под разными учётками: Test Cases/Сверки дашбордов/Блок руководителя сверка дашбордов под разными учётками]]></system-out>
      <system-err><![CDATA[]]></system-err>
   </testsuite>
</testsuites>
