<?xml version="1.0" encoding="UTF-8"?>
<testsuites name="Сверка дашбордов из разных блоков" time="1373.3" tests="5" failures="1" errors="0">
   <testsuite name="Сверка дашбордов из разных блоков" tests="5" failures="1" errors="0" time="1373.3" skipped="0" timestamp="2023-10-16 15:35:44" hostname="liazgina-di - UVV-WS904-D.ot.ru" id="Test Suites/Пн-Ср-Пт/Сверка дашбордов из разных блоков">
      <properties>
         <property name="deviceName" value=""/>
         <property name="devicePlatform" value=""/>
         <property name="logFolder" value="C:\\Users\\LIAZGINA-DI\\git\\SPORU\\Reports\\20231016_153537\\\u041F\u043D-\u0421\u0440-\u041F\u0442\\\u0421\u0432\u0435\u0440\u043A\u0430 \u0434\u0430\u0448\u0431\u043E\u0440\u0434\u043E\u0432 \u0438\u0437 \u0440\u0430\u0437\u043D\u044B\u0445 \u0431\u043B\u043E\u043A\u043E\u0432\\20231016_153538"/>
         <property name="logFiles" value="C:\\Users\\LIAZGINA-DI\\git\\SPORU\\Reports\\20231016_153537\\\u041F\u043D-\u0421\u0440-\u041F\u0442\\\u0421\u0432\u0435\u0440\u043A\u0430 \u0434\u0430\u0448\u0431\u043E\u0440\u0434\u043E\u0432 \u0438\u0437 \u0440\u0430\u0437\u043D\u044B\u0445 \u0431\u043B\u043E\u043A\u043E\u0432\\20231016_153538\\execution0.log"/>
         <property name="attachments" value=""/>
         <property name="hostName" value="liazgina-di - UVV-WS904-D.ot.ru"/>
         <property name="os" value="Windows 10 64bit"/>
         <property name="katalonVersion" value="8.5.5.208"/>
         <property name="browser" value="Chrome 117.0.0.0"/>
         <property name="hostAddress" value="192.168.0.19"/>
         <property name="sessionId" value="4919e3285470db0a29b1e7fd43910ad3"/>
         <property name="seleniumVersion" value="3.141.59"/>
         <property name="proxyInformation" value="ProxyInformation { proxyOption=NO_PROXY, proxyServerType=HTTP, username=, password=********, proxyServerAddress=, proxyServerPort=0, executionList=&quot;&quot;, isApplyToDesiredCapabilities=true }"/>
         <property name="platform" value="Windows 10"/>
      </properties>
      <testcase name="Test Cases/Сверки дашбордов/Выполнение бизнес-плана сверка дашбордов" time="333.573" classname="Test Cases/Сверки дашбордов/Выполнение бизнес-плана сверка дашбордов" status="PASSED">
         <system-out><![CDATA[2023-10-16 15:35:44 - [TEST_CASE][PASSED] - Test Cases/Сверки дашбордов/Выполнение бизнес-плана сверка дашбордов: Test Cases/Сверки дашбордов/Выполнение бизнес-плана сверка дашбордов

2023-10-16 15:35:45 - [TEST_STEP][PASSED] - date = new java.util.Date(): null

2023-10-16 15:35:45 - [TEST_STEP][PASSED] - todaysDate = date.format("dd.MM.yyyy"): null

2023-10-16 15:35:45 - [TEST_STEP][PASSED] - println(todaysDate): null

2023-10-16 15:35:45 - [TEST_STEP][PASSED] - widget = <not implemented yet for class: org.codehaus.groovy.ast.expr.EmptyExpression>: null

2023-10-16 15:35:45 - [TEST_STEP][PASSED] - openBrowser(""): Browser is opened with url: ''

2023-10-16 15:35:45 - [MESSAGE][INFO] - Starting 'Chrome' driver

2023-10-16 15:35:45 - [MESSAGE][INFO] - Action delay is set to 0 milliseconds

2023-10-16 15:35:47 - [MESSAGE][PASSED] - Browser is opened with url: ''

2023-10-16 15:35:47 - [TEST_STEP][PASSED] - navigateToUrl(findTestData("PlanFact").getValue(10, 1)): Navigate to 'https://bi.rosseti.digital/viewer?dashboardGuid=d154a8eaf6824e2b9de1bb04dd061c18&sheetGuid=1305e8ce744049e1abdacea1ea397a26&fit=true' successfully

2023-10-16 15:35:53 - [MESSAGE][PASSED] - Navigate to 'https://bi.rosseti.digital/viewer?dashboardGuid=d154a8eaf6824e2b9de1bb04dd061c18&sheetGuid=1305e8ce744049e1abdacea1ea397a26&fit=true' successfully

2023-10-16 15:35:53 - [TEST_STEP][PASSED] - setText(findTestObject("Страница авторизации/input__username"), findTestData("PlanFact").getValue(8, 1)): Text 'liazgina-di' is set on object 'Object Repository/Страница авторизации/input__username'

2023-10-16 15:35:54 - [MESSAGE][PASSED] - Text 'liazgina-di' is set on object 'Object Repository/Страница авторизации/input__username'

2023-10-16 15:35:54 - [TEST_STEP][PASSED] - setText(findTestObject("Страница авторизации/input__password"), findTestData("PlanFact").getValue(9, 1)): Text 'Vn9AmwC88opu7pTtOO' is set on object 'Object Repository/Страница авторизации/input__password'

2023-10-16 15:35:55 - [MESSAGE][PASSED] - Text 'Vn9AmwC88opu7pTtOO' is set on object 'Object Repository/Страница авторизации/input__password'

2023-10-16 15:35:55 - [TEST_STEP][PASSED] - click(findTestObject("Страница авторизации/button_")): Object: 'Object Repository/Страница авторизации/button_' is clicked on

2023-10-16 15:35:56 - [MESSAGE][PASSED] - Object: 'Object Repository/Страница авторизации/button_' is clicked on

2023-10-16 15:35:56 - [TEST_STEP][PASSED] - delay(30): Delayed 30 second(s)

2023-10-16 15:36:27 - [MESSAGE][PASSED] - Delayed 30 second(s)

2023-10-16 15:36:27 - [TEST_STEP][PASSED] - Script1677841392650.ZakrytOpoveshenie(): null

2023-10-16 15:36:27 - [TEST_STEP][PASSED] - opoveshenie = getText(findTestObject("Выполнение бизнес-плана/Просьба обратить внимание")): Text of object 'Object Repository/Выполнение бизнес-плана/Просьба обратить внимание' is: ''

2023-10-16 15:36:48 - [MESSAGE][PASSED] - Text of object 'Object Repository/Выполнение бизнес-плана/Просьба обратить внимание' is: ''

2023-10-16 15:36:48 - [TEST_STEP][PASSED] - println(opoveshenie): null

2023-10-16 15:36:48 - [TEST_STEP][PASSED] - if (opoveshenie == "Просьба обратить внимание"): null

2023-10-16 15:36:48 - [TEST_STEP][PASSED] - click(findTestObject("Object Repository/Выполнение бизнес-плана/Фильтр Дата")): Object: 'Object Repository/Выполнение бизнес-плана/Фильтр Дата' is clicked on

2023-10-16 15:36:49 - [MESSAGE][PASSED] - Object: 'Object Repository/Выполнение бизнес-плана/Фильтр Дата' is clicked on

2023-10-16 15:36:49 - [TEST_STEP][PASSED] - click(findTestObject("Выполнение бизнес-плана/Снять выделение в фильтре Дата")): Object: 'Object Repository/Выполнение бизнес-плана/Снять выделение в фильтре Дата' is clicked on

2023-10-16 15:36:49 - [MESSAGE][PASSED] - Object: 'Object Repository/Выполнение бизнес-плана/Снять выделение в фильтре Дата' is clicked on

2023-10-16 15:36:49 - [TEST_STEP][PASSED] - click(findTestObject("Object Repository/Выполнение бизнес-плана/Применить в фильтре Дата")): Object: 'Object Repository/Выполнение бизнес-плана/Применить в фильтре Дата' is clicked on

2023-10-16 15:36:50 - [MESSAGE][PASSED] - Object: 'Object Repository/Выполнение бизнес-плана/Применить в фильтре Дата' is clicked on

2023-10-16 15:36:50 - [TEST_STEP][PASSED] - delay(30): Delayed 30 second(s)

2023-10-16 15:37:20 - [MESSAGE][PASSED] - Delayed 30 second(s)

2023-10-16 15:37:20 - [TEST_STEP][PASSED] - Script1677841392650.ZakrytOpoveshenie(): null

2023-10-16 15:37:20 - [TEST_STEP][PASSED] - opoveshenie = getText(findTestObject("Выполнение бизнес-плана/Просьба обратить внимание")): Text of object 'Object Repository/Выполнение бизнес-плана/Просьба обратить внимание' is: 'Просьба обратить внимание'

2023-10-16 15:37:23 - [MESSAGE][PASSED] - Text of object 'Object Repository/Выполнение бизнес-плана/Просьба обратить внимание' is: 'Просьба обратить внимание'

2023-10-16 15:37:23 - [TEST_STEP][PASSED] - println(opoveshenie): null

2023-10-16 15:37:23 - [TEST_STEP][PASSED] - if (opoveshenie == "Просьба обратить внимание"): Object: 'Object Repository/Выполнение бизнес-плана/Закрыть оповещение' is clicked on

2023-10-16 15:37:23 - [TEST_STEP][PASSED] - click(findTestObject("Выполнение бизнес-плана/Закрыть оповещение")): Object: 'Object Repository/Выполнение бизнес-плана/Закрыть оповещение' is clicked on

2023-10-16 15:37:24 - [MESSAGE][PASSED] - Object: 'Object Repository/Выполнение бизнес-плана/Закрыть оповещение' is clicked on

2023-10-16 15:37:24 - [TEST_STEP][PASSED] - click(findTestObject("Object Repository/Выполнение бизнес-плана/Фильтр Дата")): Object: 'Object Repository/Выполнение бизнес-плана/Фильтр Дата' is clicked on

2023-10-16 15:37:24 - [MESSAGE][PASSED] - Object: 'Object Repository/Выполнение бизнес-плана/Фильтр Дата' is clicked on

2023-10-16 15:37:24 - [TEST_STEP][PASSED] - click(findTestObject("Выполнение бизнес-плана/Снять выделение в фильтре Дата")): Object: 'Object Repository/Выполнение бизнес-плана/Снять выделение в фильтре Дата' is clicked on

2023-10-16 15:37:25 - [MESSAGE][PASSED] - Object: 'Object Repository/Выполнение бизнес-плана/Снять выделение в фильтре Дата' is clicked on

2023-10-16 15:37:25 - [TEST_STEP][PASSED] - scrollToElement(findTestObject("Выполнение бизнес-плана/2023 список"), 30): Scroll to object 'Object Repository/Выполнение бизнес-плана/2023 список' successfully

2023-10-16 15:37:25 - [MESSAGE][PASSED] - Scroll to object 'Object Repository/Выполнение бизнес-плана/2023 список' successfully

2023-10-16 15:37:25 - [TEST_STEP][PASSED] - click(findTestObject("Выполнение бизнес-плана/2023 список")): Object: 'Object Repository/Выполнение бизнес-плана/2023 список' is clicked on

2023-10-16 15:37:25 - [MESSAGE][PASSED] - Object: 'Object Repository/Выполнение бизнес-плана/2023 список' is clicked on

2023-10-16 15:37:25 - [TEST_STEP][PASSED] - scrollToElement(findTestObject("Выполнение бизнес-плана/1 квартал 2023 список"), 30): Scroll to object 'Object Repository/Выполнение бизнес-плана/1 квартал 2023 список' successfully

2023-10-16 15:37:26 - [MESSAGE][PASSED] - Scroll to object 'Object Repository/Выполнение бизнес-плана/1 квартал 2023 список' successfully

2023-10-16 15:37:26 - [TEST_STEP][PASSED] - click(findTestObject("Выполнение бизнес-плана/1 квартал 2023")): Object: 'Object Repository/Выполнение бизнес-плана/1 квартал 2023' is clicked on

2023-10-16 15:37:26 - [MESSAGE][PASSED] - Object: 'Object Repository/Выполнение бизнес-плана/1 квартал 2023' is clicked on

2023-10-16 15:37:26 - [TEST_STEP][PASSED] - click(findTestObject("Выполнение бизнес-плана/2 квартал 2023")): Object: 'Object Repository/Выполнение бизнес-плана/2 квартал 2023' is clicked on

2023-10-16 15:37:27 - [MESSAGE][PASSED] - Object: 'Object Repository/Выполнение бизнес-плана/2 квартал 2023' is clicked on

2023-10-16 15:37:27 - [TEST_STEP][PASSED] - click(findTestObject("Выполнение бизнес-плана/3 квартал 2023 список")): Object: 'Object Repository/Выполнение бизнес-плана/3 квартал 2023 список' is clicked on

2023-10-16 15:37:27 - [MESSAGE][PASSED] - Object: 'Object Repository/Выполнение бизнес-плана/3 квартал 2023 список' is clicked on

2023-10-16 15:37:27 - [TEST_STEP][PASSED] - scrollToElement(findTestObject("Выполнение бизнес-плана/Июль"), 30): Scroll to object 'Object Repository/Выполнение бизнес-плана/Июль' successfully

2023-10-16 15:37:28 - [MESSAGE][PASSED] - Scroll to object 'Object Repository/Выполнение бизнес-плана/Июль' successfully

2023-10-16 15:37:28 - [TEST_STEP][PASSED] - click(findTestObject("Выполнение бизнес-плана/Июль")): Object: 'Object Repository/Выполнение бизнес-плана/Июль' is clicked on

2023-10-16 15:37:28 - [MESSAGE][PASSED] - Object: 'Object Repository/Выполнение бизнес-плана/Июль' is clicked on

2023-10-16 15:37:28 - [TEST_STEP][PASSED] - scrollToElement(findTestObject("Выполнение бизнес-плана/Август"), 30): Scroll to object 'Object Repository/Выполнение бизнес-плана/Август' successfully

2023-10-16 15:37:29 - [MESSAGE][PASSED] - Scroll to object 'Object Repository/Выполнение бизнес-плана/Август' successfully

2023-10-16 15:37:29 - [TEST_STEP][PASSED] - click(findTestObject("Выполнение бизнес-плана/Август"), CONTINUE_ON_FAILURE): Object: 'Object Repository/Выполнение бизнес-плана/Август' is clicked on

2023-10-16 15:37:29 - [MESSAGE][PASSED] - Object: 'Object Repository/Выполнение бизнес-плана/Август' is clicked on

2023-10-16 15:37:29 - [TEST_STEP][PASSED] - scrollToElement(findTestObject("Выполнение бизнес-плана/Заголовок дашборда"), 30): Scroll to object 'Object Repository/Выполнение бизнес-плана/Заголовок дашборда' successfully

2023-10-16 15:37:29 - [MESSAGE][PASSED] - Scroll to object 'Object Repository/Выполнение бизнес-плана/Заголовок дашборда' successfully

2023-10-16 15:37:29 - [TEST_STEP][PASSED] - click(findTestObject("Object Repository/Выполнение бизнес-плана/Применить в фильтре Дата")): Object: 'Object Repository/Выполнение бизнес-плана/Применить в фильтре Дата' is clicked on

2023-10-16 15:37:30 - [MESSAGE][PASSED] - Object: 'Object Repository/Выполнение бизнес-плана/Применить в фильтре Дата' is clicked on

2023-10-16 15:37:30 - [TEST_STEP][PASSED] - delay(30): Delayed 30 second(s)

2023-10-16 15:38:00 - [MESSAGE][PASSED] - Delayed 30 second(s)

2023-10-16 15:38:00 - [TEST_STEP][PASSED] - Script1677841392650.ZakrytOpoveshenie(): null

2023-10-16 15:38:00 - [TEST_STEP][PASSED] - opoveshenie = getText(findTestObject("Выполнение бизнес-плана/Просьба обратить внимание")): Text of object 'Object Repository/Выполнение бизнес-плана/Просьба обратить внимание' is: ''

2023-10-16 15:38:11 - [MESSAGE][PASSED] - Text of object 'Object Repository/Выполнение бизнес-плана/Просьба обратить внимание' is: ''

2023-10-16 15:38:11 - [TEST_STEP][PASSED] - println(opoveshenie): null

2023-10-16 15:38:11 - [TEST_STEP][PASSED] - if (opoveshenie == "Просьба обратить внимание"): null

2023-10-16 15:38:11 - [TEST_STEP][PASSED] - click(findTestObject("Object Repository/Выполнение бизнес-плана/Фильтр ДЗО")): Object: 'Object Repository/Выполнение бизнес-плана/Фильтр ДЗО' is clicked on

2023-10-16 15:38:11 - [MESSAGE][PASSED] - Object: 'Object Repository/Выполнение бизнес-плана/Фильтр ДЗО' is clicked on

2023-10-16 15:38:11 - [TEST_STEP][PASSED] - click(findTestObject("Выполнение бизнес-плана/Снять выделение в фильтре ДЗО")): Object: 'Object Repository/Выполнение бизнес-плана/Снять выделение в фильтре ДЗО' is clicked on

2023-10-16 15:38:11 - [MESSAGE][PASSED] - Object: 'Object Repository/Выполнение бизнес-плана/Снять выделение в фильтре ДЗО' is clicked on

2023-10-16 15:38:11 - [TEST_STEP][PASSED] - click(findTestObject("Выполнение бизнес-плана/ПАО Россети")): Object: 'Object Repository/Выполнение бизнес-плана/ПАО Россети' is clicked on

2023-10-16 15:38:12 - [MESSAGE][PASSED] - Object: 'Object Repository/Выполнение бизнес-плана/ПАО Россети' is clicked on

2023-10-16 15:38:12 - [TEST_STEP][PASSED] - click(findTestObject("Object Repository/Выполнение бизнес-плана/Применить в фильтре ДЗО")): Object: 'Object Repository/Выполнение бизнес-плана/Применить в фильтре ДЗО' is clicked on

2023-10-16 15:38:13 - [MESSAGE][PASSED] - Object: 'Object Repository/Выполнение бизнес-плана/Применить в фильтре ДЗО' is clicked on

2023-10-16 15:38:13 - [TEST_STEP][PASSED] - i = <not implemented yet for class: org.codehaus.groovy.ast.expr.EmptyExpression>: null

2023-10-16 15:38:13 - [TEST_STEP][PASSED] - a = getText(findTestObject("Выполнение бизнес-плана/Итого")): Text of object 'Object Repository/Выполнение бизнес-плана/Итого' is: '%
8.40 8.40
8.38 8.38
План
Факт
1
100'

2023-10-16 15:38:31 - [MESSAGE][PASSED] - Text of object 'Object Repository/Выполнение бизнес-плана/Итого' is: '%
8.40 8.40
8.38 8.38
План
Факт
1
100'

2023-10-16 15:38:31 - [TEST_STEP][PASSED] - i = a.indexOf("План"): null

2023-10-16 15:38:31 - [TEST_STEP][PASSED] - a = a.substring(0, i): null

2023-10-16 15:38:31 - [TEST_STEP][PASSED] - a = a.trim(): null

2023-10-16 15:38:31 - [TEST_STEP][PASSED] - println(a): null

2023-10-16 15:38:31 - [TEST_STEP][PASSED] - a1 = getText(findTestObject("Выполнение бизнес-плана/vidget 2")): Text of object 'Object Repository/Выполнение бизнес-плана/vidget 2' is: '4.33
19.78
30.30
5.64
9.52
10.46
7.30
23.54
5.39
6.83
8.10
2.56
5.82
10.11
7.00
9.45
8.59
4.34
20.07
34.97
5.11
9.21
10.36
7.31
26.58
5.29
6.79
8.06
2.50
5.55
9.88
6.74
9.24
8.51
Россети ФСКЕЭС
АО«Тываэнерго»
АО«Чеченэнерго»
Россети Волга
РоссетиКубань
РоссетиЛенэнерго(ГК)
РоссетиМосковскийрегион
РоссетиСеверныйКавказ
РоссетиСеверо-Запад
РоссетиСибирь
РоссетиТомск
РоссетиТюмень
Россети Урал(ГК)
РоссетиЦентр (ГК)
РоссетиЦентр иПриволжье(ГК)
Россети Юг(ГК)
РоссетиЯнтарь
0
10
20
30
40'

2023-10-16 15:38:32 - [MESSAGE][PASSED] - Text of object 'Object Repository/Выполнение бизнес-плана/vidget 2' is: '4.33
19.78
30.30
5.64
9.52
10.46
7.30
23.54
5.39
6.83
8.10
2.56
5.82
10.11
7.00
9.45
8.59
4.34
20.07
34.97
5.11
9.21
10.36
7.31
26.58
5.29
6.79
8.06
2.50
5.55
9.88
6.74
9.24
8.51
Россети ФСКЕЭС
АО«Тываэнерго»
АО«Чеченэнерго»
Россети Волга
РоссетиКубань
РоссетиЛенэнерго(ГК)
РоссетиМосковскийрегион
РоссетиСеверныйКавказ
РоссетиСеверо-Запад
РоссетиСибирь
РоссетиТомск
РоссетиТюмень
Россети Урал(ГК)
РоссетиЦентр (ГК)
РоссетиЦентр иПриволжье(ГК)
Россети Юг(ГК)
РоссетиЯнтарь
0
10
20
30
40'

2023-10-16 15:38:32 - [TEST_STEP][PASSED] - println(a1): null

2023-10-16 15:38:32 - [TEST_STEP][PASSED] - a1 = a1.substring(0, a1.indexOf("Россети ФСКЕЭС")): null

2023-10-16 15:38:32 - [TEST_STEP][PASSED] - a1 = a1.replaceAll("[^0-9]", ""): null

2023-10-16 15:38:32 - [TEST_STEP][PASSED] - println(a1): null

2023-10-16 15:38:32 - [TEST_STEP][PASSED] - a2 = getText(findTestObject("Выполнение бизнес-плана/table")): Text of object 'Object Repository/Выполнение бизнес-плана/table' is: '394 782 816 490 443 2 229 711 34 374 172 18 238 046 23 960 356 64 226 500 14 612 508 21 496 009 39 739 544 3 341 713 36 327 995 47 677 107 38 827 184 35 389 509 19 511 343 2 868 317
378 357 855 392 022 1 449 926 32 616 212 16 558 695 21 479 077 59 531 316 10 728 534 20 359 328 37 039 348 3 072 276 35 421 365 45 032 260 34 992 129 33 004 218 17 701 103 2 624 213
16 424 961 98 421 779 785 1 757 960 1 679 351 2 481 279 4 695 066 3 883 974 1 136 681 2 700 196 269 437 906 630 2 644 847 3 835 055 2 385 291 1 803 700 244 105'

2023-10-16 15:38:32 - [MESSAGE][PASSED] - Text of object 'Object Repository/Выполнение бизнес-плана/table' is: '394 782 816 490 443 2 229 711 34 374 172 18 238 046 23 960 356 64 226 500 14 612 508 21 496 009 39 739 544 3 341 713 36 327 995 47 677 107 38 827 184 35 389 509 19 511 343 2 868 317
378 357 855 392 022 1 449 926 32 616 212 16 558 695 21 479 077 59 531 316 10 728 534 20 359 328 37 039 348 3 072 276 35 421 365 45 032 260 34 992 129 33 004 218 17 701 103 2 624 213
16 424 961 98 421 779 785 1 757 960 1 679 351 2 481 279 4 695 066 3 883 974 1 136 681 2 700 196 269 437 906 630 2 644 847 3 835 055 2 385 291 1 803 700 244 105'

2023-10-16 15:38:32 - [TEST_STEP][PASSED] - println(a2): null

2023-10-16 15:38:32 - [TEST_STEP][PASSED] - a3 = getText(findTestObject("Выполнение бизнес-плана/otkloneniya")): Text of object 'Object Repository/Выполнение бизнес-плана/otkloneniya' is: '0.01
0.29
4.68
-0.52
-0.31
-0.11
0.01
3.04
-0.11
-0.03
-0.03
-0.06
-0.27
-0.23
-0.26
-0.20
-0.08
Россети ФСКЕЭС
АО«Тываэнерго»
АО«Чеченэнерго»
Россети Волга
РоссетиКубань
РоссетиЛенэнерго(ГК)
РоссетиМосковскийрегион
РоссетиСеверныйКавказ
РоссетиСеверо-Запад
РоссетиСибирь
РоссетиТомск
РоссетиТюмень
Россети Урал(ГК)
РоссетиЦентр (ГК)
РоссетиЦентр иПриволжье(ГК)
Россети Юг(ГК)
РоссетиЯнтарь
-1
0
1
2
3
4
5'

2023-10-16 15:38:33 - [MESSAGE][PASSED] - Text of object 'Object Repository/Выполнение бизнес-плана/otkloneniya' is: '0.01
0.29
4.68
-0.52
-0.31
-0.11
0.01
3.04
-0.11
-0.03
-0.03
-0.06
-0.27
-0.23
-0.26
-0.20
-0.08
Россети ФСКЕЭС
АО«Тываэнерго»
АО«Чеченэнерго»
Россети Волга
РоссетиКубань
РоссетиЛенэнерго(ГК)
РоссетиМосковскийрегион
РоссетиСеверныйКавказ
РоссетиСеверо-Запад
РоссетиСибирь
РоссетиТомск
РоссетиТюмень
Россети Урал(ГК)
РоссетиЦентр (ГК)
РоссетиЦентр иПриволжье(ГК)
Россети Юг(ГК)
РоссетиЯнтарь
-1
0
1
2
3
4
5'

2023-10-16 15:38:33 - [TEST_STEP][PASSED] - i = a3.indexOf("Россети ФСКЕЭС"): null

2023-10-16 15:38:33 - [TEST_STEP][PASSED] - a3 = a3.substring(0, i): null

2023-10-16 15:38:33 - [TEST_STEP][PASSED] - println(a3): null

2023-10-16 15:38:33 - [TEST_STEP][PASSED] - a4 = getText(findTestObject("Выполнение бизнес-плана/svg2")): Text of object 'Object Repository/Выполнение бизнес-плана/svg2' is: 'п.п.
-0.02
Итого
-0.03
-0.02
-0.01
0'

2023-10-16 15:38:33 - [MESSAGE][PASSED] - Text of object 'Object Repository/Выполнение бизнес-плана/svg2' is: 'п.п.
-0.02
Итого
-0.03
-0.02
-0.01
0'

2023-10-16 15:38:33 - [TEST_STEP][PASSED] - a4 = a4.replaceAll("\s+", ""): null

2023-10-16 15:38:33 - [TEST_STEP][PASSED] - a4 = a4.replaceAll("[^0-9]", ""): null

2023-10-16 15:38:33 - [TEST_STEP][PASSED] - a4 = a4.substring(0, 2): null

2023-10-16 15:38:33 - [TEST_STEP][PASSED] - println(a4): null

2023-10-16 15:38:33 - [TEST_STEP][PASSED] - a5 = getText(findTestObject("Выполнение бизнес-плана/Значения со страницы Выполнение бизнес-плана/Факт Отпуск в сеть за отчётный период ПАО Россети")): Text of object 'Object Repository/Выполнение бизнес-плана/Значения со страницы Выполнение бизнес-плана/Факт Отпуск в сеть за отчётный период ПАО Россети' is: '569 582 438'

2023-10-16 15:38:33 - [MESSAGE][PASSED] - Text of object 'Object Repository/Выполнение бизнес-плана/Значения со страницы Выполнение бизнес-плана/Факт Отпуск в сеть за отчётный период ПАО Россети' is: '569 582 438'

2023-10-16 15:38:33 - [TEST_STEP][PASSED] - println(a5): null

2023-10-16 15:38:33 - [TEST_STEP][PASSED] - a6 = getText(findTestObject("Выполнение бизнес-плана/Значения со страницы Выполнение бизнес-плана/Факт Отпуск из сети за отчётный период ПАО Россети")): Text of object 'Object Repository/Выполнение бизнес-плана/Значения со страницы Выполнение бизнес-плана/Факт Отпуск из сети за отчётный период ПАО Россети' is: '521 855 699'

2023-10-16 15:38:34 - [MESSAGE][PASSED] - Text of object 'Object Repository/Выполнение бизнес-плана/Значения со страницы Выполнение бизнес-плана/Факт Отпуск из сети за отчётный период ПАО Россети' is: '521 855 699'

2023-10-16 15:38:34 - [TEST_STEP][PASSED] - println(a6): null

2023-10-16 15:38:34 - [TEST_STEP][PASSED] - a7 = getText(findTestObject("Выполнение бизнес-плана/Значения со страницы Выполнение бизнес-плана/Факт Потери за отчётный период ПАО Россети")): Text of object 'Object Repository/Выполнение бизнес-плана/Значения со страницы Выполнение бизнес-плана/Факт Потери за отчётный период ПАО Россети' is: '47 726 738'

2023-10-16 15:38:34 - [MESSAGE][PASSED] - Text of object 'Object Repository/Выполнение бизнес-плана/Значения со страницы Выполнение бизнес-плана/Факт Потери за отчётный период ПАО Россети' is: '47 726 738'

2023-10-16 15:38:34 - [TEST_STEP][PASSED] - println(a7): null

2023-10-16 15:38:34 - [TEST_STEP][PASSED] - a8 = getText(findTestObject("Выполнение бизнес-плана/otkloneniya 3m")): Text of object 'Object Repository/Выполнение бизнес-плана/otkloneniya 3m' is: '● Отрицательные/нулевые отклонения● ● ● ● Положительные отклонения
п.п.
Отклонения фактического уровня потерь от бизнес-плана за 3 месяца (нарастающим итогом)
0.10.1
0.60.6
3.33.3
-0.6-0.6
-0.3-0.3
-0.1-0.1
-0.2-0.2
1.41.4
-0.1-0.1
-0.1-0.1
-0.0-0.0
-0.1-0.1
-0.3-0.3
-0.4-0.4
-0.3-0.3
-0.3-0.3
0.30.3
0.00.0
0.80.8
2.62.6
-0.5-0.5
-0.3-0.3
-0.1-0.1
-0.1-0.1
1.81.8
-0.1-0.1
-0.1-0.1
-0.0-0.0
-0.1-0.1
-0.3-0.3
-0.2-0.2
-0.2-0.2
-0.2-0.2
-0.0-0.0
0.00.0
0.80.8
3.93.9
-0.5-0.5
-0.3-0.3
-0.1-0.1
0.00.0
1.81.8
-0.1-0.1
0.20.2
-0.0-0.0
-0.1-0.1
-0.3-0.3
-0.2-0.2
-0.3-0.3
-0.2-0.2
-0.1-0.1
Россети ФСКЕЭС
АО«Тываэнерго»
АО«Чеченэнерго»
Россети Волга
РоссетиКубань
РоссетиЛенэнерго(ГК)
РоссетиМосковскийрегион
РоссетиСеверныйКавказ (ГК)
Россети Север…
Россети Сибирь(ГК)
Россети Томск
Россети Тюмень
Россети Урал(ГК)
Россети Центр
Россети Центри Приволжье(ГК)
Россети Юг (Г…
РоссетиЯнтарь
0
-5
5'

2023-10-16 15:38:34 - [MESSAGE][PASSED] - Text of object 'Object Repository/Выполнение бизнес-плана/otkloneniya 3m' is: '● Отрицательные/нулевые отклонения● ● ● ● Положительные отклонения
п.п.
Отклонения фактического уровня потерь от бизнес-плана за 3 месяца (нарастающим итогом)
0.10.1
0.60.6
3.33.3
-0.6-0.6
-0.3-0.3
-0.1-0.1
-0.2-0.2
1.41.4
-0.1-0.1
-0.1-0.1
-0.0-0.0
-0.1-0.1
-0.3-0.3
-0.4-0.4
-0.3-0.3
-0.3-0.3
0.30.3
0.00.0
0.80.8
2.62.6
-0.5-0.5
-0.3-0.3
-0.1-0.1
-0.1-0.1
1.81.8
-0.1-0.1
-0.1-0.1
-0.0-0.0
-0.1-0.1
-0.3-0.3
-0.2-0.2
-0.2-0.2
-0.2-0.2
-0.0-0.0
0.00.0
0.80.8
3.93.9
-0.5-0.5
-0.3-0.3
-0.1-0.1
0.00.0
1.81.8
-0.1-0.1
0.20.2
-0.0-0.0
-0.1-0.1
-0.3-0.3
-0.2-0.2
-0.3-0.3
-0.2-0.2
-0.1-0.1
Россети ФСКЕЭС
АО«Тываэнерго»
АО«Чеченэнерго»
Россети Волга
РоссетиКубань
РоссетиЛенэнерго(ГК)
РоссетиМосковскийрегион
РоссетиСеверныйКавказ (ГК)
Россети Север…
Россети Сибирь(ГК)
Россети Томск
Россети Тюмень
Россети Урал(ГК)
Россети Центр
Россети Центри Приволжье(ГК)
Россети Юг (Г…
РоссетиЯнтарь
0
-5
5'

2023-10-16 15:38:34 - [TEST_STEP][PASSED] - println(a8): null

2023-10-16 15:38:34 - [TEST_STEP][PASSED] - i = a8.indexOf("(нарастающим итогом)") + 21: null

2023-10-16 15:38:34 - [TEST_STEP][PASSED] - a8 = a8.substring(i, a8.length()): null

2023-10-16 15:38:34 - [TEST_STEP][PASSED] - i = a8.indexOf("Россети ФСКЕЭС"): null

2023-10-16 15:38:34 - [TEST_STEP][PASSED] - a8 = a8.substring(0, i): null

2023-10-16 15:38:34 - [TEST_STEP][PASSED] - a8 = a8.trim(): null

2023-10-16 15:38:34 - [TEST_STEP][PASSED] - println("a8:" + a8): null

2023-10-16 15:38:34 - [TEST_STEP][PASSED] - navigateToUrl(findTestData("PlanFact").getValue(10, 4)): Navigate to 'https://bi.rosseti.digital/viewer?dashboardGuid=5ed11b2f4eb2434fa5c5ff1537a71532&sheetGuid=0d90a67b6f664f58b2e6cf8ff5d9a66c&fit=true' successfully

2023-10-16 15:38:35 - [MESSAGE][PASSED] - Navigate to 'https://bi.rosseti.digital/viewer?dashboardGuid=5ed11b2f4eb2434fa5c5ff1537a71532&sheetGuid=0d90a67b6f664f58b2e6cf8ff5d9a66c&fit=true' successfully

2023-10-16 15:38:35 - [TEST_STEP][PASSED] - delay(40): Delayed 40 second(s)

2023-10-16 15:39:15 - [MESSAGE][PASSED] - Delayed 40 second(s)

2023-10-16 15:39:15 - [TEST_STEP][PASSED] - Script1677841392650.ZakrytOpoveshenie(): null

2023-10-16 15:39:15 - [TEST_STEP][PASSED] - opoveshenie = getText(findTestObject("Выполнение бизнес-плана/Просьба обратить внимание")): Text of object 'Object Repository/Выполнение бизнес-плана/Просьба обратить внимание' is: ''

2023-10-16 15:39:25 - [MESSAGE][PASSED] - Text of object 'Object Repository/Выполнение бизнес-плана/Просьба обратить внимание' is: ''

2023-10-16 15:39:25 - [TEST_STEP][PASSED] - println(opoveshenie): null

2023-10-16 15:39:25 - [TEST_STEP][PASSED] - if (opoveshenie == "Просьба обратить внимание"): null

2023-10-16 15:39:25 - [TEST_STEP][PASSED] - click(findTestObject("Выполнение бизнес-плана/Выполнение бизнес-плана Балансы/Фильтр Дата")): Object: 'Object Repository/Выполнение бизнес-плана/Выполнение бизнес-плана Балансы/Фильтр Дата' is clicked on

2023-10-16 15:39:26 - [MESSAGE][PASSED] - Object: 'Object Repository/Выполнение бизнес-плана/Выполнение бизнес-плана Балансы/Фильтр Дата' is clicked on

2023-10-16 15:39:26 - [TEST_STEP][PASSED] - click(findTestObject("Выполнение бизнес-плана/Выполнение бизнес-плана Балансы/Снять выделение в фильтре Дата")): Object: 'Object Repository/Выполнение бизнес-плана/Выполнение бизнес-плана Балансы/Снять выделение в фильтре Дата' is clicked on

2023-10-16 15:39:26 - [MESSAGE][PASSED] - Object: 'Object Repository/Выполнение бизнес-плана/Выполнение бизнес-плана Балансы/Снять выделение в фильтре Дата' is clicked on

2023-10-16 15:39:26 - [TEST_STEP][PASSED] - click(findTestObject("Выполнение бизнес-плана/Выполнение бизнес-плана Балансы/Применить в фильтре Дата")): Object: 'Object Repository/Выполнение бизнес-плана/Выполнение бизнес-плана Балансы/Применить в фильтре Дата' is clicked on

2023-10-16 15:39:27 - [MESSAGE][PASSED] - Object: 'Object Repository/Выполнение бизнес-плана/Выполнение бизнес-плана Балансы/Применить в фильтре Дата' is clicked on

2023-10-16 15:39:27 - [TEST_STEP][PASSED] - delay(30): Delayed 30 second(s)

2023-10-16 15:39:57 - [MESSAGE][PASSED] - Delayed 30 second(s)

2023-10-16 15:39:57 - [TEST_STEP][PASSED] - Script1677841392650.ZakrytOpoveshenie(): null

2023-10-16 15:39:57 - [TEST_STEP][PASSED] - opoveshenie = getText(findTestObject("Выполнение бизнес-плана/Просьба обратить внимание")): Text of object 'Object Repository/Выполнение бизнес-плана/Просьба обратить внимание' is: 'Просьба обратить внимание'

2023-10-16 15:39:58 - [MESSAGE][PASSED] - Text of object 'Object Repository/Выполнение бизнес-плана/Просьба обратить внимание' is: 'Просьба обратить внимание'

2023-10-16 15:39:58 - [TEST_STEP][PASSED] - println(opoveshenie): null

2023-10-16 15:39:58 - [TEST_STEP][PASSED] - if (opoveshenie == "Просьба обратить внимание"): Object: 'Object Repository/Выполнение бизнес-плана/Закрыть оповещение' is clicked on

2023-10-16 15:39:58 - [TEST_STEP][PASSED] - click(findTestObject("Выполнение бизнес-плана/Закрыть оповещение")): Object: 'Object Repository/Выполнение бизнес-плана/Закрыть оповещение' is clicked on

2023-10-16 15:39:58 - [MESSAGE][PASSED] - Object: 'Object Repository/Выполнение бизнес-плана/Закрыть оповещение' is clicked on

2023-10-16 15:39:58 - [TEST_STEP][PASSED] - click(findTestObject("Выполнение бизнес-плана/Выполнение бизнес-плана Балансы/Фильтр Дата")): Object: 'Object Repository/Выполнение бизнес-плана/Выполнение бизнес-плана Балансы/Фильтр Дата' is clicked on

2023-10-16 15:39:59 - [MESSAGE][PASSED] - Object: 'Object Repository/Выполнение бизнес-плана/Выполнение бизнес-плана Балансы/Фильтр Дата' is clicked on

2023-10-16 15:39:59 - [TEST_STEP][PASSED] - click(findTestObject("Выполнение бизнес-плана/Выполнение бизнес-плана Балансы/Снять выделение в фильтре Дата")): Object: 'Object Repository/Выполнение бизнес-плана/Выполнение бизнес-плана Балансы/Снять выделение в фильтре Дата' is clicked on

2023-10-16 15:39:59 - [MESSAGE][PASSED] - Object: 'Object Repository/Выполнение бизнес-плана/Выполнение бизнес-плана Балансы/Снять выделение в фильтре Дата' is clicked on

2023-10-16 15:39:59 - [TEST_STEP][PASSED] - scrollToElement(findTestObject("Выполнение бизнес-плана/Выполнение бизнес-плана Балансы/2023 список"), 30): Scroll to object 'Object Repository/Выполнение бизнес-плана/Выполнение бизнес-плана Балансы/2023 список' successfully

2023-10-16 15:40:00 - [MESSAGE][PASSED] - Scroll to object 'Object Repository/Выполнение бизнес-плана/Выполнение бизнес-плана Балансы/2023 список' successfully

2023-10-16 15:40:00 - [TEST_STEP][PASSED] - click(findTestObject("Выполнение бизнес-плана/Выполнение бизнес-плана Балансы/2023 список")): Object: 'Object Repository/Выполнение бизнес-плана/Выполнение бизнес-плана Балансы/2023 список' is clicked on

2023-10-16 15:40:00 - [MESSAGE][PASSED] - Object: 'Object Repository/Выполнение бизнес-плана/Выполнение бизнес-плана Балансы/2023 список' is clicked on

2023-10-16 15:40:00 - [TEST_STEP][PASSED] - scrollToElement(findTestObject("Выполнение бизнес-плана/Выполнение бизнес-плана Балансы/1 квартал 2023 список"), 30): Scroll to object 'Object Repository/Выполнение бизнес-плана/Выполнение бизнес-плана Балансы/1 квартал 2023 список' successfully

2023-10-16 15:40:01 - [MESSAGE][PASSED] - Scroll to object 'Object Repository/Выполнение бизнес-плана/Выполнение бизнес-плана Балансы/1 квартал 2023 список' successfully

2023-10-16 15:40:01 - [TEST_STEP][PASSED] - click(findTestObject("Выполнение бизнес-плана/1 квартал 2023")): Object: 'Object Repository/Выполнение бизнес-плана/1 квартал 2023' is clicked on

2023-10-16 15:40:01 - [MESSAGE][PASSED] - Object: 'Object Repository/Выполнение бизнес-плана/1 квартал 2023' is clicked on

2023-10-16 15:40:01 - [TEST_STEP][PASSED] - click(findTestObject("Выполнение бизнес-плана/Выполнение бизнес-плана Балансы/2 квартал 2023")): Object: 'Object Repository/Выполнение бизнес-плана/Выполнение бизнес-плана Балансы/2 квартал 2023' is clicked on

2023-10-16 15:40:01 - [MESSAGE][PASSED] - Object: 'Object Repository/Выполнение бизнес-плана/Выполнение бизнес-плана Балансы/2 квартал 2023' is clicked on

2023-10-16 15:40:01 - [TEST_STEP][PASSED] - click(findTestObject("Выполнение бизнес-плана/Выполнение бизнес-плана Балансы/3 квартал 2023 список")): Object: 'Object Repository/Выполнение бизнес-плана/Выполнение бизнес-плана Балансы/3 квартал 2023 список' is clicked on

2023-10-16 15:40:02 - [MESSAGE][PASSED] - Object: 'Object Repository/Выполнение бизнес-плана/Выполнение бизнес-плана Балансы/3 квартал 2023 список' is clicked on

2023-10-16 15:40:02 - [TEST_STEP][PASSED] - scrollToElement(findTestObject("Выполнение бизнес-плана/Выполнение бизнес-плана Балансы/Июль"), 30): Scroll to object 'Object Repository/Выполнение бизнес-плана/Выполнение бизнес-плана Балансы/Июль' successfully

2023-10-16 15:40:02 - [MESSAGE][PASSED] - Scroll to object 'Object Repository/Выполнение бизнес-плана/Выполнение бизнес-плана Балансы/Июль' successfully

2023-10-16 15:40:02 - [TEST_STEP][PASSED] - click(findTestObject("Выполнение бизнес-плана/Выполнение бизнес-плана Балансы/Июль")): Object: 'Object Repository/Выполнение бизнес-плана/Выполнение бизнес-плана Балансы/Июль' is clicked on

2023-10-16 15:40:03 - [MESSAGE][PASSED] - Object: 'Object Repository/Выполнение бизнес-плана/Выполнение бизнес-плана Балансы/Июль' is clicked on

2023-10-16 15:40:03 - [TEST_STEP][PASSED] - scrollToElement(findTestObject("Выполнение бизнес-плана/Выполнение бизнес-плана Балансы/Август"), 30): Scroll to object 'Object Repository/Выполнение бизнес-плана/Выполнение бизнес-плана Балансы/Август' successfully

2023-10-16 15:40:03 - [MESSAGE][PASSED] - Scroll to object 'Object Repository/Выполнение бизнес-плана/Выполнение бизнес-плана Балансы/Август' successfully

2023-10-16 15:40:03 - [TEST_STEP][PASSED] - click(findTestObject("Выполнение бизнес-плана/Выполнение бизнес-плана Балансы/Август"), CONTINUE_ON_FAILURE): Object: 'Object Repository/Выполнение бизнес-плана/Выполнение бизнес-плана Балансы/Август' is clicked on

2023-10-16 15:40:04 - [MESSAGE][PASSED] - Object: 'Object Repository/Выполнение бизнес-плана/Выполнение бизнес-плана Балансы/Август' is clicked on

2023-10-16 15:40:04 - [TEST_STEP][PASSED] - scrollToElement(findTestObject("Выполнение бизнес-плана/Выполнение бизнес-плана Балансы/Заголовок дашборда"), 30): Scroll to object 'Object Repository/Выполнение бизнес-плана/Выполнение бизнес-плана Балансы/Заголовок дашборда' successfully

2023-10-16 15:40:04 - [MESSAGE][PASSED] - Scroll to object 'Object Repository/Выполнение бизнес-плана/Выполнение бизнес-плана Балансы/Заголовок дашборда' successfully

2023-10-16 15:40:04 - [TEST_STEP][PASSED] - click(findTestObject("Выполнение бизнес-плана/Выполнение бизнес-плана Балансы/Применить в фильтре Дата")): Object: 'Object Repository/Выполнение бизнес-плана/Выполнение бизнес-плана Балансы/Применить в фильтре Дата' is clicked on

2023-10-16 15:40:05 - [MESSAGE][PASSED] - Object: 'Object Repository/Выполнение бизнес-плана/Выполнение бизнес-плана Балансы/Применить в фильтре Дата' is clicked on

2023-10-16 15:40:05 - [TEST_STEP][PASSED] - delay(30): Delayed 30 second(s)

2023-10-16 15:40:35 - [MESSAGE][PASSED] - Delayed 30 second(s)

2023-10-16 15:40:35 - [TEST_STEP][PASSED] - Script1677841392650.ZakrytOpoveshenie(): null

2023-10-16 15:40:35 - [TEST_STEP][PASSED] - opoveshenie = getText(findTestObject("Выполнение бизнес-плана/Просьба обратить внимание")): Text of object 'Object Repository/Выполнение бизнес-плана/Просьба обратить внимание' is: ''

2023-10-16 15:40:37 - [MESSAGE][PASSED] - Text of object 'Object Repository/Выполнение бизнес-плана/Просьба обратить внимание' is: ''

2023-10-16 15:40:37 - [TEST_STEP][PASSED] - println(opoveshenie): null

2023-10-16 15:40:37 - [TEST_STEP][PASSED] - if (opoveshenie == "Просьба обратить внимание"): null

2023-10-16 15:40:37 - [TEST_STEP][PASSED] - click(findTestObject("Выполнение бизнес-плана/Выполнение бизнес-плана Балансы/Фильтр ДЗО")): Object: 'Object Repository/Выполнение бизнес-плана/Выполнение бизнес-плана Балансы/Фильтр ДЗО' is clicked on

2023-10-16 15:40:37 - [MESSAGE][PASSED] - Object: 'Object Repository/Выполнение бизнес-плана/Выполнение бизнес-плана Балансы/Фильтр ДЗО' is clicked on

2023-10-16 15:40:37 - [TEST_STEP][PASSED] - click(findTestObject("Выполнение бизнес-плана/Выполнение бизнес-плана Балансы/Снять выделение в фильтре ДЗО")): Object: 'Object Repository/Выполнение бизнес-плана/Выполнение бизнес-плана Балансы/Снять выделение в фильтре ДЗО' is clicked on

2023-10-16 15:40:38 - [MESSAGE][PASSED] - Object: 'Object Repository/Выполнение бизнес-плана/Выполнение бизнес-плана Балансы/Снять выделение в фильтре ДЗО' is clicked on

2023-10-16 15:40:38 - [TEST_STEP][PASSED] - click(findTestObject("Выполнение бизнес-плана/Выполнение бизнес-плана Балансы/ПАО Россети в фильтре ДЗО")): Object: 'Object Repository/Выполнение бизнес-плана/Выполнение бизнес-плана Балансы/ПАО Россети в фильтре ДЗО' is clicked on

2023-10-16 15:40:38 - [MESSAGE][PASSED] - Object: 'Object Repository/Выполнение бизнес-плана/Выполнение бизнес-плана Балансы/ПАО Россети в фильтре ДЗО' is clicked on

2023-10-16 15:40:38 - [TEST_STEP][PASSED] - click(findTestObject("Выполнение бизнес-плана/Выполнение бизнес-плана Балансы/Применить в фильтре ДЗО")): Object: 'Object Repository/Выполнение бизнес-плана/Выполнение бизнес-плана Балансы/Применить в фильтре ДЗО' is clicked on

2023-10-16 15:40:39 - [MESSAGE][PASSED] - Object: 'Object Repository/Выполнение бизнес-плана/Выполнение бизнес-плана Балансы/Применить в фильтре ДЗО' is clicked on

2023-10-16 15:40:39 - [TEST_STEP][PASSED] - b = getText(findTestObject("Выполнение бизнес-плана/Выполнение бизнес-плана Балансы/Итого")): Text of object 'Object Repository/Выполнение бизнес-плана/Выполнение бизнес-плана Балансы/Итого' is: 'Итого
%
8.40 8.40
8.38 8.38
1
100'

2023-10-16 15:41:03 - [MESSAGE][PASSED] - Text of object 'Object Repository/Выполнение бизнес-плана/Выполнение бизнес-плана Балансы/Итого' is: 'Итого
%
8.40 8.40
8.38 8.38
1
100'

2023-10-16 15:41:03 - [TEST_STEP][PASSED] - i = b.indexOf("%"): null

2023-10-16 15:41:03 - [TEST_STEP][PASSED] - b = b.substring(i): null

2023-10-16 15:41:03 - [TEST_STEP][PASSED] - b = b.trim(): null

2023-10-16 15:41:03 - [TEST_STEP][PASSED] - i = b.indexOf("100") - 3: null

2023-10-16 15:41:03 - [TEST_STEP][PASSED] - b = b.substring(0, i): null

2023-10-16 15:41:03 - [TEST_STEP][PASSED] - println(b): null

2023-10-16 15:41:03 - [TEST_STEP][PASSED] - b00 = getText(findTestObject("Выполнение бизнес-плана/Выполнение бизнес-плана Балансы/spanFSK1")): Text of object 'Object Repository/Выполнение бизнес-плана/Выполнение бизнес-плана Балансы/spanFSK1' is: '4.33'

2023-10-16 15:41:03 - [MESSAGE][PASSED] - Text of object 'Object Repository/Выполнение бизнес-плана/Выполнение бизнес-плана Балансы/spanFSK1' is: '4.33'

2023-10-16 15:41:03 - [TEST_STEP][PASSED] - println(b00): null

2023-10-16 15:41:03 - [TEST_STEP][PASSED] - b01 = getText(findTestObject("Выполнение бизнес-плана/Выполнение бизнес-плана Балансы/spanFSK2")): Text of object 'Object Repository/Выполнение бизнес-плана/Выполнение бизнес-плана Балансы/spanFSK2' is: '4.34
|'

2023-10-16 15:41:04 - [MESSAGE][PASSED] - Text of object 'Object Repository/Выполнение бизнес-плана/Выполнение бизнес-плана Балансы/spanFSK2' is: '4.34
|'

2023-10-16 15:41:04 - [TEST_STEP][PASSED] - println(b01): null

2023-10-16 15:41:04 - [TEST_STEP][PASSED] - b02 = getText(findTestObject("Выполнение бизнес-плана/Выполнение бизнес-плана Балансы/spanTyva1")): Text of object 'Object Repository/Выполнение бизнес-плана/Выполнение бизнес-плана Балансы/spanTyva1' is: '19.78'

2023-10-16 15:41:04 - [MESSAGE][PASSED] - Text of object 'Object Repository/Выполнение бизнес-плана/Выполнение бизнес-плана Балансы/spanTyva1' is: '19.78'

2023-10-16 15:41:04 - [TEST_STEP][PASSED] - println(b02): null

2023-10-16 15:41:04 - [TEST_STEP][PASSED] - b03 = getText(findTestObject("Выполнение бизнес-плана/Выполнение бизнес-плана Балансы/spanTyva2")): Text of object 'Object Repository/Выполнение бизнес-плана/Выполнение бизнес-плана Балансы/spanTyva2' is: '20.07
|'

2023-10-16 15:41:05 - [MESSAGE][PASSED] - Text of object 'Object Repository/Выполнение бизнес-плана/Выполнение бизнес-плана Балансы/spanTyva2' is: '20.07
|'

2023-10-16 15:41:05 - [TEST_STEP][PASSED] - println(b03): null

2023-10-16 15:41:05 - [TEST_STEP][PASSED] - b04 = getText(findTestObject("Выполнение бизнес-плана/Выполнение бизнес-плана Балансы/spanCh1")): Text of object 'Object Repository/Выполнение бизнес-плана/Выполнение бизнес-плана Балансы/spanCh1' is: '30.30'

2023-10-16 15:41:05 - [MESSAGE][PASSED] - Text of object 'Object Repository/Выполнение бизнес-плана/Выполнение бизнес-плана Балансы/spanCh1' is: '30.30'

2023-10-16 15:41:05 - [TEST_STEP][PASSED] - println(b04): null

2023-10-16 15:41:05 - [TEST_STEP][PASSED] - b05 = getText(findTestObject("Выполнение бизнес-плана/Выполнение бизнес-плана Балансы/spanCh2")): Text of object 'Object Repository/Выполнение бизнес-плана/Выполнение бизнес-плана Балансы/spanCh2' is: '34.97
|'

2023-10-16 15:41:05 - [MESSAGE][PASSED] - Text of object 'Object Repository/Выполнение бизнес-плана/Выполнение бизнес-плана Балансы/spanCh2' is: '34.97
|'

2023-10-16 15:41:05 - [TEST_STEP][PASSED] - println(b05): null

2023-10-16 15:41:05 - [TEST_STEP][PASSED] - b06 = getText(findTestObject("Выполнение бизнес-плана/Выполнение бизнес-плана Балансы/spanV1")): Text of object 'Object Repository/Выполнение бизнес-плана/Выполнение бизнес-плана Балансы/spanV1' is: '5.64
|'

2023-10-16 15:41:06 - [MESSAGE][PASSED] - Text of object 'Object Repository/Выполнение бизнес-плана/Выполнение бизнес-плана Балансы/spanV1' is: '5.64
|'

2023-10-16 15:41:06 - [TEST_STEP][PASSED] - println(b06): null

2023-10-16 15:41:06 - [TEST_STEP][PASSED] - b07 = getText(findTestObject("Выполнение бизнес-плана/Выполнение бизнес-плана Балансы/spanV2")): Text of object 'Object Repository/Выполнение бизнес-плана/Выполнение бизнес-плана Балансы/spanV2' is: '5.11'

2023-10-16 15:41:06 - [MESSAGE][PASSED] - Text of object 'Object Repository/Выполнение бизнес-плана/Выполнение бизнес-плана Балансы/spanV2' is: '5.11'

2023-10-16 15:41:06 - [TEST_STEP][PASSED] - println(b07): null

2023-10-16 15:41:06 - [TEST_STEP][PASSED] - b08 = getText(findTestObject("Выполнение бизнес-плана/Выполнение бизнес-плана Балансы/spanKub1")): Text of object 'Object Repository/Выполнение бизнес-плана/Выполнение бизнес-плана Балансы/spanKub1' is: '9.52
|'

2023-10-16 15:41:06 - [MESSAGE][PASSED] - Text of object 'Object Repository/Выполнение бизнес-плана/Выполнение бизнес-плана Балансы/spanKub1' is: '9.52
|'

2023-10-16 15:41:06 - [TEST_STEP][PASSED] - println(b08): null

2023-10-16 15:41:06 - [TEST_STEP][PASSED] - b09 = getText(findTestObject("Выполнение бизнес-плана/Выполнение бизнес-плана Балансы/spanKub2")): Text of object 'Object Repository/Выполнение бизнес-плана/Выполнение бизнес-плана Балансы/spanKub2' is: '9.21'

2023-10-16 15:41:07 - [MESSAGE][PASSED] - Text of object 'Object Repository/Выполнение бизнес-плана/Выполнение бизнес-плана Балансы/spanKub2' is: '9.21'

2023-10-16 15:41:07 - [TEST_STEP][PASSED] - println(b09): null

2023-10-16 15:41:07 - [TEST_STEP][PASSED] - b10 = getText(findTestObject("Выполнение бизнес-плана/Выполнение бизнес-плана Балансы/spanLen1")): Text of object 'Object Repository/Выполнение бизнес-плана/Выполнение бизнес-плана Балансы/spanLen1' is: '10.46
|'

2023-10-16 15:41:07 - [MESSAGE][PASSED] - Text of object 'Object Repository/Выполнение бизнес-плана/Выполнение бизнес-плана Балансы/spanLen1' is: '10.46
|'

2023-10-16 15:41:07 - [TEST_STEP][PASSED] - println(b10): null

2023-10-16 15:41:07 - [TEST_STEP][PASSED] - b11 = getText(findTestObject("Выполнение бизнес-плана/Выполнение бизнес-плана Балансы/spanLen2")): Text of object 'Object Repository/Выполнение бизнес-плана/Выполнение бизнес-плана Балансы/spanLen2' is: '10.36'

2023-10-16 15:41:07 - [MESSAGE][PASSED] - Text of object 'Object Repository/Выполнение бизнес-плана/Выполнение бизнес-плана Балансы/spanLen2' is: '10.36'

2023-10-16 15:41:07 - [TEST_STEP][PASSED] - println(b11): null

2023-10-16 15:41:07 - [TEST_STEP][PASSED] - b12 = getText(findTestObject("Выполнение бизнес-плана/Выполнение бизнес-плана Балансы/spanM1")): Text of object 'Object Repository/Выполнение бизнес-плана/Выполнение бизнес-плана Балансы/spanM1' is: '7.30'

2023-10-16 15:41:08 - [MESSAGE][PASSED] - Text of object 'Object Repository/Выполнение бизнес-плана/Выполнение бизнес-плана Балансы/spanM1' is: '7.30'

2023-10-16 15:41:08 - [TEST_STEP][PASSED] - println(b12): null

2023-10-16 15:41:08 - [TEST_STEP][PASSED] - b13 = getText(findTestObject("Выполнение бизнес-плана/Выполнение бизнес-плана Балансы/spanM2")): Text of object 'Object Repository/Выполнение бизнес-плана/Выполнение бизнес-плана Балансы/spanM2' is: '7.31
|'

2023-10-16 15:41:08 - [MESSAGE][PASSED] - Text of object 'Object Repository/Выполнение бизнес-плана/Выполнение бизнес-плана Балансы/spanM2' is: '7.31
|'

2023-10-16 15:41:08 - [TEST_STEP][PASSED] - println(b13): null

2023-10-16 15:41:08 - [TEST_STEP][PASSED] - b14 = getText(findTestObject("Выполнение бизнес-плана/Выполнение бизнес-плана Балансы/spanSK1")): Text of object 'Object Repository/Выполнение бизнес-плана/Выполнение бизнес-плана Балансы/spanSK1' is: '23.54'

2023-10-16 15:41:08 - [MESSAGE][PASSED] - Text of object 'Object Repository/Выполнение бизнес-плана/Выполнение бизнес-плана Балансы/spanSK1' is: '23.54'

2023-10-16 15:41:08 - [TEST_STEP][PASSED] - println(b14): null

2023-10-16 15:41:08 - [TEST_STEP][PASSED] - b15 = getText(findTestObject("Выполнение бизнес-плана/Выполнение бизнес-плана Балансы/spanSK2")): Text of object 'Object Repository/Выполнение бизнес-плана/Выполнение бизнес-плана Балансы/spanSK2' is: '26.58
|'

2023-10-16 15:41:09 - [MESSAGE][PASSED] - Text of object 'Object Repository/Выполнение бизнес-плана/Выполнение бизнес-плана Балансы/spanSK2' is: '26.58
|'

2023-10-16 15:41:09 - [TEST_STEP][PASSED] - println(b15): null

2023-10-16 15:41:09 - [TEST_STEP][PASSED] - b16 = getText(findTestObject("Выполнение бизнес-плана/Выполнение бизнес-плана Балансы/spanSZ1")): Text of object 'Object Repository/Выполнение бизнес-плана/Выполнение бизнес-плана Балансы/spanSZ1' is: '5.39
|'

2023-10-16 15:41:09 - [MESSAGE][PASSED] - Text of object 'Object Repository/Выполнение бизнес-плана/Выполнение бизнес-плана Балансы/spanSZ1' is: '5.39
|'

2023-10-16 15:41:09 - [TEST_STEP][PASSED] - println(b16): null

2023-10-16 15:41:09 - [TEST_STEP][PASSED] - b17 = getText(findTestObject("Выполнение бизнес-плана/Выполнение бизнес-плана Балансы/spanSZ2")): Text of object 'Object Repository/Выполнение бизнес-плана/Выполнение бизнес-плана Балансы/spanSZ2' is: '5.29'

2023-10-16 15:41:09 - [MESSAGE][PASSED] - Text of object 'Object Repository/Выполнение бизнес-плана/Выполнение бизнес-плана Балансы/spanSZ2' is: '5.29'

2023-10-16 15:41:09 - [TEST_STEP][PASSED] - println(b17): null

2023-10-16 15:41:09 - [TEST_STEP][PASSED] - b18 = getText(findTestObject("Выполнение бизнес-плана/Выполнение бизнес-плана Балансы/spanSib1")): Text of object 'Object Repository/Выполнение бизнес-плана/Выполнение бизнес-плана Балансы/spanSib1' is: '6.83
|'

2023-10-16 15:41:10 - [MESSAGE][PASSED] - Text of object 'Object Repository/Выполнение бизнес-плана/Выполнение бизнес-плана Балансы/spanSib1' is: '6.83
|'

2023-10-16 15:41:10 - [TEST_STEP][PASSED] - println(b18): null

2023-10-16 15:41:10 - [TEST_STEP][PASSED] - b19 = getText(findTestObject("Выполнение бизнес-плана/Выполнение бизнес-плана Балансы/spanSib2")): Text of object 'Object Repository/Выполнение бизнес-плана/Выполнение бизнес-плана Балансы/spanSib2' is: '6.79'

2023-10-16 15:41:10 - [MESSAGE][PASSED] - Text of object 'Object Repository/Выполнение бизнес-плана/Выполнение бизнес-плана Балансы/spanSib2' is: '6.79'

2023-10-16 15:41:10 - [TEST_STEP][PASSED] - println(b19): null

2023-10-16 15:41:10 - [TEST_STEP][PASSED] - b20 = getText(findTestObject("Выполнение бизнес-плана/Выполнение бизнес-плана Балансы/spanTom1")): Text of object 'Object Repository/Выполнение бизнес-плана/Выполнение бизнес-плана Балансы/spanTom1' is: '8.10
|'

2023-10-16 15:41:10 - [MESSAGE][PASSED] - Text of object 'Object Repository/Выполнение бизнес-плана/Выполнение бизнес-плана Балансы/spanTom1' is: '8.10
|'

2023-10-16 15:41:10 - [TEST_STEP][PASSED] - println(b20): null

2023-10-16 15:41:10 - [TEST_STEP][PASSED] - b21 = getText(findTestObject("Выполнение бизнес-плана/Выполнение бизнес-плана Балансы/spanTom2")): Text of object 'Object Repository/Выполнение бизнес-плана/Выполнение бизнес-плана Балансы/spanTom2' is: '8.06'

2023-10-16 15:41:11 - [MESSAGE][PASSED] - Text of object 'Object Repository/Выполнение бизнес-плана/Выполнение бизнес-плана Балансы/spanTom2' is: '8.06'

2023-10-16 15:41:11 - [TEST_STEP][PASSED] - println(b21): null

2023-10-16 15:41:11 - [TEST_STEP][PASSED] - b22 = getText(findTestObject("Выполнение бизнес-плана/Выполнение бизнес-плана Балансы/spanTum1")): Text of object 'Object Repository/Выполнение бизнес-плана/Выполнение бизнес-плана Балансы/spanTum1' is: '2.56
|'

2023-10-16 15:41:11 - [MESSAGE][PASSED] - Text of object 'Object Repository/Выполнение бизнес-плана/Выполнение бизнес-плана Балансы/spanTum1' is: '2.56
|'

2023-10-16 15:41:11 - [TEST_STEP][PASSED] - println(b22): null

2023-10-16 15:41:11 - [TEST_STEP][PASSED] - b23 = getText(findTestObject("Выполнение бизнес-плана/Выполнение бизнес-плана Балансы/spanTum2")): Text of object 'Object Repository/Выполнение бизнес-плана/Выполнение бизнес-плана Балансы/spanTum2' is: '2.50'

2023-10-16 15:41:11 - [MESSAGE][PASSED] - Text of object 'Object Repository/Выполнение бизнес-плана/Выполнение бизнес-плана Балансы/spanTum2' is: '2.50'

2023-10-16 15:41:11 - [TEST_STEP][PASSED] - println(b23): null

2023-10-16 15:41:11 - [TEST_STEP][PASSED] - b24 = getText(findTestObject("Выполнение бизнес-плана/Выполнение бизнес-плана Балансы/spanUr1")): Text of object 'Object Repository/Выполнение бизнес-плана/Выполнение бизнес-плана Балансы/spanUr1' is: '5.82
|'

2023-10-16 15:41:12 - [MESSAGE][PASSED] - Text of object 'Object Repository/Выполнение бизнес-плана/Выполнение бизнес-плана Балансы/spanUr1' is: '5.82
|'

2023-10-16 15:41:12 - [TEST_STEP][PASSED] - println(b24): null

2023-10-16 15:41:12 - [TEST_STEP][PASSED] - b25 = getText(findTestObject("Выполнение бизнес-плана/Выполнение бизнес-плана Балансы/spanUr2")): Text of object 'Object Repository/Выполнение бизнес-плана/Выполнение бизнес-плана Балансы/spanUr2' is: '5.55'

2023-10-16 15:41:12 - [MESSAGE][PASSED] - Text of object 'Object Repository/Выполнение бизнес-плана/Выполнение бизнес-плана Балансы/spanUr2' is: '5.55'

2023-10-16 15:41:12 - [TEST_STEP][PASSED] - println(b25): null

2023-10-16 15:41:12 - [TEST_STEP][PASSED] - b26 = getText(findTestObject("Выполнение бизнес-плана/Выполнение бизнес-плана Балансы/spanZ1")): Text of object 'Object Repository/Выполнение бизнес-плана/Выполнение бизнес-плана Балансы/spanZ1' is: '10.11
|'

2023-10-16 15:41:12 - [MESSAGE][PASSED] - Text of object 'Object Repository/Выполнение бизнес-плана/Выполнение бизнес-плана Балансы/spanZ1' is: '10.11
|'

2023-10-16 15:41:12 - [TEST_STEP][PASSED] - println(b26): null

2023-10-16 15:41:12 - [TEST_STEP][PASSED] - b27 = getText(findTestObject("Выполнение бизнес-плана/Выполнение бизнес-плана Балансы/spanZ2")): Text of object 'Object Repository/Выполнение бизнес-плана/Выполнение бизнес-плана Балансы/spanZ2' is: '9.88'

2023-10-16 15:41:13 - [MESSAGE][PASSED] - Text of object 'Object Repository/Выполнение бизнес-плана/Выполнение бизнес-плана Балансы/spanZ2' is: '9.88'

2023-10-16 15:41:13 - [TEST_STEP][PASSED] - println(b27): null

2023-10-16 15:41:13 - [TEST_STEP][PASSED] - b28 = getText(findTestObject("Выполнение бизнес-плана/Выполнение бизнес-плана Балансы/spanZIP1")): Text of object 'Object Repository/Выполнение бизнес-плана/Выполнение бизнес-плана Балансы/spanZIP1' is: '7.00
|'

2023-10-16 15:41:13 - [MESSAGE][PASSED] - Text of object 'Object Repository/Выполнение бизнес-плана/Выполнение бизнес-плана Балансы/spanZIP1' is: '7.00
|'

2023-10-16 15:41:13 - [TEST_STEP][PASSED] - println(b28): null

2023-10-16 15:41:13 - [TEST_STEP][PASSED] - b29 = getText(findTestObject("Выполнение бизнес-плана/Выполнение бизнес-плана Балансы/spanZIP2")): Text of object 'Object Repository/Выполнение бизнес-плана/Выполнение бизнес-плана Балансы/spanZIP2' is: '6.74'

2023-10-16 15:41:13 - [MESSAGE][PASSED] - Text of object 'Object Repository/Выполнение бизнес-плана/Выполнение бизнес-плана Балансы/spanZIP2' is: '6.74'

2023-10-16 15:41:13 - [TEST_STEP][PASSED] - println(b29): null

2023-10-16 15:41:13 - [TEST_STEP][PASSED] - b30 = getText(findTestObject("Выполнение бизнес-плана/Выполнение бизнес-плана Балансы/spanUg1")): Text of object 'Object Repository/Выполнение бизнес-плана/Выполнение бизнес-плана Балансы/spanUg1' is: '9.45
|'

2023-10-16 15:41:14 - [MESSAGE][PASSED] - Text of object 'Object Repository/Выполнение бизнес-плана/Выполнение бизнес-плана Балансы/spanUg1' is: '9.45
|'

2023-10-16 15:41:14 - [TEST_STEP][PASSED] - println(b30): null

2023-10-16 15:41:14 - [TEST_STEP][PASSED] - b31 = getText(findTestObject("Выполнение бизнес-плана/Выполнение бизнес-плана Балансы/spanUg2")): Text of object 'Object Repository/Выполнение бизнес-плана/Выполнение бизнес-плана Балансы/spanUg2' is: '9.24'

2023-10-16 15:41:14 - [MESSAGE][PASSED] - Text of object 'Object Repository/Выполнение бизнес-плана/Выполнение бизнес-плана Балансы/spanUg2' is: '9.24'

2023-10-16 15:41:14 - [TEST_STEP][PASSED] - println(b31): null

2023-10-16 15:41:14 - [TEST_STEP][PASSED] - b32 = getText(findTestObject("Выполнение бизнес-плана/Выполнение бизнес-плана Балансы/spanYan1")): Text of object 'Object Repository/Выполнение бизнес-плана/Выполнение бизнес-плана Балансы/spanYan1' is: '8.59
|'

2023-10-16 15:41:14 - [MESSAGE][PASSED] - Text of object 'Object Repository/Выполнение бизнес-плана/Выполнение бизнес-плана Балансы/spanYan1' is: '8.59
|'

2023-10-16 15:41:14 - [TEST_STEP][PASSED] - println(b32): null

2023-10-16 15:41:14 - [TEST_STEP][PASSED] - b33 = getText(findTestObject("Выполнение бизнес-плана/Выполнение бизнес-плана Балансы/spanYan2")): Text of object 'Object Repository/Выполнение бизнес-плана/Выполнение бизнес-плана Балансы/spanYan2' is: '8.51'

2023-10-16 15:41:15 - [MESSAGE][PASSED] - Text of object 'Object Repository/Выполнение бизнес-плана/Выполнение бизнес-плана Балансы/spanYan2' is: '8.51'

2023-10-16 15:41:15 - [TEST_STEP][PASSED] - println(b33): null

2023-10-16 15:41:15 - [TEST_STEP][PASSED] - b1 = b00 + b02 + b04 + b06 + b08 + b10 + b12 + b14 + b16 + b18 + b20 + b22 + b24 + b26 + b28 + b30 + b32 + b01 + b03 + b05 + b07 + b09 + b11 + b13 + b15 + b17 + b19 + b21 + b23 + b25 + b27 + b29 + b31 + b33: null

2023-10-16 15:41:15 - [TEST_STEP][PASSED] - println(b1): null

2023-10-16 15:41:15 - [TEST_STEP][PASSED] - b1 = b1.replaceAll("[^0-9]", ""): null

2023-10-16 15:41:15 - [TEST_STEP][PASSED] - println(b1): null

2023-10-16 15:41:15 - [TEST_STEP][PASSED] - b2 = getText(findTestObject("Выполнение бизнес-плана/Выполнение бизнес-плана Балансы/table")): Text of object 'Object Repository/Выполнение бизнес-плана/Выполнение бизнес-плана Балансы/table' is: '394 782 816 490 443 2 229 711 34 374 172 18 238 046 23 960 356 64 226 500 14 612 508 21 496 009 39 739 544 3 341 713 36 327 995 47 677 107 38 827 184 35 389 509 19 511 343 2 868 317
378 357 855 392 022 1 449 926 32 616 212 16 558 695 21 479 077 59 531 316 10 728 534 20 359 328 37 039 348 3 072 276 35 421 365 45 032 260 34 992 129 33 004 218 17 701 103 2 624 213
16 424 961 98 421 779 785 1 757 960 1 679 351 2 481 279 4 695 066 3 883 974 1 136 681 2 700 196 269 437 906 630 2 644 847 3 835 055 2 385 291 1 803 700 244 105'

2023-10-16 15:41:15 - [MESSAGE][PASSED] - Text of object 'Object Repository/Выполнение бизнес-плана/Выполнение бизнес-плана Балансы/table' is: '394 782 816 490 443 2 229 711 34 374 172 18 238 046 23 960 356 64 226 500 14 612 508 21 496 009 39 739 544 3 341 713 36 327 995 47 677 107 38 827 184 35 389 509 19 511 343 2 868 317
378 357 855 392 022 1 449 926 32 616 212 16 558 695 21 479 077 59 531 316 10 728 534 20 359 328 37 039 348 3 072 276 35 421 365 45 032 260 34 992 129 33 004 218 17 701 103 2 624 213
16 424 961 98 421 779 785 1 757 960 1 679 351 2 481 279 4 695 066 3 883 974 1 136 681 2 700 196 269 437 906 630 2 644 847 3 835 055 2 385 291 1 803 700 244 105'

2023-10-16 15:41:15 - [TEST_STEP][PASSED] - println(b2): null

2023-10-16 15:41:15 - [TEST_STEP][PASSED] - b3 = getText(findTestObject("Выполнение бизнес-плана/Выполнение бизнес-плана Балансы/otkloneniya")): Text of object 'Object Repository/Выполнение бизнес-плана/Выполнение бизнес-плана Балансы/otkloneniya' is: '0.01
0.29
4.68
-0.52
-0.31
-0.11
0.01
3.04
-0.11
-0.03
-0.03
-0.06
-0.27
-0.23
-0.26
-0.20
-0.08
Россети ФСКЕЭС
АО«Тываэнерго»
АО«Чеченэнерго»
РоссетиВолга
РоссетиКубань
РоссетиЛенэнерго(ГК)
РоссетиМосковскийрегион
РоссетиСеверныйКавказ
РоссетиСеверо-Запад
РоссетиСибирь
РоссетиТомск
РоссетиТюмень
Россети Урал(ГК)
РоссетиЦентр (ГК)
РоссетиЦентр иПриволжье(ГК)
Россети Юг(ГК)
РоссетиЯнтарь
-1
0
1
2
3
4
5'

2023-10-16 15:41:15 - [MESSAGE][PASSED] - Text of object 'Object Repository/Выполнение бизнес-плана/Выполнение бизнес-плана Балансы/otkloneniya' is: '0.01
0.29
4.68
-0.52
-0.31
-0.11
0.01
3.04
-0.11
-0.03
-0.03
-0.06
-0.27
-0.23
-0.26
-0.20
-0.08
Россети ФСКЕЭС
АО«Тываэнерго»
АО«Чеченэнерго»
РоссетиВолга
РоссетиКубань
РоссетиЛенэнерго(ГК)
РоссетиМосковскийрегион
РоссетиСеверныйКавказ
РоссетиСеверо-Запад
РоссетиСибирь
РоссетиТомск
РоссетиТюмень
Россети Урал(ГК)
РоссетиЦентр (ГК)
РоссетиЦентр иПриволжье(ГК)
Россети Юг(ГК)
РоссетиЯнтарь
-1
0
1
2
3
4
5'

2023-10-16 15:41:15 - [TEST_STEP][PASSED] - i = b3.indexOf("Россети ФСКЕЭС"): null

2023-10-16 15:41:15 - [TEST_STEP][PASSED] - b3 = b3.substring(0, i): null

2023-10-16 15:41:15 - [TEST_STEP][PASSED] - println("b3:" + b3): null

2023-10-16 15:41:15 - [TEST_STEP][PASSED] - b4 = getText(findTestObject("Выполнение бизнес-плана/Выполнение бизнес-плана Балансы/svg2")): Text of object 'Object Repository/Выполнение бизнес-плана/Выполнение бизнес-плана Балансы/svg2' is: 'п.п.
-0.02
-0.03
-0.02
-0.01
0'

2023-10-16 15:41:16 - [MESSAGE][PASSED] - Text of object 'Object Repository/Выполнение бизнес-плана/Выполнение бизнес-плана Балансы/svg2' is: 'п.п.
-0.02
-0.03
-0.02
-0.01
0'

2023-10-16 15:41:16 - [TEST_STEP][PASSED] - b4 = b4.replaceAll("\s+", ""): null

2023-10-16 15:41:16 - [TEST_STEP][PASSED] - b4 = b4.replaceAll("[^0-9]", ""): null

2023-10-16 15:41:16 - [TEST_STEP][PASSED] - b4 = b4.substring(0, 2): null

2023-10-16 15:41:16 - [TEST_STEP][PASSED] - println(b4): null

2023-10-16 15:41:16 - [TEST_STEP][PASSED] - b5 = getText(findTestObject("Выполнение бизнес-плана/Выполнение бизнес-плана Балансы/Факт Отпуск в сеть за отчётный период ПАО Россети")): Text of object 'Object Repository/Выполнение бизнес-плана/Выполнение бизнес-плана Балансы/Факт Отпуск в сеть за отчётный период ПАО Россети' is: '569 582 438'

2023-10-16 15:41:16 - [MESSAGE][PASSED] - Text of object 'Object Repository/Выполнение бизнес-плана/Выполнение бизнес-плана Балансы/Факт Отпуск в сеть за отчётный период ПАО Россети' is: '569 582 438'

2023-10-16 15:41:16 - [TEST_STEP][PASSED] - println(b5): null

2023-10-16 15:41:16 - [TEST_STEP][PASSED] - b6 = getText(findTestObject("Выполнение бизнес-плана/Выполнение бизнес-плана Балансы/Факт Отпуск из сети за отчётный период ПАО Россети")): Text of object 'Object Repository/Выполнение бизнес-плана/Выполнение бизнес-плана Балансы/Факт Отпуск из сети за отчётный период ПАО Россети' is: '521 855 699'

2023-10-16 15:41:16 - [MESSAGE][PASSED] - Text of object 'Object Repository/Выполнение бизнес-плана/Выполнение бизнес-плана Балансы/Факт Отпуск из сети за отчётный период ПАО Россети' is: '521 855 699'

2023-10-16 15:41:16 - [TEST_STEP][PASSED] - println(b6): null

2023-10-16 15:41:16 - [TEST_STEP][PASSED] - b7 = getText(findTestObject("Выполнение бизнес-плана/Выполнение бизнес-плана Балансы/Факт Потери за отчётный период ПАО Россети")): Text of object 'Object Repository/Выполнение бизнес-плана/Выполнение бизнес-плана Балансы/Факт Потери за отчётный период ПАО Россети' is: '47 726 738'

2023-10-16 15:41:17 - [MESSAGE][PASSED] - Text of object 'Object Repository/Выполнение бизнес-плана/Выполнение бизнес-плана Балансы/Факт Потери за отчётный период ПАО Россети' is: '47 726 738'

2023-10-16 15:41:17 - [TEST_STEP][PASSED] - println(b7): null

2023-10-16 15:41:17 - [TEST_STEP][PASSED] - b8 = getText(findTestObject("Выполнение бизнес-плана/Выполнение бизнес-плана Балансы/otkloneniya 3m")): Text of object 'Object Repository/Выполнение бизнес-плана/Выполнение бизнес-плана Балансы/otkloneniya 3m' is: '● Бизнес-план выполнен● ●● Превышение бизнес-плана
Отклонения фактического уровня потерь от бизнес-плана за 3 месяца (нарастающим итогом), п.п.
0.10.1
0.60.6
3.33.3
-0.6-0.6
-0.3-0.3
-0.1-0.1
-0.2-0.2
1.41.4
-0.1-0.1
-0.1-0.1
-0.0-0.0
-0.1-0.1
-0.3-0.3
-0.4-0.4
-0.3-0.3
-0.3-0.3
0.30.3
0.00.0
0.80.8
2.62.6
-0.5-0.5
-0.3-0.3
-0.1-0.1
-0.1-0.1
1.81.8
-0.1-0.1
-0.1-0.1
-0.0-0.0
-0.1-0.1
-0.3-0.3
-0.2-0.2
-0.2-0.2
-0.2-0.2
-0.0-0.0
0.00.0
0.80.8
3.93.9
-0.5-0.5
-0.3-0.3
-0.1-0.1
0.00.0
1.81.8
-0.1-0.1
0.20.2
-0.0-0.0
-0.1-0.1
-0.3-0.3
-0.2-0.2
-0.3-0.3
-0.2-0.2
-0.1-0.1
Россети ФСКЕЭС
АО«Тываэнерго»
АО«Чеченэнерго»
Россети Волга
Россети Кубань
РоссетиЛенэнерго (ГК)
РоссетиМосковскийрегион
РоссетиСеверныйКавказ (ГК)
Россети Севе…
Россети Сибирь(ГК)
Россети Томск
Россети Тюмень
Россети Урал(ГК)
Россети Центр
Россети Центри Приволжье(ГК)
Россети Юг(ГК)
Россети Янтарь
0
-5
5'

2023-10-16 15:41:17 - [MESSAGE][PASSED] - Text of object 'Object Repository/Выполнение бизнес-плана/Выполнение бизнес-плана Балансы/otkloneniya 3m' is: '● Бизнес-план выполнен● ●● Превышение бизнес-плана
Отклонения фактического уровня потерь от бизнес-плана за 3 месяца (нарастающим итогом), п.п.
0.10.1
0.60.6
3.33.3
-0.6-0.6
-0.3-0.3
-0.1-0.1
-0.2-0.2
1.41.4
-0.1-0.1
-0.1-0.1
-0.0-0.0
-0.1-0.1
-0.3-0.3
-0.4-0.4
-0.3-0.3
-0.3-0.3
0.30.3
0.00.0
0.80.8
2.62.6
-0.5-0.5
-0.3-0.3
-0.1-0.1
-0.1-0.1
1.81.8
-0.1-0.1
-0.1-0.1
-0.0-0.0
-0.1-0.1
-0.3-0.3
-0.2-0.2
-0.2-0.2
-0.2-0.2
-0.0-0.0
0.00.0
0.80.8
3.93.9
-0.5-0.5
-0.3-0.3
-0.1-0.1
0.00.0
1.81.8
-0.1-0.1
0.20.2
-0.0-0.0
-0.1-0.1
-0.3-0.3
-0.2-0.2
-0.3-0.3
-0.2-0.2
-0.1-0.1
Россети ФСКЕЭС
АО«Тываэнерго»
АО«Чеченэнерго»
Россети Волга
Россети Кубань
РоссетиЛенэнерго (ГК)
РоссетиМосковскийрегион
РоссетиСеверныйКавказ (ГК)
Россети Севе…
Россети Сибирь(ГК)
Россети Томск
Россети Тюмень
Россети Урал(ГК)
Россети Центр
Россети Центри Приволжье(ГК)
Россети Юг(ГК)
Россети Янтарь
0
-5
5'

2023-10-16 15:41:17 - [TEST_STEP][PASSED] - println(b8): null

2023-10-16 15:41:17 - [TEST_STEP][PASSED] - i = b8.indexOf("п.п.") + 5: null

2023-10-16 15:41:17 - [TEST_STEP][PASSED] - b8 = b8.substring(i, b8.length()): null

2023-10-16 15:41:17 - [TEST_STEP][PASSED] - i = b8.indexOf("Россети ФСКЕЭС"): null

2023-10-16 15:41:17 - [TEST_STEP][PASSED] - b8 = b8.substring(0, i): null

2023-10-16 15:41:17 - [TEST_STEP][PASSED] - b8 = b8.trim(): null

2023-10-16 15:41:17 - [TEST_STEP][PASSED] - println("b8:" + b8): null

2023-10-16 15:41:17 - [TEST_STEP][PASSED] - if (verifyEqual(a, b) == true): Actual object '%
8.40 8.40
8.38 8.38' and expected object '%
8.40 8.40
8.38 8.38' are equal

2023-10-16 15:41:17 - [MESSAGE][PASSED] - Actual object '%
8.40 8.40
8.38 8.38' and expected object '%
8.40 8.40
8.38 8.38' are equal

2023-10-16 15:41:17 - [TEST_STEP][PASSED] - if (verifyEqual(a1, b1) == true): Actual object '433197830305649521046730235453968381025658210117009458594342007349751192110367312658529679806250555988674924851' and expected object '433197830305649521046730235453968381025658210117009458594342007349751192110367312658529679806250555988674924851' are equal

2023-10-16 15:41:17 - [MESSAGE][PASSED] - Actual object '433197830305649521046730235453968381025658210117009458594342007349751192110367312658529679806250555988674924851' and expected object '433197830305649521046730235453968381025658210117009458594342007349751192110367312658529679806250555988674924851' are equal

2023-10-16 15:41:17 - [TEST_STEP][PASSED] - if (verifyEqual(a2, b2) == true): Actual object '394 782 816 490 443 2 229 711 34 374 172 18 238 046 23 960 356 64 226 500 14 612 508 21 496 009 39 739 544 3 341 713 36 327 995 47 677 107 38 827 184 35 389 509 19 511 343 2 868 317
378 357 855 392 022 1 449 926 32 616 212 16 558 695 21 479 077 59 531 316 10 728 534 20 359 328 37 039 348 3 072 276 35 421 365 45 032 260 34 992 129 33 004 218 17 701 103 2 624 213
16 424 961 98 421 779 785 1 757 960 1 679 351 2 481 279 4 695 066 3 883 974 1 136 681 2 700 196 269 437 906 630 2 644 847 3 835 055 2 385 291 1 803 700 244 105' and expected object '394 782 816 490 443 2 229 711 34 374 172 18 238 046 23 960 356 64 226 500 14 612 508 21 496 009 39 739 544 3 341 713 36 327 995 47 677 107 38 827 184 35 389 509 19 511 343 2 868 317
378 357 855 392 022 1 449 926 32 616 212 16 558 695 21 479 077 59 531 316 10 728 534 20 359 328 37 039 348 3 072 276 35 421 365 45 032 260 34 992 129 33 004 218 17 701 103 2 624 213
16 424 961 98 421 779 785 1 757 960 1 679 351 2 481 279 4 695 066 3 883 974 1 136 681 2 700 196 269 437 906 630 2 644 847 3 835 055 2 385 291 1 803 700 244 105' are equal

2023-10-16 15:41:17 - [MESSAGE][PASSED] - Actual object '394 782 816 490 443 2 229 711 34 374 172 18 238 046 23 960 356 64 226 500 14 612 508 21 496 009 39 739 544 3 341 713 36 327 995 47 677 107 38 827 184 35 389 509 19 511 343 2 868 317
378 357 855 392 022 1 449 926 32 616 212 16 558 695 21 479 077 59 531 316 10 728 534 20 359 328 37 039 348 3 072 276 35 421 365 45 032 260 34 992 129 33 004 218 17 701 103 2 624 213
16 424 961 98 421 779 785 1 757 960 1 679 351 2 481 279 4 695 066 3 883 974 1 136 681 2 700 196 269 437 906 630 2 644 847 3 835 055 2 385 291 1 803 700 244 105' and expected object '394 782 816 490 443 2 229 711 34 374 172 18 238 046 23 960 356 64 226 500 14 612 508 21 496 009 39 739 544 3 341 713 36 327 995 47 677 107 38 827 184 35 389 509 19 511 343 2 868 317
378 357 855 392 022 1 449 926 32 616 212 16 558 695 21 479 077 59 531 316 10 728 534 20 359 328 37 039 348 3 072 276 35 421 365 45 032 260 34 992 129 33 004 218 17 701 103 2 624 213
16 424 961 98 421 779 785 1 757 960 1 679 351 2 481 279 4 695 066 3 883 974 1 136 681 2 700 196 269 437 906 630 2 644 847 3 835 055 2 385 291 1 803 700 244 105' are equal

2023-10-16 15:41:17 - [TEST_STEP][PASSED] - if (verifyEqual(a3, b3) == true): Actual object '0.01
0.29
4.68
-0.52
-0.31
-0.11
0.01
3.04
-0.11
-0.03
-0.03
-0.06
-0.27
-0.23
-0.26
-0.20
-0.08
' and expected object '0.01
0.29
4.68
-0.52
-0.31
-0.11
0.01
3.04
-0.11
-0.03
-0.03
-0.06
-0.27
-0.23
-0.26
-0.20
-0.08
' are equal

2023-10-16 15:41:17 - [MESSAGE][PASSED] - Actual object '0.01
0.29
4.68
-0.52
-0.31
-0.11
0.01
3.04
-0.11
-0.03
-0.03
-0.06
-0.27
-0.23
-0.26
-0.20
-0.08
' and expected object '0.01
0.29
4.68
-0.52
-0.31
-0.11
0.01
3.04
-0.11
-0.03
-0.03
-0.06
-0.27
-0.23
-0.26
-0.20
-0.08
' are equal

2023-10-16 15:41:17 - [TEST_STEP][PASSED] - if (verifyEqual(a4, b4) == true): Actual object '00' and expected object '00' are equal

2023-10-16 15:41:17 - [MESSAGE][PASSED] - Actual object '00' and expected object '00' are equal

2023-10-16 15:41:17 - [TEST_STEP][PASSED] - if (verifyEqual(a4, b4) == true): Actual object '00' and expected object '00' are equal

2023-10-16 15:41:17 - [MESSAGE][PASSED] - Actual object '00' and expected object '00' are equal

2023-10-16 15:41:17 - [TEST_STEP][PASSED] - if (verifyEqual(a6, b6) == true): Actual object '521 855 699' and expected object '521 855 699' are equal

2023-10-16 15:41:17 - [MESSAGE][PASSED] - Actual object '521 855 699' and expected object '521 855 699' are equal

2023-10-16 15:41:17 - [TEST_STEP][PASSED] - if (verifyEqual(a7, b7) == true): Actual object '47 726 738' and expected object '47 726 738' are equal

2023-10-16 15:41:17 - [MESSAGE][PASSED] - Actual object '47 726 738' and expected object '47 726 738' are equal

2023-10-16 15:41:17 - [TEST_STEP][PASSED] - if (verifyEqual(a8, b8) == true): Actual object '0.10.1
0.60.6
3.33.3
-0.6-0.6
-0.3-0.3
-0.1-0.1
-0.2-0.2
1.41.4
-0.1-0.1
-0.1-0.1
-0.0-0.0
-0.1-0.1
-0.3-0.3
-0.4-0.4
-0.3-0.3
-0.3-0.3
0.30.3
0.00.0
0.80.8
2.62.6
-0.5-0.5
-0.3-0.3
-0.1-0.1
-0.1-0.1
1.81.8
-0.1-0.1
-0.1-0.1
-0.0-0.0
-0.1-0.1
-0.3-0.3
-0.2-0.2
-0.2-0.2
-0.2-0.2
-0.0-0.0
0.00.0
0.80.8
3.93.9
-0.5-0.5
-0.3-0.3
-0.1-0.1
0.00.0
1.81.8
-0.1-0.1
0.20.2
-0.0-0.0
-0.1-0.1
-0.3-0.3
-0.2-0.2
-0.3-0.3
-0.2-0.2
-0.1-0.1' and expected object '0.10.1
0.60.6
3.33.3
-0.6-0.6
-0.3-0.3
-0.1-0.1
-0.2-0.2
1.41.4
-0.1-0.1
-0.1-0.1
-0.0-0.0
-0.1-0.1
-0.3-0.3
-0.4-0.4
-0.3-0.3
-0.3-0.3
0.30.3
0.00.0
0.80.8
2.62.6
-0.5-0.5
-0.3-0.3
-0.1-0.1
-0.1-0.1
1.81.8
-0.1-0.1
-0.1-0.1
-0.0-0.0
-0.1-0.1
-0.3-0.3
-0.2-0.2
-0.2-0.2
-0.2-0.2
-0.0-0.0
0.00.0
0.80.8
3.93.9
-0.5-0.5
-0.3-0.3
-0.1-0.1
0.00.0
1.81.8
-0.1-0.1
0.20.2
-0.0-0.0
-0.1-0.1
-0.3-0.3
-0.2-0.2
-0.3-0.3
-0.2-0.2
-0.1-0.1' are equal

2023-10-16 15:41:17 - [MESSAGE][PASSED] - Actual object '0.10.1
0.60.6
3.33.3
-0.6-0.6
-0.3-0.3
-0.1-0.1
-0.2-0.2
1.41.4
-0.1-0.1
-0.1-0.1
-0.0-0.0
-0.1-0.1
-0.3-0.3
-0.4-0.4
-0.3-0.3
-0.3-0.3
0.30.3
0.00.0
0.80.8
2.62.6
-0.5-0.5
-0.3-0.3
-0.1-0.1
-0.1-0.1
1.81.8
-0.1-0.1
-0.1-0.1
-0.0-0.0
-0.1-0.1
-0.3-0.3
-0.2-0.2
-0.2-0.2
-0.2-0.2
-0.0-0.0
0.00.0
0.80.8
3.93.9
-0.5-0.5
-0.3-0.3
-0.1-0.1
0.00.0
1.81.8
-0.1-0.1
0.20.2
-0.0-0.0
-0.1-0.1
-0.3-0.3
-0.2-0.2
-0.3-0.3
-0.2-0.2
-0.1-0.1' and expected object '0.10.1
0.60.6
3.33.3
-0.6-0.6
-0.3-0.3
-0.1-0.1
-0.2-0.2
1.41.4
-0.1-0.1
-0.1-0.1
-0.0-0.0
-0.1-0.1
-0.3-0.3
-0.4-0.4
-0.3-0.3
-0.3-0.3
0.30.3
0.00.0
0.80.8
2.62.6
-0.5-0.5
-0.3-0.3
-0.1-0.1
-0.1-0.1
1.81.8
-0.1-0.1
-0.1-0.1
-0.0-0.0
-0.1-0.1
-0.3-0.3
-0.2-0.2
-0.2-0.2
-0.2-0.2
-0.0-0.0
0.00.0
0.80.8
3.93.9
-0.5-0.5
-0.3-0.3
-0.1-0.1
0.00.0
1.81.8
-0.1-0.1
0.20.2
-0.0-0.0
-0.1-0.1
-0.3-0.3
-0.2-0.2
-0.3-0.3
-0.2-0.2
-0.1-0.1' are equal

2023-10-16 15:41:17 - [TEST_STEP][PASSED] - closeBrowser(): Browser is closed

2023-10-16 15:41:18 - [MESSAGE][PASSED] - Browser is closed]]></system-out>
         <system-err><![CDATA[]]></system-err>
      </testcase>
      <testcase name="Test Cases/Сверки дашбордов/Выручка в рублях сверка дашбордов все ДЗО/Выручка в рублях сверка дашбордов ПАО Россети" time="700.886" classname="Test Cases/Сверки дашбордов/Выручка в рублях сверка дашбордов все ДЗО/Выручка в рублях сверка дашбордов ПАО Россети" status="PASSED">
         <system-out><![CDATA[2023-10-16 15:41:18 - [TEST_CASE][PASSED] - Test Cases/Сверки дашбордов/Выручка в рублях сверка дашбордов все ДЗО/Выручка в рублях сверка дашбордов ПАО Россети: Test Cases/Сверки дашбордов/Выручка в рублях сверка дашбордов все ДЗО/Выручка в рублях сверка дашбордов ПАО Россети

2023-10-16 15:41:18 - [TEST_STEP][PASSED] - date = new java.util.Date(): null

2023-10-16 15:41:18 - [TEST_STEP][PASSED] - todaysDate = date.format("dd.MM.yyyy"): null

2023-10-16 15:41:18 - [TEST_STEP][PASSED] - println(todaysDate): null

2023-10-16 15:41:18 - [TEST_STEP][PASSED] - run = 1: null

2023-10-16 15:41:18 - [TEST_STEP][PASSED] - vir = 1: null

2023-10-16 15:41:18 - [TEST_STEP][PASSED] - block = 1: null

2023-10-16 15:41:18 - [TEST_STEP][PASSED] - vidget = <not implemented yet for class: org.codehaus.groovy.ast.expr.EmptyExpression>: null

2023-10-16 15:41:18 - [TEST_STEP][PASSED] - nameOfBlock = <not implemented yet for class: org.codehaus.groovy.ast.expr.EmptyExpression>: null

2023-10-16 15:41:18 - [TEST_STEP][PASSED] - typeOfData = <not implemented yet for class: org.codehaus.groovy.ast.expr.EmptyExpression>: null

2023-10-16 15:41:18 - [TEST_STEP][PASSED] - viruchka = <not implemented yet for class: org.codehaus.groovy.ast.expr.EmptyExpression>: null

2023-10-16 15:41:18 - [TEST_STEP][PASSED] - a = <not implemented yet for class: org.codehaus.groovy.ast.expr.EmptyExpression>: null

2023-10-16 15:41:18 - [TEST_STEP][PASSED] - b = <not implemented yet for class: org.codehaus.groovy.ast.expr.EmptyExpression>: null

2023-10-16 15:41:18 - [TEST_STEP][PASSED] - a1 = <not implemented yet for class: org.codehaus.groovy.ast.expr.EmptyExpression>: null

2023-10-16 15:41:18 - [TEST_STEP][PASSED] - a2 = <not implemented yet for class: org.codehaus.groovy.ast.expr.EmptyExpression>: null

2023-10-16 15:41:18 - [TEST_STEP][PASSED] - a3 = <not implemented yet for class: org.codehaus.groovy.ast.expr.EmptyExpression>: null

2023-10-16 15:41:18 - [TEST_STEP][PASSED] - b1 = <not implemented yet for class: org.codehaus.groovy.ast.expr.EmptyExpression>: null

2023-10-16 15:41:18 - [TEST_STEP][PASSED] - b2 = <not implemented yet for class: org.codehaus.groovy.ast.expr.EmptyExpression>: null

2023-10-16 15:41:18 - [TEST_STEP][PASSED] - b3 = <not implemented yet for class: org.codehaus.groovy.ast.expr.EmptyExpression>: null

2023-10-16 15:41:18 - [TEST_STEP][PASSED] - for ([run = 1, run < 3, (run++)]): null

2023-10-16 15:41:18 - [TEST_STEP][PASSED] - Script1686138349797.ViruchkaChange(run, vir, block, nameOfBlock, typeOfData, viruchka, vidget, todaysDate, a, a1, b1, a2, b, b2, a3, b3): null

2023-10-16 15:41:18 - [TEST_STEP][PASSED] - for ([vir = 1, vir < 4, (vir++)]): null

2023-10-16 15:41:18 - [TEST_STEP][PASSED] - Script1686138349797.Blocks(run, vir, block, nameOfBlock, typeOfData, viruchka, vidget, todaysDate, a, a1, b1, a2, b, b2, a3, b3): null

2023-10-16 15:41:18 - [TEST_STEP][PASSED] - for ([block = 1, block < 3, (block++)]): null

2023-10-16 15:41:18 - [TEST_STEP][PASSED] - c = <not implemented yet for class: org.codehaus.groovy.ast.expr.EmptyExpression>: null

2023-10-16 15:41:18 - [TEST_STEP][PASSED] - if (block == 1): null

2023-10-16 15:41:18 - [TEST_STEP][PASSED] - nameOfBlock = "": null

2023-10-16 15:41:18 - [TEST_STEP][PASSED] - Script1686138349797.PreSettings(run, vir, block, nameOfBlock, typeOfData, todaysDate, a1, b1, a2, b2, a3, b3): null

2023-10-16 15:41:18 - [TEST_STEP][PASSED] - openBrowser(""): Browser is opened with url: ''

2023-10-16 15:41:18 - [MESSAGE][INFO] - Starting 'Chrome' driver

2023-10-16 15:41:18 - [MESSAGE][INFO] - Action delay is set to 0 milliseconds

2023-10-16 15:41:20 - [MESSAGE][PASSED] - Browser is opened with url: ''

2023-10-16 15:41:20 - [TEST_STEP][PASSED] - println("run:" + run): null

2023-10-16 15:41:20 - [TEST_STEP][PASSED] - println("vir:" + vir): null

2023-10-16 15:41:20 - [TEST_STEP][PASSED] - println("block:" + block): null

2023-10-16 15:41:20 - [TEST_STEP][PASSED] - if (block == 1): null

2023-10-16 15:41:20 - [TEST_STEP][PASSED] - nameOfBlock = "": null

2023-10-16 15:41:20 - [TEST_STEP][PASSED] - println("nameOfBlock:" + nameOfBlock): null

2023-10-16 15:41:20 - [TEST_STEP][PASSED] - println("typeOfData:" + typeOfData): null

2023-10-16 15:41:20 - [TEST_STEP][PASSED] - println("todaysDate:" + todaysDate): null

2023-10-16 15:41:20 - [TEST_STEP][PASSED] - Script1686138349797.Autorization(block, nameOfBlock): null

2023-10-16 15:41:20 - [TEST_STEP][PASSED] - println("block:" + block): null

2023-10-16 15:41:20 - [TEST_STEP][PASSED] - if (block == 1): null

2023-10-16 15:41:20 - [TEST_STEP][PASSED] - nameOfBlock = "": null

2023-10-16 15:41:20 - [TEST_STEP][PASSED] - println("nameOfBlock:" + nameOfBlock): null

2023-10-16 15:41:20 - [TEST_STEP][PASSED] - if (block == 1): Navigate to 'https://bi.rosseti.digital/viewer?dashboardGuid=2301950b23be4ed89c1df75f2020051e&sheetGuid=b723206f698544fb87299f3095c00435&fit=true' successfully

2023-10-16 15:41:20 - [TEST_STEP][PASSED] - navigateToUrl(findTestData("PlanFact").getValue(10, 2)): Navigate to 'https://bi.rosseti.digital/viewer?dashboardGuid=2301950b23be4ed89c1df75f2020051e&sheetGuid=b723206f698544fb87299f3095c00435&fit=true' successfully

2023-10-16 15:41:24 - [MESSAGE][PASSED] - Navigate to 'https://bi.rosseti.digital/viewer?dashboardGuid=2301950b23be4ed89c1df75f2020051e&sheetGuid=b723206f698544fb87299f3095c00435&fit=true' successfully

2023-10-16 15:41:24 - [TEST_STEP][PASSED] - if (verifyElementPresent(findTestObject("Страница авторизации/button_"), 30) == true): null

2023-10-16 15:41:25 - [MESSAGE][PASSED] - Object 'Object Repository/Страница авторизации/button_' is present

2023-10-16 15:41:25 - [TEST_STEP][PASSED] - setText(findTestObject("Страница авторизации/input__username"), findTestData("PlanFact").getValue(8, 1)): Text 'liazgina-di' is set on object 'Object Repository/Страница авторизации/input__username'

2023-10-16 15:41:26 - [MESSAGE][PASSED] - Text 'liazgina-di' is set on object 'Object Repository/Страница авторизации/input__username'

2023-10-16 15:41:26 - [TEST_STEP][PASSED] - setText(findTestObject("Страница авторизации/input__password"), findTestData("PlanFact").getValue(9, 1)): Text 'Vn9AmwC88opu7pTtOO' is set on object 'Object Repository/Страница авторизации/input__password'

2023-10-16 15:41:27 - [MESSAGE][PASSED] - Text 'Vn9AmwC88opu7pTtOO' is set on object 'Object Repository/Страница авторизации/input__password'

2023-10-16 15:41:27 - [TEST_STEP][PASSED] - click(findTestObject("Страница авторизации/button_")): Object: 'Object Repository/Страница авторизации/button_' is clicked on

2023-10-16 15:41:28 - [MESSAGE][PASSED] - Object: 'Object Repository/Страница авторизации/button_' is clicked on

2023-10-16 15:41:28 - [TEST_STEP][PASSED] - delay(30): Delayed 30 second(s)

2023-10-16 15:41:58 - [MESSAGE][PASSED] - Delayed 30 second(s)

2023-10-16 15:41:58 - [TEST_STEP][PASSED] - if (block == 2): null

2023-10-16 15:41:58 - [TEST_STEP][PASSED] - click(findTestObject("Выручка в рублях/Фильтр Период" + nameOfBlock)): Object: 'Object Repository/Выручка в рублях/Фильтр Период' is clicked on

2023-10-16 15:41:58 - [MESSAGE][PASSED] - Object: 'Object Repository/Выручка в рублях/Фильтр Период' is clicked on

2023-10-16 15:41:58 - [TEST_STEP][PASSED] - click(findTestObject("Выручка в рублях/Снять выделение в фильтре Дата" + nameOfBlock)): Object: 'Object Repository/Выручка в рублях/Снять выделение в фильтре Дата' is clicked on

2023-10-16 15:41:59 - [MESSAGE][PASSED] - Object: 'Object Repository/Выручка в рублях/Снять выделение в фильтре Дата' is clicked on

2023-10-16 15:41:59 - [TEST_STEP][PASSED] - click(findTestObject("Выручка в рублях/Применить в фильтре Дата" + nameOfBlock)): Object: 'Object Repository/Выручка в рублях/Применить в фильтре Дата' is clicked on

2023-10-16 15:42:00 - [MESSAGE][PASSED] - Object: 'Object Repository/Выручка в рублях/Применить в фильтре Дата' is clicked on

2023-10-16 15:42:00 - [TEST_STEP][PASSED] - click(findTestObject("Выручка в рублях/Фильтр Период" + nameOfBlock)): Object: 'Object Repository/Выручка в рублях/Фильтр Период' is clicked on

2023-10-16 15:42:01 - [MESSAGE][PASSED] - Object: 'Object Repository/Выручка в рублях/Фильтр Период' is clicked on

2023-10-16 15:42:01 - [TEST_STEP][PASSED] - click(findTestObject("Выручка в рублях/Снять выделение в фильтре Дата" + nameOfBlock)): Object: 'Object Repository/Выручка в рублях/Снять выделение в фильтре Дата' is clicked on

2023-10-16 15:42:02 - [MESSAGE][PASSED] - Object: 'Object Repository/Выручка в рублях/Снять выделение в фильтре Дата' is clicked on

2023-10-16 15:42:02 - [TEST_STEP][PASSED] - scrollToElement(findTestObject("Выручка в рублях/2023 список" + nameOfBlock), 30): Scroll to object 'Object Repository/Выручка в рублях/2023 список' successfully

2023-10-16 15:42:02 - [MESSAGE][PASSED] - Scroll to object 'Object Repository/Выручка в рублях/2023 список' successfully

2023-10-16 15:42:02 - [TEST_STEP][PASSED] - click(findTestObject("Выручка в рублях/2023 список" + nameOfBlock)): Object: 'Object Repository/Выручка в рублях/2023 список' is clicked on

2023-10-16 15:42:02 - [MESSAGE][PASSED] - Object: 'Object Repository/Выручка в рублях/2023 список' is clicked on

[...]

2023-10-16 15:58:37 - [MESSAGE][PASSED] - Actual object '20232023233322333255031550311174311743942994291063106331509315093707637076521452142986329863825825788788188351883520232022024094084094089573395733613256132521200212002785278527000270006938569385200289200289643126431225566625566630012330012320231212186186363650501010191900171785851919828260460410101911913737494910101515441717828219198282605605202355285285727272721818222200505020120161611901902272276632632682827979202022223357572212216767216216257257' and expected object '20232023233322333255031550311174311743942994291063106331509315093707637076521452142986329863825825788788188351883520232022024094084094089573395733613256132521200212002785278527000270006938569385200289200289643126431225566625566630012330012320231212186186363650501010191900171785851919828260460410101911913737494910101515441717828219198282605605202355285285727272721818222200505020120161611901902272276632632682827979202022223357572212216767216216257257' are equal

2023-10-16 15:58:37 - [TEST_STEP][PASSED] - if (verifyEqual(a8, b8) == true): Actual object '202320235619561916347163471107110741464146164016402380238030953095376037607619761918691869137281372830172301722023393839387560875608946946125971259723931239317200720044684468315631562565256548434843265262652610517310517320231010190190373749491010151544171783831919838360260210101911913737494910101515441717828219198282605605202355319319828280801717222222565622122167672192192462466632632682827979202022223357572212216767216216257257' and expected object '202320235619561916347163471107110741464146164016402380238030953095376037607619761918691869137281372830172301722023393839387560875608946946125971259723931239317200720044684468315631562565256548434843265262652610517310517320231010190190373749491010151544171783831919838360260210101911913737494910101515441717828219198282605605202355319319828280801717222222565622122167672192192462466632632682827979202022223357572212216767216216257257' are equal

2023-10-16 15:58:37 - [MESSAGE][PASSED] - Actual object '202320235619561916347163471107110741464146164016402380238030953095376037607619761918691869137281372830172301722023393839387560875608946946125971259723931239317200720044684468315631562565256548434843265262652610517310517320231010190190373749491010151544171783831919838360260210101911913737494910101515441717828219198282605605202355319319828280801717222222565622122167672192192462466632632682827979202022223357572212216767216216257257' and expected object '202320235619561916347163471107110741464146164016402380238030953095376037607619761918691869137281372830172301722023393839387560875608946946125971259723931239317200720044684468315631562565256548434843265262652610517310517320231010190190373749491010151544171783831919838360260210101911913737494910101515441717828219198282605605202355319319828280801717222222565622122167672192192462466632632682827979202022223357572212216767216216257257' are equal

2023-10-16 15:58:37 - [TEST_STEP][PASSED] - if (verifyEqual(a9, b9) == true): Actual object '2023202317371737584475844757075707349081349081106481064810520105208938934408440854895548956565930930103948103948202320231010186186363614149914144417178787191982825955951010191191373749491010151544171782821919828260560520236632632682827979202022223357572212216767216216257257' and expected object '2023202317371737584475844757075707349081349081106481064810520105208938934408440854895548956565930930103948103948202320231010186186363614149914144417178787191982825955951010191191373749491010151544171782821919828260560520236632632682827979202022223357572212216767216216257257' are equal

2023-10-16 15:58:37 - [MESSAGE][PASSED] - Actual object '2023202317371737584475844757075707349081349081106481064810520105208938934408440854895548956565930930103948103948202320231010186186363614149914144417178787191982825955951010191191373749491010151544171782821919828260560520236632632682827979202022223357572212216767216216257257' and expected object '2023202317371737584475844757075707349081349081106481064810520105208938934408440854895548956565930930103948103948202320231010186186363614149914144417178787191982825955951010191191373749491010151544171782821919828260560520236632632682827979202022223357572212216767216216257257' are equal

2023-10-16 15:58:37 - [TEST_STEP][PASSED] - if (verifyEqual(a10, b10) == true): Actual object '202320230000337733772567256715998159981690169010481104816781678144704470101231012318991899410941098348342023202202409408409408957339573361325613252120021200278527852700027000693856938520028920028964312643122556662556663001233001232023001201203838414188101000191977772525122122616100119119393940408899112020787825251231236161202355285285727272721818222200505020120161611901902272276632632682827979202022223357572212216767216216257257' and expected object '202320230000337733772567256715998159981690169010481104816781678144704470101231012318991899410941098348342023202202409408409408957339573361325613252120021200278527852700027000693856938520028920028964312643122556662556663001233001232023001201203838414188101000191977772525122122616100119119393940408899112020787825251231236161202355285285727272721818222200505020120161611901902272276632632682827979202022223357572212216767216216257257' are equal

2023-10-16 15:58:37 - [MESSAGE][PASSED] - Actual object '202320230000337733772567256715998159981690169010481104816781678144704470101231012318991899410941098348342023202202409408409408957339573361325613252120021200278527852700027000693856938520028920028964312643122556662556663001233001232023001201203838414188101000191977772525122122616100119119393940408899112020787825251231236161202355285285727272721818222200505020120161611901902272276632632682827979202022223357572212216767216216257257' and expected object '202320230000337733772567256715998159981690169010481104816781678144704470101231012318991899410941098348342023202202409408409408957339573361325613252120021200278527852700027000693856938520028920028964312643122556662556663001233001232023001201203838414188101000191977772525122122616100119119393940408899112020787825251231236161202355285285727272721818222200505020120161611901902272276632632682827979202022223357572212216767216216257257' are equal

2023-10-16 15:58:37 - [TEST_STEP][PASSED] - if (verifyEqual(a11, b11) == true): Actual object '202320230000487448746276627613898138983539353947047086286268768770237023251725171334213342468246822023393839387560875608946946125971259723931239317200720044684468315631562565256548434843265262652610517310517320230011911938384141889911191977772525124124616100119119393940408899112020787825251231236161202355319319828280801717222222565622122167672192192462466632632682827979202022223357572212216767216216257257' and expected object '202320230000487448746276627613898138983539353947047086286268768770237023251725171334213342468246822023393839387560875608946946125971259723931239317200720044684468315631562565256548434843265262652610517310517320230011911938384141889911191977772525124124616100119119393940408899112020787825251231236161202355319319828280801717222222565622122167672192192462466632632682827979202022223357572212216767216216257257' are equal

2023-10-16 15:58:37 - [MESSAGE][PASSED] - Actual object '202320230000487448746276627613898138983539353947047086286268768770237023251725171334213342468246822023393839387560875608946946125971259723931239317200720044684468315631562565256548434843265262652610517310517320230011911938384141889911191977772525124124616100119119393940408899112020787825251231236161202355319319828280801717222222565622122167672192192462466632632682827979202022223357572212216767216216257257' and expected object '202320230000487448746276627613898138983539353947047086286268768770237023251725171334213342468246822023393839387560875608946946125971259723931239317200720044684468315631562565256548434843265262652610517310517320230011911938384141889911191977772525124124616100119119393940408899112020787825251231236161202355319319828280801717222222565622122167672192192462466632632682827979202022223357572212216767216216257257' are equal

2023-10-16 15:58:37 - [TEST_STEP][PASSED] - if (verifyEqual(a12, b12) == true): Actual object '20232023000011933831193383385710385710398936398936821528215290073900737950795019535519535578102078102025241925241912276091227609606269606269202320230000000000000000000000000011911939394040889911202078782525123123616120236632632682827979202022223357572212216767216216257257' and expected object '20232023000011933831193383385710385710398936398936821528215290073900737950795019535519535578102078102025241925241912276091227609606269606269202320230000000000000000000000000011911939394040889911202078782525123123616120236632632682827979202022223357572212216767216216257257' are equal

2023-10-16 15:58:37 - [MESSAGE][PASSED] - Actual object '20232023000011933831193383385710385710398936398936821528215290073900737950795019535519535578102078102025241925241912276091227609606269606269202320230000000000000000000000000011911939394040889911202078782525123123616120236632632682827979202022223357572212216767216216257257' and expected object '20232023000011933831193383385710385710398936398936821528215290073900737950795019535519535578102078102025241925241912276091227609606269606269202320230000000000000000000000000011911939394040889911202078782525123123616120236632632682827979202022223357572212216767216216257257' are equal

2023-10-16 15:58:37 - [TEST_STEP][PASSED] - closeBrowser(): Browser is closed

2023-10-16 15:58:37 - [MESSAGE][PASSED] - Browser is closed]]></system-out>
         <system-err><![CDATA[]]></system-err>
      </testcase>
      <system-out><![CDATA[2023-10-16 15:35:44 - [TEST_SUITE][FAILED] - Сверка дашбордов из разных блоков: Test Cases/Сверки дашбордов/Факторный анализ сверка дашбордов FAILED.
Reason:
com.kms.katalon.core.exception.StepFailedException: Unable to verify equal between actual object '3 990' and expected object '5 947' (Root cause: com.kms.katalon.core.exception.StepFailedException: Actual object '3 990' and expected object '5 947' are not equal
	at com.kms.katalon.core.keyword.builtin.VerifyEqualKeyword$_verifyEqual_closure1.doCall(VerifyEqualKeyword.groovy:58)
	at com.kms.katalon.core.keyword.builtin.VerifyEqualKeyword$_verifyEqual_closure1.call(VerifyEqualKeyword.groovy)
	at com.kms.katalon.core.keyword.internal.KeywordMain.runKeyword(KeywordMain.groovy:74)
	at com.kms.katalon.core.keyword.builtin.VerifyEqualKeyword.verifyEqual(VerifyEqualKeyword.groovy:63)
	at com.kms.katalon.core.keyword.builtin.VerifyEqualKeyword.execute(VerifyEqualKeyword.groovy:44)
	at com.kms.katalon.core.keyword.internal.KeywordExecutor.executeKeywordForPlatform(KeywordExecutor.groovy:74)
	at com.kms.katalon.core.keyword.BuiltinKeywords.verifyEqual(BuiltinKeywords.groovy:141)
	at Факторный анализ сверка дашбордов.Test(Факторный анализ сверка дашбордов:171)
	at Script1679642223747$Test.callStatic(Unknown Source)
	at Факторный анализ сверка дашбордов.run(Факторный анализ сверка дашбордов:36)
	at com.kms.katalon.core.main.ScriptEngine.run(ScriptEngine.java:194)
	at com.kms.katalon.core.main.ScriptEngine.runScriptAsRawText(ScriptEngine.java:119)
	at com.kms.katalon.core.main.TestCaseExecutor.runScript(TestCaseExecutor.java:448)
	at com.kms.katalon.core.main.TestCaseExecutor.doExecute(TestCaseExecutor.java:439)
	at com.kms.katalon.core.main.TestCaseExecutor.processExecutionPhase(TestCaseExecutor.java:418)
	at com.kms.katalon.core.main.TestCaseExecutor.accessMainPhase(TestCaseExecutor.java:410)
	at com.kms.katalon.core.main.TestCaseExecutor.execute(TestCaseExecutor.java:285)
	at com.kms.katalon.core.common.CommonExecutor.accessTestCaseMainPhase(CommonExecutor.java:65)
	at com.kms.katalon.core.main.TestSuiteExecutor.accessTestSuiteMainPhase(TestSuiteExecutor.java:151)
	at com.kms.katalon.core.main.TestSuiteExecutor.execute(TestSuiteExecutor.java:106)
	at com.kms.katalon.core.main.TestCaseMain.startTestSuite(TestCaseMain.java:185)
	at com.kms.katalon.core.main.TestCaseMain$startTestSuite$0.call(Unknown Source)
	at TempTestSuite1697459738986.run(TempTestSuite1697459738986.groovy:36)
)
	at com.kms.katalon.core.keyword.internal.KeywordMain.stepFailed(KeywordMain.groovy:39)
	at com.kms.katalon.core.keyword.internal.KeywordMain.stepFailed(KeywordMain.groovy)
	at com.kms.katalon.core.keyword.internal.KeywordMain.runKeyword(KeywordMain.groovy:76)
	at com.kms.katalon.core.keyword.builtin.VerifyEqualKeyword.verifyEqual(VerifyEqualKeyword.groovy:63)
	at com.kms.katalon.core.keyword.builtin.VerifyEqualKeyword.execute(VerifyEqualKeyword.groovy:44)
	at com.kms.katalon.core.keyword.internal.KeywordExecutor.executeKeywordForPlatform(KeywordExecutor.groovy:74)
	at com.kms.katalon.core.keyword.BuiltinKeywords.verifyEqual(BuiltinKeywords.groovy:141)
	at Факторный анализ сверка дашбордов.Test(Факторный анализ сверка дашбордов:171)
	at Script1679642223747$Test.callStatic(Unknown Source)
	at Факторный анализ сверка дашбордов.run(Факторный анализ сверка дашбордов:36)
	at com.kms.katalon.core.main.ScriptEngine.run(ScriptEngine.java:194)
	at com.kms.katalon.core.main.ScriptEngine.runScriptAsRawText(ScriptEngine.java:119)
	at com.kms.katalon.core.main.TestCaseExecutor.runScript(TestCaseExecutor.java:448)
	at com.kms.katalon.core.main.TestCaseExecutor.doExecute(TestCaseExecutor.java:439)
	at com.kms.katalon.core.main.TestCaseExecutor.processExecutionPhase(TestCaseExecutor.java:418)
	at com.kms.katalon.core.main.TestCaseExecutor.accessMainPhase(TestCaseExecutor.java:410)
	at com.kms.katalon.core.main.TestCaseExecutor.execute(TestCaseExecutor.java:285)
	at com.kms.katalon.core.common.CommonExecutor.accessTestCaseMainPhase(CommonExecutor.java:65)
	at com.kms.katalon.core.main.TestSuiteExecutor.accessTestSuiteMainPhase(TestSuiteExecutor.java:151)
	at com.kms.katalon.core.main.TestSuiteExecutor.execute(TestSuiteExecutor.java:106)
	at com.kms.katalon.core.main.TestCaseMain.startTestSuite(TestCaseMain.java:185)
	at com.kms.katalon.core.main.TestCaseMain$startTestSuite$0.call(Unknown Source)
	at TempTestSuite1697459738986.run(TempTestSuite1697459738986.groovy:36)
Caused by: com.kms.katalon.core.exception.StepFailedException: Actual object '3 990' and expected object '5 947' are not equal
	at com.kms.katalon.core.keyword.builtin.VerifyEqualKeyword$_verifyEqual_closure1.doCall(VerifyEqualKeyword.groovy:58)
	at com.kms.katalon.core.keyword.builtin.VerifyEqualKeyword$_verifyEqual_closure1.call(VerifyEqualKeyword.groovy)
	at com.kms.katalon.core.keyword.internal.KeywordMain.runKeyword(KeywordMain.groovy:74)
	... 20 more]]></system-out>
      <system-err><![CDATA[2023-10-16 15:35:44 - [TEST_SUITE][FAILED] - Сверка дашбордов из разных блоков: Test Cases/Сверки дашбордов/Факторный анализ сверка дашбордов FAILED.
Reason:
com.kms.katalon.core.exception.StepFailedException: Unable to verify equal between actual object '3 990' and expected object '5 947' (Root cause: com.kms.katalon.core.exception.StepFailedException: Actual object '3 990' and expected object '5 947' are not equal
	at com.kms.katalon.core.keyword.builtin.VerifyEqualKeyword$_verifyEqual_closure1.doCall(VerifyEqualKeyword.groovy:58)
	at com.kms.katalon.core.keyword.builtin.VerifyEqualKeyword$_verifyEqual_closure1.call(VerifyEqualKeyword.groovy)
	at com.kms.katalon.core.keyword.internal.KeywordMain.runKeyword(KeywordMain.groovy:74)
	at com.kms.katalon.core.keyword.builtin.VerifyEqualKeyword.verifyEqual(VerifyEqualKeyword.groovy:63)
	at com.kms.katalon.core.keyword.builtin.VerifyEqualKeyword.execute(VerifyEqualKeyword.groovy:44)
	at com.kms.katalon.core.keyword.internal.KeywordExecutor.executeKeywordForPlatform(KeywordExecutor.groovy:74)
	at com.kms.katalon.core.keyword.BuiltinKeywords.verifyEqual(BuiltinKeywords.groovy:141)
	at Факторный анализ сверка дашбордов.Test(Факторный анализ сверка дашбордов:171)
	at Script1679642223747$Test.callStatic(Unknown Source)
	at Факторный анализ сверка дашбордов.run(Факторный анализ сверка дашбордов:36)
	at com.kms.katalon.core.main.ScriptEngine.run(ScriptEngine.java:194)
	at com.kms.katalon.core.main.ScriptEngine.runScriptAsRawText(ScriptEngine.java:119)
	at com.kms.katalon.core.main.TestCaseExecutor.runScript(TestCaseExecutor.java:448)
	at com.kms.katalon.core.main.TestCaseExecutor.doExecute(TestCaseExecutor.java:439)
	at com.kms.katalon.core.main.TestCaseExecutor.processExecutionPhase(TestCaseExecutor.java:418)
	at com.kms.katalon.core.main.TestCaseExecutor.accessMainPhase(TestCaseExecutor.java:410)
	at com.kms.katalon.core.main.TestCaseExecutor.execute(TestCaseExecutor.java:285)
	at com.kms.katalon.core.common.CommonExecutor.accessTestCaseMainPhase(CommonExecutor.java:65)
	at com.kms.katalon.core.main.TestSuiteExecutor.accessTestSuiteMainPhase(TestSuiteExecutor.java:151)
	at com.kms.katalon.core.main.TestSuiteExecutor.execute(TestSuiteExecutor.java:106)
	at com.kms.katalon.core.main.TestCaseMain.startTestSuite(TestCaseMain.java:185)
	at com.kms.katalon.core.main.TestCaseMain$startTestSuite$0.call(Unknown Source)
	at TempTestSuite1697459738986.run(TempTestSuite1697459738986.groovy:36)
)
	at com.kms.katalon.core.keyword.internal.KeywordMain.stepFailed(KeywordMain.groovy:39)
	at com.kms.katalon.core.keyword.internal.KeywordMain.stepFailed(KeywordMain.groovy)
	at com.kms.katalon.core.keyword.internal.KeywordMain.runKeyword(KeywordMain.groovy:76)
	at com.kms.katalon.core.keyword.builtin.VerifyEqualKeyword.verifyEqual(VerifyEqualKeyword.groovy:63)
	at com.kms.katalon.core.keyword.builtin.VerifyEqualKeyword.execute(VerifyEqualKeyword.groovy:44)
	at com.kms.katalon.core.keyword.internal.KeywordExecutor.executeKeywordForPlatform(KeywordExecutor.groovy:74)
	at com.kms.katalon.core.keyword.BuiltinKeywords.verifyEqual(BuiltinKeywords.groovy:141)
	at Факторный анализ сверка дашбордов.Test(Факторный анализ сверка дашбордов:171)
	at Script1679642223747$Test.callStatic(Unknown Source)
	at Факторный анализ сверка дашбордов.run(Факторный анализ сверка дашбордов:36)
	at com.kms.katalon.core.main.ScriptEngine.run(ScriptEngine.java:194)
	at com.kms.katalon.core.main.ScriptEngine.runScriptAsRawText(ScriptEngine.java:119)
	at com.kms.katalon.core.main.TestCaseExecutor.runScript(TestCaseExecutor.java:448)
	at com.kms.katalon.core.main.TestCaseExecutor.doExecute(TestCaseExecutor.java:439)
	at com.kms.katalon.core.main.TestCaseExecutor.processExecutionPhase(TestCaseExecutor.java:418)
	at com.kms.katalon.core.main.TestCaseExecutor.accessMainPhase(TestCaseExecutor.java:410)
	at com.kms.katalon.core.main.TestCaseExecutor.execute(TestCaseExecutor.java:285)
	at com.kms.katalon.core.common.CommonExecutor.accessTestCaseMainPhase(CommonExecutor.java:65)
	at com.kms.katalon.core.main.TestSuiteExecutor.accessTestSuiteMainPhase(TestSuiteExecutor.java:151)
	at com.kms.katalon.core.main.TestSuiteExecutor.execute(TestSuiteExecutor.java:106)
	at com.kms.katalon.core.main.TestCaseMain.startTestSuite(TestCaseMain.java:185)
	at com.kms.katalon.core.main.TestCaseMain$startTestSuite$0.call(Unknown Source)
	at TempTestSuite1697459738986.run(TempTestSuite1697459738986.groovy:36)
Caused by: com.kms.katalon.core.exception.StepFailedException: Actual object '3 990' and expected object '5 947' are not equal
	at com.kms.katalon.core.keyword.builtin.VerifyEqualKeyword$_verifyEqual_closure1.doCall(VerifyEqualKeyword.groovy:58)
	at com.kms.katalon.core.keyword.builtin.VerifyEqualKeyword$_verifyEqual_closure1.call(VerifyEqualKeyword.groovy)
	at com.kms.katalon.core.keyword.internal.KeywordMain.runKeyword(KeywordMain.groovy:74)
	... 20 more]]></system-err>
   </testsuite>
</testsuites>
